CRITICAL - 2023-09-10 22:04:36 --> The namespace delimiter is a backslash (\), not a slash (/). Route handler: \App\Controllers\User\Berita:detailBerita/$1
in SYSTEMPATH\Router\Router.php on line 466.
 1 SYSTEMPATH\Router\Router.php(466): CodeIgniter\Router\Exceptions\RouterException::forInvalidControllerName()
 2 SYSTEMPATH\Router\Router.php(181): CodeIgniter\Router\Router->checkRoutes()
 3 SYSTEMPATH\CodeIgniter.php(782): CodeIgniter\Router\Router->handle()
 4 SYSTEMPATH\CodeIgniter.php(406): CodeIgniter\CodeIgniter->tryToRouteIt()
 5 SYSTEMPATH\CodeIgniter.php(340): CodeIgniter\CodeIgniter->handleRequest()
 6 FCPATH\index.php(67): CodeIgniter\CodeIgniter->run()
 7 SYSTEMPATH\Commands\Server\rewrite.php(43): require_once('FCPATH\\index.php')
CRITICAL - 2023-09-10 22:05:06 --> Too few arguments to function App\Controllers\User\Berita::detailBerita(), 0 passed in C:\xampp\htdocs\Web Pengabdian\websitedesa\vendor\codeigniter4\framework\system\CodeIgniter.php on line 907 and exactly 1 expected
in APPPATH\Controllers\User\Berita.php on line 33.
 1 SYSTEMPATH\CodeIgniter.php(907): App\Controllers\User\Berita->detailBerita()
 2 SYSTEMPATH\CodeIgniter.php(457): CodeIgniter\CodeIgniter->runController()
 3 SYSTEMPATH\CodeIgniter.php(340): CodeIgniter\CodeIgniter->handleRequest()
 4 FCPATH\index.php(67): CodeIgniter\CodeIgniter->run()
 5 SYSTEMPATH\Commands\Server\rewrite.php(43): require_once('FCPATH\\index.php')
CRITICAL - 2023-09-10 22:05:23 --> Undefined property: App\Controllers\User\Berita::$m_post
in APPPATH\Controllers\User\Berita.php on line 36.
 1 APPPATH\Controllers\User\Berita.php(36): CodeIgniter\Debug\Exceptions->errorHandler()
 2 SYSTEMPATH\CodeIgniter.php(907): App\Controllers\User\Berita->detailBerita()
 3 SYSTEMPATH\CodeIgniter.php(457): CodeIgniter\CodeIgniter->runController()
 4 SYSTEMPATH\CodeIgniter.php(340): CodeIgniter\CodeIgniter->handleRequest()
 5 FCPATH\index.php(67): CodeIgniter\CodeIgniter->run()
 6 SYSTEMPATH\Commands\Server\rewrite.php(43): require_once('FCPATH\\index.php')
CRITICAL - 2023-09-10 22:14:47 --> syntax error, unexpected '*'
in APPPATH\Models\PostsModel.php on line 146.
 1 SYSTEMPATH\Autoloader\Autoloader.php(259): CodeIgniter\Autoloader\Autoloader->includeFile()
 2 SYSTEMPATH\Autoloader\Autoloader.php(237): CodeIgniter\Autoloader\Autoloader->loadInNamespace()
 3 [internal function]: CodeIgniter\Autoloader\Autoloader->loadClass()
 4 APPPATH\Controllers\User\Berita.php(10): spl_autoload_call()
 5 SYSTEMPATH\CodeIgniter.php(869): App\Controllers\User\Berita->__construct()
 6 SYSTEMPATH\CodeIgniter.php(448): CodeIgniter\CodeIgniter->createController()
 7 SYSTEMPATH\CodeIgniter.php(340): CodeIgniter\CodeIgniter->handleRequest()
 8 FCPATH\index.php(67): CodeIgniter\CodeIgniter->run()
 9 SYSTEMPATH\Commands\Server\rewrite.php(43): require_once('FCPATH\\index.php')
