CRITICAL - 2023-09-19 05:21:41 --> Invalid file: App\Views\Pager\paginationbutto.php
in SYSTEMPATH\Exceptions\FrameworkException.php on line 33.
 1 SYSTEMPATH\View\View.php(201): CodeIgniter\Exceptions\FrameworkException::forInvalidFile()
 2 SYSTEMPATH\Pager\Pager.php(126): CodeIgniter\View\View->render()
 3 SYSTEMPATH\Pager\Pager.php(83): CodeIgniter\Pager\Pager->displayLinks()
 4 APPPATH\Views\user\v_user_berita.php(34): CodeIgniter\Pager\Pager->links()
 5 SYSTEMPATH\View\View.php(213): include('APPPATH\\Views\\user\\v_user_berita.php')
 6 SYSTEMPATH\View\View.php(216): CodeIgniter\View\View->CodeIgniter\View\{closure}()
 7 SYSTEMPATH\Common.php(1142): CodeIgniter\View\View->render()
 8 APPPATH\Controllers\User\Berita.php(49): view()
 9 SYSTEMPATH\CodeIgniter.php(907): App\Controllers\User\Berita->index()
10 SYSTEMPATH\CodeIgniter.php(457): CodeIgniter\CodeIgniter->runController()
11 SYSTEMPATH\CodeIgniter.php(340): CodeIgniter\CodeIgniter->handleRequest()
12 FCPATH\index.php(67): CodeIgniter\CodeIgniter->run()
13 SYSTEMPATH\Commands\Server\rewrite.php(43): require_once('FCPATH\\index.php')
CRITICAL - 2023-09-19 05:21:41 --> Invalid file: App\Views\Pager\paginationbutto.php
in SYSTEMPATH\Exceptions\FrameworkException.php on line 33.
 1 SYSTEMPATH\View\View.php(201): CodeIgniter\Exceptions\FrameworkException::forInvalidFile()
 2 SYSTEMPATH\Pager\Pager.php(126): CodeIgniter\View\View->render()
 3 SYSTEMPATH\Pager\Pager.php(83): CodeIgniter\Pager\Pager->displayLinks()
 4 APPPATH\Views\user\v_user_berita.php(34): CodeIgniter\Pager\Pager->links()
 5 SYSTEMPATH\View\View.php(213): include('APPPATH\\Views\\user\\v_user_berita.php')
 6 SYSTEMPATH\View\View.php(216): CodeIgniter\View\View->CodeIgniter\View\{closure}()
 7 SYSTEMPATH\Common.php(1142): CodeIgniter\View\View->render()
 8 APPPATH\Controllers\User\Berita.php(49): view()
 9 SYSTEMPATH\CodeIgniter.php(907): App\Controllers\User\Berita->index()
10 SYSTEMPATH\CodeIgniter.php(457): CodeIgniter\CodeIgniter->runController()
11 SYSTEMPATH\CodeIgniter.php(340): CodeIgniter\CodeIgniter->handleRequest()
12 FCPATH\index.php(67): CodeIgniter\CodeIgniter->run()
13 SYSTEMPATH\Commands\Server\rewrite.php(43): require_once('FCPATH\\index.php')
CRITICAL - 2023-09-19 05:21:55 --> Invalid file: app\views\pager\paginationbutton.php
in SYSTEMPATH\Exceptions\FrameworkException.php on line 33.
 1 SYSTEMPATH\View\View.php(201): CodeIgniter\Exceptions\FrameworkException::forInvalidFile()
 2 SYSTEMPATH\Pager\Pager.php(126): CodeIgniter\View\View->render()
 3 SYSTEMPATH\Pager\Pager.php(83): CodeIgniter\Pager\Pager->displayLinks()
 4 APPPATH\Views\user\v_user_berita.php(34): CodeIgniter\Pager\Pager->links()
 5 SYSTEMPATH\View\View.php(213): include('APPPATH\\Views\\user\\v_user_berita.php')
 6 SYSTEMPATH\View\View.php(216): CodeIgniter\View\View->CodeIgniter\View\{closure}()
 7 SYSTEMPATH\Common.php(1142): CodeIgniter\View\View->render()
 8 APPPATH\Controllers\User\Berita.php(49): view()
 9 SYSTEMPATH\CodeIgniter.php(907): App\Controllers\User\Berita->index()
10 SYSTEMPATH\CodeIgniter.php(457): CodeIgniter\CodeIgniter->runController()
11 SYSTEMPATH\CodeIgniter.php(340): CodeIgniter\CodeIgniter->handleRequest()
12 FCPATH\index.php(67): CodeIgniter\CodeIgniter->run()
13 SYSTEMPATH\Commands\Server\rewrite.php(43): require_once('FCPATH\\index.php')
CRITICAL - 2023-09-19 05:22:04 --> Invalid file: app\views\Pager\paginationbutton.php
in SYSTEMPATH\Exceptions\FrameworkException.php on line 33.
 1 SYSTEMPATH\View\View.php(201): CodeIgniter\Exceptions\FrameworkException::forInvalidFile()
 2 SYSTEMPATH\Pager\Pager.php(126): CodeIgniter\View\View->render()
 3 SYSTEMPATH\Pager\Pager.php(83): CodeIgniter\Pager\Pager->displayLinks()
 4 APPPATH\Views\user\v_user_berita.php(34): CodeIgniter\Pager\Pager->links()
 5 SYSTEMPATH\View\View.php(213): include('APPPATH\\Views\\user\\v_user_berita.php')
 6 SYSTEMPATH\View\View.php(216): CodeIgniter\View\View->CodeIgniter\View\{closure}()
 7 SYSTEMPATH\Common.php(1142): CodeIgniter\View\View->render()
 8 APPPATH\Controllers\User\Berita.php(49): view()
 9 SYSTEMPATH\CodeIgniter.php(907): App\Controllers\User\Berita->index()
10 SYSTEMPATH\CodeIgniter.php(457): CodeIgniter\CodeIgniter->runController()
11 SYSTEMPATH\CodeIgniter.php(340): CodeIgniter\CodeIgniter->handleRequest()
12 FCPATH\index.php(67): CodeIgniter\CodeIgniter->run()
13 SYSTEMPATH\Commands\Server\rewrite.php(43): require_once('FCPATH\\index.php')
CRITICAL - 2023-09-19 05:22:10 --> Invalid file: app\Views\Pager\paginationbutton.php
in SYSTEMPATH\Exceptions\FrameworkException.php on line 33.
 1 SYSTEMPATH\View\View.php(201): CodeIgniter\Exceptions\FrameworkException::forInvalidFile()
 2 SYSTEMPATH\Pager\Pager.php(126): CodeIgniter\View\View->render()
 3 SYSTEMPATH\Pager\Pager.php(83): CodeIgniter\Pager\Pager->displayLinks()
 4 APPPATH\Views\user\v_user_berita.php(34): CodeIgniter\Pager\Pager->links()
 5 SYSTEMPATH\View\View.php(213): include('APPPATH\\Views\\user\\v_user_berita.php')
 6 SYSTEMPATH\View\View.php(216): CodeIgniter\View\View->CodeIgniter\View\{closure}()
 7 SYSTEMPATH\Common.php(1142): CodeIgniter\View\View->render()
 8 APPPATH\Controllers\User\Berita.php(49): view()
 9 SYSTEMPATH\CodeIgniter.php(907): App\Controllers\User\Berita->index()
10 SYSTEMPATH\CodeIgniter.php(457): CodeIgniter\CodeIgniter->runController()
11 SYSTEMPATH\CodeIgniter.php(340): CodeIgniter\CodeIgniter->handleRequest()
12 FCPATH\index.php(67): CodeIgniter\CodeIgniter->run()
13 SYSTEMPATH\Commands\Server\rewrite.php(43): require_once('FCPATH\\index.php')
