ERROR - 2023-09-09 10:11:33 --> Error connecting to the database: mysqli_sql_exception: No connection could be made because the target machine actively refused it.
 in C:\xampp\htdocs\Web Pengabdian\websitedesa\vendor\codeigniter4\framework\system\Database\MySQLi\Connection.php:171
Stack trace:
#0 C:\xampp\htdocs\Web Pengabdian\websitedesa\vendor\codeigniter4\framework\system\Database\MySQLi\Connection.php(171): mysqli->real_connect()
#1 C:\xampp\htdocs\Web Pengabdian\websitedesa\vendor\codeigniter4\framework\system\Database\BaseConnection.php(382): CodeIgniter\Database\MySQLi\Connection->connect()
#2 C:\xampp\htdocs\Web Pengabdian\websitedesa\vendor\codeigniter4\framework\system\Database\BaseConnection.php(588): CodeIgniter\Database\BaseConnection->initialize()
#3 C:\xampp\htdocs\Web Pengabdian\websitedesa\vendor\codeigniter4\framework\system\Database\BaseBuilder.php(1585): CodeIgniter\Database\BaseConnection->query()
#4 C:\xampp\htdocs\Web Pengabdian\websitedesa\vendor\codeigniter4\framework\system\Model.php(772): CodeIgniter\Database\BaseBuilder->get()
#5 C:\xampp\htdocs\Web Pengabdian\websitedesa\app\Models\AdminModel.php(17): CodeIgniter\Model->__call()
#6 C:\xampp\htdocs\Web Pengabdian\websitedesa\app\Controllers\Admin\Admin.php(44): App\Models\AdminModel->getData()
#7 C:\xampp\htdocs\Web Pengabdian\websitedesa\vendor\codeigniter4\framework\system\CodeIgniter.php(907): App\Controllers\Admin\Admin->login()
#8 C:\xampp\htdocs\Web Pengabdian\websitedesa\vendor\codeigniter4\framework\system\CodeIgniter.php(457): CodeIgniter\CodeIgniter->runController()
#9 C:\xampp\htdocs\Web Pengabdian\websitedesa\vendor\codeigniter4\framework\system\CodeIgniter.php(340): CodeIgniter\CodeIgniter->handleRequest()
#10 C:\xampp\htdocs\Web Pengabdian\websitedesa\public\index.php(67): CodeIgniter\CodeIgniter->run()
#11 C:\xampp\htdocs\Web Pengabdian\websitedesa\vendor\codeigniter4\framework\system\Commands\Server\rewrite.php(43): require_once('C:\\xampp\\htdocs...')
#12 {main}

Next CodeIgniter\Database\Exceptions\DatabaseException: No connection could be made because the target machine actively refused it.
 in C:\xampp\htdocs\Web Pengabdian\websitedesa\vendor\codeigniter4\framework\system\Database\MySQLi\Connection.php:215
Stack trace:
#0 C:\xampp\htdocs\Web Pengabdian\websitedesa\vendor\codeigniter4\framework\system\Database\BaseConnection.php(382): CodeIgniter\Database\MySQLi\Connection->connect()
#1 C:\xampp\htdocs\Web Pengabdian\websitedesa\vendor\codeigniter4\framework\system\Database\BaseConnection.php(588): CodeIgniter\Database\BaseConnection->initialize()
#2 C:\xampp\htdocs\Web Pengabdian\websitedesa\vendor\codeigniter4\framework\system\Database\BaseBuilder.php(1585): CodeIgniter\Database\BaseConnection->query()
#3 C:\xampp\htdocs\Web Pengabdian\websitedesa\vendor\codeigniter4\framework\system\Model.php(772): CodeIgniter\Database\BaseBuilder->get()
#4 C:\xampp\htdocs\Web Pengabdian\websitedesa\app\Models\AdminModel.php(17): CodeIgniter\Model->__call()
#5 C:\xampp\htdocs\Web Pengabdian\websitedesa\app\Controllers\Admin\Admin.php(44): App\Models\AdminModel->getData()
#6 C:\xampp\htdocs\Web Pengabdian\websitedesa\vendor\codeigniter4\framework\system\CodeIgniter.php(907): App\Controllers\Admin\Admin->login()
#7 C:\xampp\htdocs\Web Pengabdian\websitedesa\vendor\codeigniter4\framework\system\CodeIgniter.php(457): CodeIgniter\CodeIgniter->runController()
#8 C:\xampp\htdocs\Web Pengabdian\websitedesa\vendor\codeigniter4\framework\system\CodeIgniter.php(340): CodeIgniter\CodeIgniter->handleRequest()
#9 C:\xampp\htdocs\Web Pengabdian\websitedesa\public\index.php(67): CodeIgniter\CodeIgniter->run()
#10 C:\xampp\htdocs\Web Pengabdian\websitedesa\vendor\codeigniter4\framework\system\Commands\Server\rewrite.php(43): require_once('C:\\xampp\\htdocs...')
#11 {main}
CRITICAL - 2023-09-09 10:11:33 --> Unable to connect to the database.
Main connection [MySQLi]: No connection could be made because the target machine actively refused it.

in SYSTEMPATH\Database\BaseConnection.php on line 418.
 1 SYSTEMPATH\Database\BaseConnection.php(588): CodeIgniter\Database\BaseConnection->initialize()
 2 SYSTEMPATH\Database\BaseBuilder.php(1585): CodeIgniter\Database\BaseConnection->query()
 3 SYSTEMPATH\Model.php(772): CodeIgniter\Database\BaseBuilder->get()
 4 APPPATH\Models\AdminModel.php(17): CodeIgniter\Model->__call()
 5 APPPATH\Controllers\Admin\Admin.php(44): App\Models\AdminModel->getData()
 6 SYSTEMPATH\CodeIgniter.php(907): App\Controllers\Admin\Admin->login()
 7 SYSTEMPATH\CodeIgniter.php(457): CodeIgniter\CodeIgniter->runController()
 8 SYSTEMPATH\CodeIgniter.php(340): CodeIgniter\CodeIgniter->handleRequest()
 9 FCPATH\index.php(67): CodeIgniter\CodeIgniter->run()
10 SYSTEMPATH\Commands\Server\rewrite.php(43): require_once('FCPATH\\index.php')
CRITICAL - 2023-09-09 10:37:27 --> Undefined property: App\Controllers\Admin\Pengaduan::$validate
in APPPATH\Controllers\Admin\Pengaduan.php on line 43.
 1 APPPATH\Controllers\Admin\Pengaduan.php(43): CodeIgniter\Debug\Exceptions->errorHandler()
 2 SYSTEMPATH\CodeIgniter.php(907): App\Controllers\Admin\Pengaduan->detail()
 3 SYSTEMPATH\CodeIgniter.php(457): CodeIgniter\CodeIgniter->runController()
 4 SYSTEMPATH\CodeIgniter.php(340): CodeIgniter\CodeIgniter->handleRequest()
 5 FCPATH\index.php(67): CodeIgniter\CodeIgniter->run()
 6 SYSTEMPATH\Commands\Server\rewrite.php(43): require_once('FCPATH\\index.php')
CRITICAL - 2023-09-09 10:37:31 --> Undefined property: App\Controllers\Admin\Pengaduan::$validate
in APPPATH\Controllers\Admin\Pengaduan.php on line 43.
 1 APPPATH\Controllers\Admin\Pengaduan.php(43): CodeIgniter\Debug\Exceptions->errorHandler()
 2 SYSTEMPATH\CodeIgniter.php(907): App\Controllers\Admin\Pengaduan->detail()
 3 SYSTEMPATH\CodeIgniter.php(457): CodeIgniter\CodeIgniter->runController()
 4 SYSTEMPATH\CodeIgniter.php(340): CodeIgniter\CodeIgniter->handleRequest()
 5 FCPATH\index.php(67): CodeIgniter\CodeIgniter->run()
 6 SYSTEMPATH\Commands\Server\rewrite.php(43): require_once('FCPATH\\index.php')
CRITICAL - 2023-09-09 10:37:51 --> Undefined variable: judul
in APPPATH\Views\admin\template\v_dashboard_template_header.php on line 9.
 1 APPPATH\Views\admin\template\v_dashboard_template_header.php(9): CodeIgniter\Debug\Exceptions->errorHandler()
 2 APPPATH\Views\admin\v_dashboard_admin_detail_pengaduan.php(3): include('APPPATH\\Views\\admin\\template\\v_dashboard_template_header.php')
 3 SYSTEMPATH\View\View.php(213): include('APPPATH\\Views\\admin\\v_dashboard_admin_detail_pengaduan.php')
 4 SYSTEMPATH\View\View.php(216): CodeIgniter\View\View->CodeIgniter\View\{closure}()
 5 SYSTEMPATH\Common.php(1142): CodeIgniter\View\View->render()
 6 APPPATH\Controllers\Admin\Pengaduan.php(66): view()
 7 SYSTEMPATH\CodeIgniter.php(907): App\Controllers\Admin\Pengaduan->detail()
 8 SYSTEMPATH\CodeIgniter.php(457): CodeIgniter\CodeIgniter->runController()
 9 SYSTEMPATH\CodeIgniter.php(340): CodeIgniter\CodeIgniter->handleRequest()
10 FCPATH\index.php(67): CodeIgniter\CodeIgniter->run()
11 SYSTEMPATH\Commands\Server\rewrite.php(43): require_once('FCPATH\\index.php')
CRITICAL - 2023-09-09 10:38:09 --> Undefined variable: judul
in APPPATH\Views\admin\template\v_dashboard_template_header.php on line 9.
 1 APPPATH\Views\admin\template\v_dashboard_template_header.php(9): CodeIgniter\Debug\Exceptions->errorHandler()
 2 APPPATH\Views\admin\v_dashboard_admin_detail_pengaduan.php(3): include('APPPATH\\Views\\admin\\template\\v_dashboard_template_header.php')
 3 SYSTEMPATH\View\View.php(213): include('APPPATH\\Views\\admin\\v_dashboard_admin_detail_pengaduan.php')
 4 SYSTEMPATH\View\View.php(216): CodeIgniter\View\View->CodeIgniter\View\{closure}()
 5 SYSTEMPATH\Common.php(1142): CodeIgniter\View\View->render()
 6 APPPATH\Controllers\Admin\Pengaduan.php(66): view()
 7 SYSTEMPATH\CodeIgniter.php(907): App\Controllers\Admin\Pengaduan->detail()
 8 SYSTEMPATH\CodeIgniter.php(457): CodeIgniter\CodeIgniter->runController()
 9 SYSTEMPATH\CodeIgniter.php(340): CodeIgniter\CodeIgniter->handleRequest()
10 FCPATH\index.php(67): CodeIgniter\CodeIgniter->run()
11 SYSTEMPATH\Commands\Server\rewrite.php(43): require_once('FCPATH\\index.php')
CRITICAL - 2023-09-09 10:38:39 --> Undefined variable: judul
in APPPATH\Views\admin\template\v_dashboard_template_header.php on line 9.
 1 APPPATH\Views\admin\template\v_dashboard_template_header.php(9): CodeIgniter\Debug\Exceptions->errorHandler()
 2 APPPATH\Views\admin\v_dashboard_admin_detail_pengaduan.php(3): include('APPPATH\\Views\\admin\\template\\v_dashboard_template_header.php')
 3 SYSTEMPATH\View\View.php(213): include('APPPATH\\Views\\admin\\v_dashboard_admin_detail_pengaduan.php')
 4 SYSTEMPATH\View\View.php(216): CodeIgniter\View\View->CodeIgniter\View\{closure}()
 5 SYSTEMPATH\Common.php(1142): CodeIgniter\View\View->render()
 6 APPPATH\Controllers\Admin\Pengaduan.php(66): view()
 7 SYSTEMPATH\CodeIgniter.php(907): App\Controllers\Admin\Pengaduan->detail()
 8 SYSTEMPATH\CodeIgniter.php(457): CodeIgniter\CodeIgniter->runController()
 9 SYSTEMPATH\CodeIgniter.php(340): CodeIgniter\CodeIgniter->handleRequest()
10 FCPATH\index.php(67): CodeIgniter\CodeIgniter->run()
11 SYSTEMPATH\Commands\Server\rewrite.php(43): require_once('FCPATH\\index.php')
ERROR - 2023-09-09 11:29:19 --> Email: Unable to send email using PHP SMTP. Your server might not be configured to send mail using this method.
ERROR - 2023-09-09 11:29:19 --> 220 smtp.googlemail.com ESMTP g9-20020aa78189000000b00682c1db7551sm2924520pfi.49 - gsmtp

hello: 250-smtp.googlemail.com at your service, [103.136.59.75]
250-SIZE 35882577
250-8BITMIME
250-AUTH LOGIN PLAIN XOAUTH2 PLAIN-CLIENTTOKEN OAUTHBEARER XOAUTH
250-ENHANCEDSTATUSCODES
250-PIPELINING
250-CHUNKING
250 SMTPUTF8

from: 250 2.1.0 OK g9-20020aa78189000000b00682c1db7551sm2924520pfi.49 - gsmtp

to: 553-5.1.3 The recipient address <2> is not a valid RFC-5321 address. Learn more
553-5.1.3 at
553 5.1.3  https://support.google.com/mail/answer/6596 g9-20020aa78189000000b00682c1db7551sm2924520pfi.49 - gsmtp

The following SMTP error was encountered: 553-5.1.3 The recipient address <2> is not a valid RFC-5321 address. Learn more
553-5.1.3 at
553 5.1.3  https://support.google.com/mail/answer/6596 g9-20020aa78189000000b00682c1db7551sm2924520pfi.49 - gsmtp

quit: 221 2.0.0 closing connection g9-20020aa78189000000b00682c1db7551sm2924520pfi.49 - gsmtp

ERROR - 2023-09-09 11:31:40 --> Email: Unable to send email using PHP SMTP. Your server might not be configured to send mail using this method.
ERROR - 2023-09-09 11:31:40 --> 220 smtp.googlemail.com ESMTP v17-20020a62a511000000b006675c242548sm2912541pfm.182 - gsmtp

hello: 250-smtp.googlemail.com at your service, [103.136.59.75]
250-SIZE 35882577
250-8BITMIME
250-AUTH LOGIN PLAIN XOAUTH2 PLAIN-CLIENTTOKEN OAUTHBEARER XOAUTH
250-ENHANCEDSTATUSCODES
250-PIPELINING
250-CHUNKING
250 SMTPUTF8

from: 250 2.1.0 OK v17-20020a62a511000000b006675c242548sm2912541pfm.182 - gsmtp

to: 553-5.1.3 The recipient address <2> is not a valid RFC-5321 address. Learn more
553-5.1.3 at
553 5.1.3  https://support.google.com/mail/answer/6596 v17-20020a62a511000000b006675c242548sm2912541pfm.182 - gsmtp

The following SMTP error was encountered: 553-5.1.3 The recipient address <2> is not a valid RFC-5321 address. Learn more
553-5.1.3 at
553 5.1.3  https://support.google.com/mail/answer/6596 v17-20020a62a511000000b006675c242548sm2912541pfm.182 - gsmtp

quit: 221 2.0.0 closing connection v17-20020a62a511000000b006675c242548sm2912541pfm.182 - gsmtp

CRITICAL - 2023-09-09 11:31:40 --> Illegal string offset 'judul'
in APPPATH\Controllers\Admin\Pengaduan.php on line 81.
 1 APPPATH\Controllers\Admin\Pengaduan.php(81): CodeIgniter\Debug\Exceptions->errorHandler()
 2 SYSTEMPATH\CodeIgniter.php(907): App\Controllers\Admin\Pengaduan->detail()
 3 SYSTEMPATH\CodeIgniter.php(457): CodeIgniter\CodeIgniter->runController()
 4 SYSTEMPATH\CodeIgniter.php(340): CodeIgniter\CodeIgniter->handleRequest()
 5 FCPATH\index.php(67): CodeIgniter\CodeIgniter->run()
 6 SYSTEMPATH\Commands\Server\rewrite.php(43): require_once('FCPATH\\index.php')
CRITICAL - 2023-09-09 12:03:52 --> Undefined index: status
in APPPATH\Views\admin\v_dashboard_admin_pengaduan.php on line 50.
 1 APPPATH\Views\admin\v_dashboard_admin_pengaduan.php(50): CodeIgniter\Debug\Exceptions->errorHandler()
 2 SYSTEMPATH\View\View.php(213): include('APPPATH\\Views\\admin\\v_dashboard_admin_pengaduan.php')
 3 SYSTEMPATH\View\View.php(216): CodeIgniter\View\View->CodeIgniter\View\{closure}()
 4 SYSTEMPATH\Common.php(1142): CodeIgniter\View\View->render()
 5 APPPATH\Controllers\Admin\Pengaduan.php(22): view()
 6 SYSTEMPATH\CodeIgniter.php(907): App\Controllers\Admin\Pengaduan->index()
 7 SYSTEMPATH\CodeIgniter.php(457): CodeIgniter\CodeIgniter->runController()
 8 SYSTEMPATH\CodeIgniter.php(340): CodeIgniter\CodeIgniter->handleRequest()
 9 FCPATH\index.php(67): CodeIgniter\CodeIgniter->run()
10 SYSTEMPATH\Commands\Server\rewrite.php(43): require_once('FCPATH\\index.php')
CRITICAL - 2023-09-09 12:23:43 --> Cannot use isset() on the result of an expression (you can use "null !== expression" instead)
in APPPATH\Controllers\Admin\Pengaduan.php on line 24.
 1 [internal function]: CodeIgniter\Debug\Exceptions->shutdownHandler()
CRITICAL - 2023-09-09 12:26:22 --> Undefined index: 
in APPPATH\Views\admin\v_dashboard_admin_pengaduan.php on line 58.
 1 APPPATH\Views\admin\v_dashboard_admin_pengaduan.php(58): CodeIgniter\Debug\Exceptions->errorHandler()
 2 SYSTEMPATH\View\View.php(213): include('APPPATH\\Views\\admin\\v_dashboard_admin_pengaduan.php')
 3 SYSTEMPATH\View\View.php(216): CodeIgniter\View\View->CodeIgniter\View\{closure}()
 4 SYSTEMPATH\Common.php(1142): CodeIgniter\View\View->render()
 5 APPPATH\Controllers\Admin\Pengaduan.php(70): view()
 6 SYSTEMPATH\CodeIgniter.php(907): App\Controllers\Admin\Pengaduan->index()
 7 SYSTEMPATH\CodeIgniter.php(457): CodeIgniter\CodeIgniter->runController()
 8 SYSTEMPATH\CodeIgniter.php(340): CodeIgniter\CodeIgniter->handleRequest()
 9 FCPATH\index.php(67): CodeIgniter\CodeIgniter->run()
10 SYSTEMPATH\Commands\Server\rewrite.php(43): require_once('FCPATH\\index.php')
