CRITICAL - 2023-07-11 04:07:49 --> Invalid file: admin/dashboard/profile-desa.php
in SYSTEMPATH\Exceptions\FrameworkException.php on line 33.
 1 SYSTEMPATH\View\View.php(201): CodeIgniter\Exceptions\FrameworkException::forInvalidFile()
 2 SYSTEMPATH\Common.php(1142): CodeIgniter\View\View->render()
 3 APPPATH\Controllers\Admin\ProfileDesa.php(100): view()
 4 SYSTEMPATH\CodeIgniter.php(907): App\Controllers\Admin\ProfileDesa->ProfileDesaIndex()
 5 SYSTEMPATH\CodeIgniter.php(457): CodeIgniter\CodeIgniter->runController()
 6 SYSTEMPATH\CodeIgniter.php(340): CodeIgniter\CodeIgniter->handleRequest()
 7 FCPATH\index.php(67): CodeIgniter\CodeIgniter->run()
 8 SYSTEMPATH\Commands\Server\rewrite.php(43): require_once('FCPATH\\index.php')
CRITICAL - 2023-07-11 04:09:21 --> Undefined index: profile_desa
in APPPATH\Views\admin\v_dashboard_admin_profile_desa.php on line 15.
 1 APPPATH\Views\admin\v_dashboard_admin_profile_desa.php(15): CodeIgniter\Debug\Exceptions->errorHandler()
 2 SYSTEMPATH\View\View.php(213): include('APPPATH\\Views\\admin\\v_dashboard_admin_profile_desa.php')
 3 SYSTEMPATH\View\View.php(216): CodeIgniter\View\View->CodeIgniter\View\{closure}()
 4 SYSTEMPATH\Common.php(1142): CodeIgniter\View\View->render()
 5 APPPATH\Controllers\Admin\ProfileDesa.php(100): view()
 6 SYSTEMPATH\CodeIgniter.php(907): App\Controllers\Admin\ProfileDesa->ProfileDesaIndex()
 7 SYSTEMPATH\CodeIgniter.php(457): CodeIgniter\CodeIgniter->runController()
 8 SYSTEMPATH\CodeIgniter.php(340): CodeIgniter\CodeIgniter->handleRequest()
 9 FCPATH\index.php(67): CodeIgniter\CodeIgniter->run()
10 SYSTEMPATH\Commands\Server\rewrite.php(43): require_once('FCPATH\\index.php')
CRITICAL - 2023-07-11 16:03:13 --> There is no data to update.
in SYSTEMPATH\BaseModel.php on line 846.
 1 SYSTEMPATH\BaseModel.php(846): CodeIgniter\Database\Exceptions\DataException::forEmptyDataset()
 2 SYSTEMPATH\Model.php(693): CodeIgniter\BaseModel->update()
 3 SYSTEMPATH\BaseModel.php(656): CodeIgniter\Model->update()
 4 APPPATH\Controllers\Admin\ProfileDesa.php(86): CodeIgniter\BaseModel->save()
 5 SYSTEMPATH\CodeIgniter.php(907): App\Controllers\Admin\ProfileDesa->ProfileDesaIndex()
 6 SYSTEMPATH\CodeIgniter.php(457): CodeIgniter\CodeIgniter->runController()
 7 SYSTEMPATH\CodeIgniter.php(340): CodeIgniter\CodeIgniter->handleRequest()
 8 FCPATH\index.php(67): CodeIgniter\CodeIgniter->run()
 9 SYSTEMPATH\Commands\Server\rewrite.php(43): require_once('FCPATH\\index.php')
CRITICAL - 2023-07-11 16:04:51 --> There is no data to update.
in SYSTEMPATH\BaseModel.php on line 846.
 1 SYSTEMPATH\BaseModel.php(846): CodeIgniter\Database\Exceptions\DataException::forEmptyDataset()
 2 SYSTEMPATH\Model.php(693): CodeIgniter\BaseModel->update()
 3 SYSTEMPATH\BaseModel.php(656): CodeIgniter\Model->update()
 4 APPPATH\Controllers\Admin\ProfileDesa.php(86): CodeIgniter\BaseModel->save()
 5 SYSTEMPATH\CodeIgniter.php(907): App\Controllers\Admin\ProfileDesa->ProfileDesaIndex()
 6 SYSTEMPATH\CodeIgniter.php(457): CodeIgniter\CodeIgniter->runController()
 7 SYSTEMPATH\CodeIgniter.php(340): CodeIgniter\CodeIgniter->handleRequest()
 8 FCPATH\index.php(67): CodeIgniter\CodeIgniter->run()
 9 SYSTEMPATH\Commands\Server\rewrite.php(43): require_once('FCPATH\\index.php')
CRITICAL - 2023-07-11 16:07:58 --> There is no data to update.
in SYSTEMPATH\BaseModel.php on line 846.
 1 SYSTEMPATH\BaseModel.php(846): CodeIgniter\Database\Exceptions\DataException::forEmptyDataset()
 2 SYSTEMPATH\Model.php(693): CodeIgniter\BaseModel->update()
 3 SYSTEMPATH\BaseModel.php(656): CodeIgniter\Model->update()
 4 APPPATH\Controllers\Admin\ProfileDesa.php(86): CodeIgniter\BaseModel->save()
 5 SYSTEMPATH\CodeIgniter.php(907): App\Controllers\Admin\ProfileDesa->ProfileDesaIndex()
 6 SYSTEMPATH\CodeIgniter.php(457): CodeIgniter\CodeIgniter->runController()
 7 SYSTEMPATH\CodeIgniter.php(340): CodeIgniter\CodeIgniter->handleRequest()
 8 FCPATH\index.php(67): CodeIgniter\CodeIgniter->run()
 9 SYSTEMPATH\Commands\Server\rewrite.php(43): require_once('FCPATH\\index.php')
CRITICAL - 2023-07-11 16:23:41 --> Array to string conversion
in APPPATH\Views\admin\v_dashboard_admin_sejarah_desa.php on line 15.
 1 APPPATH\Views\admin\v_dashboard_admin_sejarah_desa.php(15): CodeIgniter\Debug\Exceptions->errorHandler()
 2 SYSTEMPATH\View\View.php(213): include('APPPATH\\Views\\admin\\v_dashboard_admin_sejarah_desa.php')
 3 SYSTEMPATH\View\View.php(216): CodeIgniter\View\View->CodeIgniter\View\{closure}()
 4 SYSTEMPATH\Common.php(1142): CodeIgniter\View\View->render()
 5 APPPATH\Controllers\Admin\ProfileDesa.php(141): view()
 6 SYSTEMPATH\CodeIgniter.php(907): App\Controllers\Admin\ProfileDesa->SejarahDesaIndex()
 7 SYSTEMPATH\CodeIgniter.php(457): CodeIgniter\CodeIgniter->runController()
 8 SYSTEMPATH\CodeIgniter.php(340): CodeIgniter\CodeIgniter->handleRequest()
 9 FCPATH\index.php(67): CodeIgniter\CodeIgniter->run()
10 SYSTEMPATH\Commands\Server\rewrite.php(43): require_once('FCPATH\\index.php')
