ERROR - 2023-07-15 03:57:10 --> mysqli_sql_exception: Duplicate column name 'kategori_id' in C:\xampp\htdocs\Web Pengabdian\websitedesa\vendor\codeigniter4\framework\system\Database\MySQLi\Connection.php:292
Stack trace:
#0 C:\xampp\htdocs\Web Pengabdian\websitedesa\vendor\codeigniter4\framework\system\Database\MySQLi\Connection.php(292): mysqli->query()
#1 C:\xampp\htdocs\Web Pengabdian\websitedesa\vendor\codeigniter4\framework\system\Database\BaseConnection.php(693): CodeIgniter\Database\MySQLi\Connection->execute()
#2 C:\xampp\htdocs\Web Pengabdian\websitedesa\vendor\codeigniter4\framework\system\Database\BaseConnection.php(620): CodeIgniter\Database\BaseConnection->simpleQuery()
#3 C:\xampp\htdocs\Web Pengabdian\websitedesa\vendor\codeigniter4\framework\system\Database\Forge.php(708): CodeIgniter\Database\BaseConnection->query()
#4 C:\xampp\htdocs\Web Pengabdian\websitedesa\app\Database\Migrations\2023-07-15-084716_ForeignKeyPostsKategori.php(13): CodeIgniter\Database\Forge->addColumn()
#5 C:\xampp\htdocs\Web Pengabdian\websitedesa\vendor\codeigniter4\framework\system\Database\MigrationRunner.php(868): App\Database\Migrations\ForeignKeyPostsKategori->up()
#6 C:\xampp\htdocs\Web Pengabdian\websitedesa\vendor\codeigniter4\framework\system\Database\MigrationRunner.php(187): CodeIgniter\Database\MigrationRunner->migrate()
#7 C:\xampp\htdocs\Web Pengabdian\websitedesa\vendor\codeigniter4\framework\system\Commands\Database\Migrate.php(84): CodeIgniter\Database\MigrationRunner->latest()
#8 C:\xampp\htdocs\Web Pengabdian\websitedesa\vendor\codeigniter4\framework\system\CLI\Commands.php(63): CodeIgniter\Commands\Database\Migrate->run()
#9 C:\xampp\htdocs\Web Pengabdian\websitedesa\vendor\codeigniter4\framework\system\CLI\CommandRunner.php(65): CodeIgniter\CLI\Commands->run()
#10 C:\xampp\htdocs\Web Pengabdian\websitedesa\vendor\codeigniter4\framework\system\CLI\CommandRunner.php(51): CodeIgniter\CLI\CommandRunner->index()
#11 C:\xampp\htdocs\Web Pengabdian\websitedesa\vendor\codeigniter4\framework\system\CodeIgniter.php(900): CodeIgniter\CLI\CommandRunner->_remap()
#12 C:\xampp\htdocs\Web Pengabdian\websitedesa\vendor\codeigniter4\framework\system\CodeIgniter.php(457): CodeIgniter\CodeIgniter->runController()
#13 C:\xampp\htdocs\Web Pengabdian\websitedesa\vendor\codeigniter4\framework\system\CodeIgniter.php(336): CodeIgniter\CodeIgniter->handleRequest()
#14 C:\xampp\htdocs\Web Pengabdian\websitedesa\vendor\codeigniter4\framework\system\CLI\Console.php(48): CodeIgniter\CodeIgniter->run()
#15 C:\xampp\htdocs\Web Pengabdian\websitedesa\spark(98): CodeIgniter\CLI\Console->run()
#16 {main}
ERROR - 2023-07-15 03:58:28 --> mysqli_sql_exception: Duplicate column name 'kategori_id' in C:\xampp\htdocs\Web Pengabdian\websitedesa\vendor\codeigniter4\framework\system\Database\MySQLi\Connection.php:292
Stack trace:
#0 C:\xampp\htdocs\Web Pengabdian\websitedesa\vendor\codeigniter4\framework\system\Database\MySQLi\Connection.php(292): mysqli->query()
#1 C:\xampp\htdocs\Web Pengabdian\websitedesa\vendor\codeigniter4\framework\system\Database\BaseConnection.php(693): CodeIgniter\Database\MySQLi\Connection->execute()
#2 C:\xampp\htdocs\Web Pengabdian\websitedesa\vendor\codeigniter4\framework\system\Database\BaseConnection.php(620): CodeIgniter\Database\BaseConnection->simpleQuery()
#3 C:\xampp\htdocs\Web Pengabdian\websitedesa\vendor\codeigniter4\framework\system\Database\Forge.php(708): CodeIgniter\Database\BaseConnection->query()
#4 C:\xampp\htdocs\Web Pengabdian\websitedesa\app\Database\Migrations\2023-07-15-084716_ForeignKeyPostsKategori.php(13): CodeIgniter\Database\Forge->addColumn()
#5 C:\xampp\htdocs\Web Pengabdian\websitedesa\vendor\codeigniter4\framework\system\Database\MigrationRunner.php(868): App\Database\Migrations\ForeignKeyPostsKategori->up()
#6 C:\xampp\htdocs\Web Pengabdian\websitedesa\vendor\codeigniter4\framework\system\Database\MigrationRunner.php(187): CodeIgniter\Database\MigrationRunner->migrate()
#7 C:\xampp\htdocs\Web Pengabdian\websitedesa\vendor\codeigniter4\framework\system\Commands\Database\Migrate.php(84): CodeIgniter\Database\MigrationRunner->latest()
#8 C:\xampp\htdocs\Web Pengabdian\websitedesa\vendor\codeigniter4\framework\system\CLI\Commands.php(63): CodeIgniter\Commands\Database\Migrate->run()
#9 C:\xampp\htdocs\Web Pengabdian\websitedesa\vendor\codeigniter4\framework\system\CLI\CommandRunner.php(65): CodeIgniter\CLI\Commands->run()
#10 C:\xampp\htdocs\Web Pengabdian\websitedesa\vendor\codeigniter4\framework\system\CLI\CommandRunner.php(51): CodeIgniter\CLI\CommandRunner->index()
#11 C:\xampp\htdocs\Web Pengabdian\websitedesa\vendor\codeigniter4\framework\system\CodeIgniter.php(900): CodeIgniter\CLI\CommandRunner->_remap()
#12 C:\xampp\htdocs\Web Pengabdian\websitedesa\vendor\codeigniter4\framework\system\CodeIgniter.php(457): CodeIgniter\CodeIgniter->runController()
#13 C:\xampp\htdocs\Web Pengabdian\websitedesa\vendor\codeigniter4\framework\system\CodeIgniter.php(336): CodeIgniter\CodeIgniter->handleRequest()
#14 C:\xampp\htdocs\Web Pengabdian\websitedesa\vendor\codeigniter4\framework\system\CLI\Console.php(48): CodeIgniter\CodeIgniter->run()
#15 C:\xampp\htdocs\Web Pengabdian\websitedesa\spark(98): CodeIgniter\CLI\Console->run()
#16 {main}
ERROR - 2023-07-15 04:13:06 --> mysqli_sql_exception: Table 'kategori_post' already exists in C:\xampp\htdocs\Web Pengabdian\websitedesa\vendor\codeigniter4\framework\system\Database\MySQLi\Connection.php:292
Stack trace:
#0 C:\xampp\htdocs\Web Pengabdian\websitedesa\vendor\codeigniter4\framework\system\Database\MySQLi\Connection.php(292): mysqli->query()
#1 C:\xampp\htdocs\Web Pengabdian\websitedesa\vendor\codeigniter4\framework\system\Database\BaseConnection.php(693): CodeIgniter\Database\MySQLi\Connection->execute()
#2 C:\xampp\htdocs\Web Pengabdian\websitedesa\vendor\codeigniter4\framework\system\Database\BaseConnection.php(620): CodeIgniter\Database\BaseConnection->simpleQuery()
#3 C:\xampp\htdocs\Web Pengabdian\websitedesa\vendor\codeigniter4\framework\system\Database\Forge.php(509): CodeIgniter\Database\BaseConnection->query()
#4 C:\xampp\htdocs\Web Pengabdian\websitedesa\app\Database\Migrations\2023-07-15-090133_KategoriPosts.php(28): CodeIgniter\Database\Forge->createTable()
#5 C:\xampp\htdocs\Web Pengabdian\websitedesa\vendor\codeigniter4\framework\system\Database\MigrationRunner.php(868): App\Database\Migrations\KategoriPosts->up()
#6 C:\xampp\htdocs\Web Pengabdian\websitedesa\vendor\codeigniter4\framework\system\Database\MigrationRunner.php(187): CodeIgniter\Database\MigrationRunner->migrate()
#7 C:\xampp\htdocs\Web Pengabdian\websitedesa\vendor\codeigniter4\framework\system\Commands\Database\Migrate.php(84): CodeIgniter\Database\MigrationRunner->latest()
#8 C:\xampp\htdocs\Web Pengabdian\websitedesa\vendor\codeigniter4\framework\system\CLI\Commands.php(63): CodeIgniter\Commands\Database\Migrate->run()
#9 C:\xampp\htdocs\Web Pengabdian\websitedesa\vendor\codeigniter4\framework\system\CLI\CommandRunner.php(65): CodeIgniter\CLI\Commands->run()
#10 C:\xampp\htdocs\Web Pengabdian\websitedesa\vendor\codeigniter4\framework\system\CLI\CommandRunner.php(51): CodeIgniter\CLI\CommandRunner->index()
#11 C:\xampp\htdocs\Web Pengabdian\websitedesa\vendor\codeigniter4\framework\system\CodeIgniter.php(900): CodeIgniter\CLI\CommandRunner->_remap()
#12 C:\xampp\htdocs\Web Pengabdian\websitedesa\vendor\codeigniter4\framework\system\CodeIgniter.php(457): CodeIgniter\CodeIgniter->runController()
#13 C:\xampp\htdocs\Web Pengabdian\websitedesa\vendor\codeigniter4\framework\system\CodeIgniter.php(336): CodeIgniter\CodeIgniter->handleRequest()
#14 C:\xampp\htdocs\Web Pengabdian\websitedesa\vendor\codeigniter4\framework\system\CLI\Console.php(48): CodeIgniter\CodeIgniter->run()
#15 C:\xampp\htdocs\Web Pengabdian\websitedesa\spark(98): CodeIgniter\CLI\Console->run()
#16 {main}
ERROR - 2023-07-15 04:13:25 --> mysqli_sql_exception: Table 'kategori_post' already exists in C:\xampp\htdocs\Web Pengabdian\websitedesa\vendor\codeigniter4\framework\system\Database\MySQLi\Connection.php:292
Stack trace:
#0 C:\xampp\htdocs\Web Pengabdian\websitedesa\vendor\codeigniter4\framework\system\Database\MySQLi\Connection.php(292): mysqli->query()
#1 C:\xampp\htdocs\Web Pengabdian\websitedesa\vendor\codeigniter4\framework\system\Database\BaseConnection.php(693): CodeIgniter\Database\MySQLi\Connection->execute()
#2 C:\xampp\htdocs\Web Pengabdian\websitedesa\vendor\codeigniter4\framework\system\Database\BaseConnection.php(620): CodeIgniter\Database\BaseConnection->simpleQuery()
#3 C:\xampp\htdocs\Web Pengabdian\websitedesa\vendor\codeigniter4\framework\system\Database\Forge.php(509): CodeIgniter\Database\BaseConnection->query()
#4 C:\xampp\htdocs\Web Pengabdian\websitedesa\app\Database\Migrations\2023-07-15-091231_KategoriPost.php(28): CodeIgniter\Database\Forge->createTable()
#5 C:\xampp\htdocs\Web Pengabdian\websitedesa\vendor\codeigniter4\framework\system\Database\MigrationRunner.php(868): App\Database\Migrations\KategoriPost->up()
#6 C:\xampp\htdocs\Web Pengabdian\websitedesa\vendor\codeigniter4\framework\system\Database\MigrationRunner.php(187): CodeIgniter\Database\MigrationRunner->migrate()
#7 C:\xampp\htdocs\Web Pengabdian\websitedesa\vendor\codeigniter4\framework\system\Commands\Database\Migrate.php(84): CodeIgniter\Database\MigrationRunner->latest()
#8 C:\xampp\htdocs\Web Pengabdian\websitedesa\vendor\codeigniter4\framework\system\CLI\Commands.php(63): CodeIgniter\Commands\Database\Migrate->run()
#9 C:\xampp\htdocs\Web Pengabdian\websitedesa\vendor\codeigniter4\framework\system\CLI\CommandRunner.php(65): CodeIgniter\CLI\Commands->run()
#10 C:\xampp\htdocs\Web Pengabdian\websitedesa\vendor\codeigniter4\framework\system\CLI\CommandRunner.php(51): CodeIgniter\CLI\CommandRunner->index()
#11 C:\xampp\htdocs\Web Pengabdian\websitedesa\vendor\codeigniter4\framework\system\CodeIgniter.php(900): CodeIgniter\CLI\CommandRunner->_remap()
#12 C:\xampp\htdocs\Web Pengabdian\websitedesa\vendor\codeigniter4\framework\system\CodeIgniter.php(457): CodeIgniter\CodeIgniter->runController()
#13 C:\xampp\htdocs\Web Pengabdian\websitedesa\vendor\codeigniter4\framework\system\CodeIgniter.php(336): CodeIgniter\CodeIgniter->handleRequest()
#14 C:\xampp\htdocs\Web Pengabdian\websitedesa\vendor\codeigniter4\framework\system\CLI\Console.php(48): CodeIgniter\CodeIgniter->run()
#15 C:\xampp\htdocs\Web Pengabdian\websitedesa\spark(98): CodeIgniter\CLI\Console->run()
#16 {main}
ERROR - 2023-07-15 04:13:56 --> mysqli_sql_exception: Table 'kategori_post' already exists in C:\xampp\htdocs\Web Pengabdian\websitedesa\vendor\codeigniter4\framework\system\Database\MySQLi\Connection.php:292
Stack trace:
#0 C:\xampp\htdocs\Web Pengabdian\websitedesa\vendor\codeigniter4\framework\system\Database\MySQLi\Connection.php(292): mysqli->query()
#1 C:\xampp\htdocs\Web Pengabdian\websitedesa\vendor\codeigniter4\framework\system\Database\BaseConnection.php(693): CodeIgniter\Database\MySQLi\Connection->execute()
#2 C:\xampp\htdocs\Web Pengabdian\websitedesa\vendor\codeigniter4\framework\system\Database\BaseConnection.php(620): CodeIgniter\Database\BaseConnection->simpleQuery()
#3 C:\xampp\htdocs\Web Pengabdian\websitedesa\vendor\codeigniter4\framework\system\Database\Forge.php(509): CodeIgniter\Database\BaseConnection->query()
#4 C:\xampp\htdocs\Web Pengabdian\websitedesa\app\Database\Migrations\2023-07-15-091231_KategoriPost.php(28): CodeIgniter\Database\Forge->createTable()
#5 C:\xampp\htdocs\Web Pengabdian\websitedesa\vendor\codeigniter4\framework\system\Database\MigrationRunner.php(868): App\Database\Migrations\KategoriPost->up()
#6 C:\xampp\htdocs\Web Pengabdian\websitedesa\vendor\codeigniter4\framework\system\Database\MigrationRunner.php(187): CodeIgniter\Database\MigrationRunner->migrate()
#7 C:\xampp\htdocs\Web Pengabdian\websitedesa\vendor\codeigniter4\framework\system\Commands\Database\Migrate.php(84): CodeIgniter\Database\MigrationRunner->latest()
#8 C:\xampp\htdocs\Web Pengabdian\websitedesa\vendor\codeigniter4\framework\system\CLI\Commands.php(63): CodeIgniter\Commands\Database\Migrate->run()
#9 C:\xampp\htdocs\Web Pengabdian\websitedesa\vendor\codeigniter4\framework\system\CLI\CommandRunner.php(65): CodeIgniter\CLI\Commands->run()
#10 C:\xampp\htdocs\Web Pengabdian\websitedesa\vendor\codeigniter4\framework\system\CLI\CommandRunner.php(51): CodeIgniter\CLI\CommandRunner->index()
#11 C:\xampp\htdocs\Web Pengabdian\websitedesa\vendor\codeigniter4\framework\system\CodeIgniter.php(900): CodeIgniter\CLI\CommandRunner->_remap()
#12 C:\xampp\htdocs\Web Pengabdian\websitedesa\vendor\codeigniter4\framework\system\CodeIgniter.php(457): CodeIgniter\CodeIgniter->runController()
#13 C:\xampp\htdocs\Web Pengabdian\websitedesa\vendor\codeigniter4\framework\system\CodeIgniter.php(336): CodeIgniter\CodeIgniter->handleRequest()
#14 C:\xampp\htdocs\Web Pengabdian\websitedesa\vendor\codeigniter4\framework\system\CLI\Console.php(48): CodeIgniter\CodeIgniter->run()
#15 C:\xampp\htdocs\Web Pengabdian\websitedesa\spark(98): CodeIgniter\CLI\Console->run()
#16 {main}
ERROR - 2023-07-15 04:15:19 --> mysqli_sql_exception: Table 'kategori_post' already exists in C:\xampp\htdocs\Web Pengabdian\websitedesa\vendor\codeigniter4\framework\system\Database\MySQLi\Connection.php:292
Stack trace:
#0 C:\xampp\htdocs\Web Pengabdian\websitedesa\vendor\codeigniter4\framework\system\Database\MySQLi\Connection.php(292): mysqli->query()
#1 C:\xampp\htdocs\Web Pengabdian\websitedesa\vendor\codeigniter4\framework\system\Database\BaseConnection.php(693): CodeIgniter\Database\MySQLi\Connection->execute()
#2 C:\xampp\htdocs\Web Pengabdian\websitedesa\vendor\codeigniter4\framework\system\Database\BaseConnection.php(620): CodeIgniter\Database\BaseConnection->simpleQuery()
#3 C:\xampp\htdocs\Web Pengabdian\websitedesa\vendor\codeigniter4\framework\system\Database\Forge.php(509): CodeIgniter\Database\BaseConnection->query()
#4 C:\xampp\htdocs\Web Pengabdian\websitedesa\app\Database\Migrations\2023-07-15-091231_KategoriPost.php(28): CodeIgniter\Database\Forge->createTable()
#5 C:\xampp\htdocs\Web Pengabdian\websitedesa\vendor\codeigniter4\framework\system\Database\MigrationRunner.php(868): App\Database\Migrations\KategoriPost->up()
#6 C:\xampp\htdocs\Web Pengabdian\websitedesa\vendor\codeigniter4\framework\system\Database\MigrationRunner.php(187): CodeIgniter\Database\MigrationRunner->migrate()
#7 C:\xampp\htdocs\Web Pengabdian\websitedesa\vendor\codeigniter4\framework\system\Commands\Database\Migrate.php(84): CodeIgniter\Database\MigrationRunner->latest()
#8 C:\xampp\htdocs\Web Pengabdian\websitedesa\vendor\codeigniter4\framework\system\CLI\Commands.php(63): CodeIgniter\Commands\Database\Migrate->run()
#9 C:\xampp\htdocs\Web Pengabdian\websitedesa\vendor\codeigniter4\framework\system\CLI\CommandRunner.php(65): CodeIgniter\CLI\Commands->run()
#10 C:\xampp\htdocs\Web Pengabdian\websitedesa\vendor\codeigniter4\framework\system\CLI\CommandRunner.php(51): CodeIgniter\CLI\CommandRunner->index()
#11 C:\xampp\htdocs\Web Pengabdian\websitedesa\vendor\codeigniter4\framework\system\CodeIgniter.php(900): CodeIgniter\CLI\CommandRunner->_remap()
#12 C:\xampp\htdocs\Web Pengabdian\websitedesa\vendor\codeigniter4\framework\system\CodeIgniter.php(457): CodeIgniter\CodeIgniter->runController()
#13 C:\xampp\htdocs\Web Pengabdian\websitedesa\vendor\codeigniter4\framework\system\CodeIgniter.php(336): CodeIgniter\CodeIgniter->handleRequest()
#14 C:\xampp\htdocs\Web Pengabdian\websitedesa\vendor\codeigniter4\framework\system\CLI\Console.php(48): CodeIgniter\CodeIgniter->run()
#15 C:\xampp\htdocs\Web Pengabdian\websitedesa\spark(98): CodeIgniter\CLI\Console->run()
#16 {main}
ERROR - 2023-07-15 04:16:13 --> mysqli_sql_exception: Table 'kategori_post' already exists in C:\xampp\htdocs\Web Pengabdian\websitedesa\vendor\codeigniter4\framework\system\Database\MySQLi\Connection.php:292
Stack trace:
#0 C:\xampp\htdocs\Web Pengabdian\websitedesa\vendor\codeigniter4\framework\system\Database\MySQLi\Connection.php(292): mysqli->query()
#1 C:\xampp\htdocs\Web Pengabdian\websitedesa\vendor\codeigniter4\framework\system\Database\BaseConnection.php(693): CodeIgniter\Database\MySQLi\Connection->execute()
#2 C:\xampp\htdocs\Web Pengabdian\websitedesa\vendor\codeigniter4\framework\system\Database\BaseConnection.php(620): CodeIgniter\Database\BaseConnection->simpleQuery()
#3 C:\xampp\htdocs\Web Pengabdian\websitedesa\vendor\codeigniter4\framework\system\Database\Forge.php(509): CodeIgniter\Database\BaseConnection->query()
#4 C:\xampp\htdocs\Web Pengabdian\websitedesa\app\Database\Migrations\2023-07-15-091231_KategoriPost.php(28): CodeIgniter\Database\Forge->createTable()
#5 C:\xampp\htdocs\Web Pengabdian\websitedesa\vendor\codeigniter4\framework\system\Database\MigrationRunner.php(868): App\Database\Migrations\KategoriPost->up()
#6 C:\xampp\htdocs\Web Pengabdian\websitedesa\vendor\codeigniter4\framework\system\Database\MigrationRunner.php(187): CodeIgniter\Database\MigrationRunner->migrate()
#7 C:\xampp\htdocs\Web Pengabdian\websitedesa\vendor\codeigniter4\framework\system\Commands\Database\Migrate.php(84): CodeIgniter\Database\MigrationRunner->latest()
#8 C:\xampp\htdocs\Web Pengabdian\websitedesa\vendor\codeigniter4\framework\system\CLI\Commands.php(63): CodeIgniter\Commands\Database\Migrate->run()
#9 C:\xampp\htdocs\Web Pengabdian\websitedesa\vendor\codeigniter4\framework\system\CLI\CommandRunner.php(65): CodeIgniter\CLI\Commands->run()
#10 C:\xampp\htdocs\Web Pengabdian\websitedesa\vendor\codeigniter4\framework\system\CLI\CommandRunner.php(51): CodeIgniter\CLI\CommandRunner->index()
#11 C:\xampp\htdocs\Web Pengabdian\websitedesa\vendor\codeigniter4\framework\system\CodeIgniter.php(900): CodeIgniter\CLI\CommandRunner->_remap()
#12 C:\xampp\htdocs\Web Pengabdian\websitedesa\vendor\codeigniter4\framework\system\CodeIgniter.php(457): CodeIgniter\CodeIgniter->runController()
#13 C:\xampp\htdocs\Web Pengabdian\websitedesa\vendor\codeigniter4\framework\system\CodeIgniter.php(336): CodeIgniter\CodeIgniter->handleRequest()
#14 C:\xampp\htdocs\Web Pengabdian\websitedesa\vendor\codeigniter4\framework\system\CLI\Console.php(48): CodeIgniter\CodeIgniter->run()
#15 C:\xampp\htdocs\Web Pengabdian\websitedesa\spark(98): CodeIgniter\CLI\Console->run()
#16 {main}
ERROR - 2023-07-15 04:35:47 --> mysqli_sql_exception: Unknown column 'kategori_post.id' in 'on clause' in C:\xampp\htdocs\Web Pengabdian\websitedesa\vendor\codeigniter4\framework\system\Database\MySQLi\Connection.php:292
Stack trace:
#0 C:\xampp\htdocs\Web Pengabdian\websitedesa\vendor\codeigniter4\framework\system\Database\MySQLi\Connection.php(292): mysqli->query()
#1 C:\xampp\htdocs\Web Pengabdian\websitedesa\vendor\codeigniter4\framework\system\Database\BaseConnection.php(693): CodeIgniter\Database\MySQLi\Connection->execute()
#2 C:\xampp\htdocs\Web Pengabdian\websitedesa\vendor\codeigniter4\framework\system\Database\BaseConnection.php(620): CodeIgniter\Database\BaseConnection->simpleQuery()
#3 C:\xampp\htdocs\Web Pengabdian\websitedesa\vendor\codeigniter4\framework\system\Database\BaseBuilder.php(1585): CodeIgniter\Database\BaseConnection->query()
#4 C:\xampp\htdocs\Web Pengabdian\websitedesa\vendor\codeigniter4\framework\system\Model.php(772): CodeIgniter\Database\BaseBuilder->get()
#5 C:\xampp\htdocs\Web Pengabdian\websitedesa\app\Models\PostsModel.php(76): CodeIgniter\Model->__call()
#6 C:\xampp\htdocs\Web Pengabdian\websitedesa\app\Controllers\Admin\Post.php(38): App\Models\PostsModel->ListPosts()
#7 C:\xampp\htdocs\Web Pengabdian\websitedesa\vendor\codeigniter4\framework\system\CodeIgniter.php(907): App\Controllers\Admin\Post->index()
#8 C:\xampp\htdocs\Web Pengabdian\websitedesa\vendor\codeigniter4\framework\system\CodeIgniter.php(457): CodeIgniter\CodeIgniter->runController()
#9 C:\xampp\htdocs\Web Pengabdian\websitedesa\vendor\codeigniter4\framework\system\CodeIgniter.php(340): CodeIgniter\CodeIgniter->handleRequest()
#10 C:\xampp\htdocs\Web Pengabdian\websitedesa\public\index.php(67): CodeIgniter\CodeIgniter->run()
#11 C:\xampp\htdocs\Web Pengabdian\websitedesa\vendor\codeigniter4\framework\system\Commands\Server\rewrite.php(43): require_once('C:\\xampp\\htdocs...')
#12 {main}
CRITICAL - 2023-07-15 04:35:47 --> Unknown column 'kategori_post.id' in 'on clause'
in SYSTEMPATH\Database\MySQLi\Connection.php on line 292.
 1 SYSTEMPATH\Database\MySQLi\Connection.php(292): mysqli->query()
 2 SYSTEMPATH\Database\BaseConnection.php(693): CodeIgniter\Database\MySQLi\Connection->execute()
 3 SYSTEMPATH\Database\BaseConnection.php(620): CodeIgniter\Database\BaseConnection->simpleQuery()
 4 SYSTEMPATH\Database\BaseBuilder.php(1585): CodeIgniter\Database\BaseConnection->query()
 5 SYSTEMPATH\Model.php(772): CodeIgniter\Database\BaseBuilder->get()
 6 APPPATH\Models\PostsModel.php(76): CodeIgniter\Model->__call()
 7 APPPATH\Controllers\Admin\Post.php(38): App\Models\PostsModel->ListPosts()
 8 SYSTEMPATH\CodeIgniter.php(907): App\Controllers\Admin\Post->index()
 9 SYSTEMPATH\CodeIgniter.php(457): CodeIgniter\CodeIgniter->runController()
10 SYSTEMPATH\CodeIgniter.php(340): CodeIgniter\CodeIgniter->handleRequest()
11 FCPATH\index.php(67): CodeIgniter\CodeIgniter->run()
12 SYSTEMPATH\Commands\Server\rewrite.php(43): require_once('FCPATH\\index.php')
ERROR - 2023-07-15 04:36:00 --> mysqli_sql_exception: Unknown column 'post.kategori_id' in 'on clause' in C:\xampp\htdocs\Web Pengabdian\websitedesa\vendor\codeigniter4\framework\system\Database\MySQLi\Connection.php:292
Stack trace:
#0 C:\xampp\htdocs\Web Pengabdian\websitedesa\vendor\codeigniter4\framework\system\Database\MySQLi\Connection.php(292): mysqli->query()
#1 C:\xampp\htdocs\Web Pengabdian\websitedesa\vendor\codeigniter4\framework\system\Database\BaseConnection.php(693): CodeIgniter\Database\MySQLi\Connection->execute()
#2 C:\xampp\htdocs\Web Pengabdian\websitedesa\vendor\codeigniter4\framework\system\Database\BaseConnection.php(620): CodeIgniter\Database\BaseConnection->simpleQuery()
#3 C:\xampp\htdocs\Web Pengabdian\websitedesa\vendor\codeigniter4\framework\system\Database\BaseBuilder.php(1585): CodeIgniter\Database\BaseConnection->query()
#4 C:\xampp\htdocs\Web Pengabdian\websitedesa\vendor\codeigniter4\framework\system\Model.php(772): CodeIgniter\Database\BaseBuilder->get()
#5 C:\xampp\htdocs\Web Pengabdian\websitedesa\app\Models\PostsModel.php(76): CodeIgniter\Model->__call()
#6 C:\xampp\htdocs\Web Pengabdian\websitedesa\app\Controllers\Admin\Post.php(38): App\Models\PostsModel->ListPosts()
#7 C:\xampp\htdocs\Web Pengabdian\websitedesa\vendor\codeigniter4\framework\system\CodeIgniter.php(907): App\Controllers\Admin\Post->index()
#8 C:\xampp\htdocs\Web Pengabdian\websitedesa\vendor\codeigniter4\framework\system\CodeIgniter.php(457): CodeIgniter\CodeIgniter->runController()
#9 C:\xampp\htdocs\Web Pengabdian\websitedesa\vendor\codeigniter4\framework\system\CodeIgniter.php(340): CodeIgniter\CodeIgniter->handleRequest()
#10 C:\xampp\htdocs\Web Pengabdian\websitedesa\public\index.php(67): CodeIgniter\CodeIgniter->run()
#11 C:\xampp\htdocs\Web Pengabdian\websitedesa\vendor\codeigniter4\framework\system\Commands\Server\rewrite.php(43): require_once('C:\\xampp\\htdocs...')
#12 {main}
CRITICAL - 2023-07-15 04:36:00 --> Unknown column 'post.kategori_id' in 'on clause'
in SYSTEMPATH\Database\MySQLi\Connection.php on line 292.
 1 SYSTEMPATH\Database\MySQLi\Connection.php(292): mysqli->query()
 2 SYSTEMPATH\Database\BaseConnection.php(693): CodeIgniter\Database\MySQLi\Connection->execute()
 3 SYSTEMPATH\Database\BaseConnection.php(620): CodeIgniter\Database\BaseConnection->simpleQuery()
 4 SYSTEMPATH\Database\BaseBuilder.php(1585): CodeIgniter\Database\BaseConnection->query()
 5 SYSTEMPATH\Model.php(772): CodeIgniter\Database\BaseBuilder->get()
 6 APPPATH\Models\PostsModel.php(76): CodeIgniter\Model->__call()
 7 APPPATH\Controllers\Admin\Post.php(38): App\Models\PostsModel->ListPosts()
 8 SYSTEMPATH\CodeIgniter.php(907): App\Controllers\Admin\Post->index()
 9 SYSTEMPATH\CodeIgniter.php(457): CodeIgniter\CodeIgniter->runController()
10 SYSTEMPATH\CodeIgniter.php(340): CodeIgniter\CodeIgniter->handleRequest()
11 FCPATH\index.php(67): CodeIgniter\CodeIgniter->run()
12 SYSTEMPATH\Commands\Server\rewrite.php(43): require_once('FCPATH\\index.php')
CRITICAL - 2023-07-15 04:47:23 --> Array to string conversion
in APPPATH\Views\admin\v_dashboard_admin_posts_create.php on line 43.
 1 APPPATH\Views\admin\v_dashboard_admin_posts_create.php(43): CodeIgniter\Debug\Exceptions->errorHandler()
 2 SYSTEMPATH\View\View.php(213): include('APPPATH\\Views\\admin\\v_dashboard_admin_posts_create.php')
 3 SYSTEMPATH\View\View.php(216): CodeIgniter\View\View->CodeIgniter\View\{closure}()
 4 SYSTEMPATH\Common.php(1142): CodeIgniter\View\View->render()
 5 APPPATH\Controllers\Admin\Post.php(127): view()
 6 SYSTEMPATH\CodeIgniter.php(907): App\Controllers\Admin\Post->tambahPost()
 7 SYSTEMPATH\CodeIgniter.php(457): CodeIgniter\CodeIgniter->runController()
 8 SYSTEMPATH\CodeIgniter.php(340): CodeIgniter\CodeIgniter->handleRequest()
 9 FCPATH\index.php(67): CodeIgniter\CodeIgniter->run()
10 SYSTEMPATH\Commands\Server\rewrite.php(43): require_once('FCPATH\\index.php')
CRITICAL - 2023-07-15 04:51:03 --> Undefined variable: categories
in APPPATH\Views\admin\v_dashboard_admin_posts_create.php on line 42.
 1 APPPATH\Views\admin\v_dashboard_admin_posts_create.php(42): CodeIgniter\Debug\Exceptions->errorHandler()
 2 SYSTEMPATH\View\View.php(213): include('APPPATH\\Views\\admin\\v_dashboard_admin_posts_create.php')
 3 SYSTEMPATH\View\View.php(216): CodeIgniter\View\View->CodeIgniter\View\{closure}()
 4 SYSTEMPATH\Common.php(1142): CodeIgniter\View\View->render()
 5 APPPATH\Controllers\Admin\Post.php(217): view()
 6 SYSTEMPATH\CodeIgniter.php(907): App\Controllers\Admin\Post->editPost()
 7 SYSTEMPATH\CodeIgniter.php(457): CodeIgniter\CodeIgniter->runController()
 8 SYSTEMPATH\CodeIgniter.php(340): CodeIgniter\CodeIgniter->handleRequest()
 9 FCPATH\index.php(67): CodeIgniter\CodeIgniter->run()
10 SYSTEMPATH\Commands\Server\rewrite.php(43): require_once('FCPATH\\index.php')
CRITICAL - 2023-07-15 05:06:14 --> syntax error, unexpected 'if' (T_IF)
in APPPATH\Controllers\Admin\Post.php on line 149.
 1 SYSTEMPATH\Autoloader\Autoloader.php(259): CodeIgniter\Autoloader\Autoloader->includeFile()
 2 SYSTEMPATH\Autoloader\Autoloader.php(237): CodeIgniter\Autoloader\Autoloader->loadInNamespace()
 3 [internal function]: CodeIgniter\Autoloader\Autoloader->loadClass()
 4 [internal function]: spl_autoload_call()
 5 SYSTEMPATH\CodeIgniter.php(857): class_exists()
 6 SYSTEMPATH\CodeIgniter.php(444): CodeIgniter\CodeIgniter->startController()
 7 SYSTEMPATH\CodeIgniter.php(340): CodeIgniter\CodeIgniter->handleRequest()
 8 FCPATH\index.php(67): CodeIgniter\CodeIgniter->run()
 9 SYSTEMPATH\Commands\Server\rewrite.php(43): require_once('FCPATH\\index.php')
ERROR - 2023-07-15 08:13:11 --> mysqli_sql_exception: MySQL server has gone away in C:\xampp\htdocs\Web Pengabdian\websitedesa\vendor\codeigniter4\framework\system\Database\MySQLi\Connection.php:292
Stack trace:
#0 C:\xampp\htdocs\Web Pengabdian\websitedesa\vendor\codeigniter4\framework\system\Database\MySQLi\Connection.php(292): mysqli->query()
#1 C:\xampp\htdocs\Web Pengabdian\websitedesa\vendor\codeigniter4\framework\system\Database\BaseConnection.php(693): CodeIgniter\Database\MySQLi\Connection->execute()
#2 C:\xampp\htdocs\Web Pengabdian\websitedesa\vendor\codeigniter4\framework\system\Database\BaseConnection.php(620): CodeIgniter\Database\BaseConnection->simpleQuery()
#3 C:\xampp\htdocs\Web Pengabdian\websitedesa\vendor\codeigniter4\framework\system\Database\BaseBuilder.php(1916): CodeIgniter\Database\BaseConnection->query()
#4 C:\xampp\htdocs\Web Pengabdian\websitedesa\vendor\codeigniter4\framework\system\Model.php(279): CodeIgniter\Database\BaseBuilder->insert()
#5 C:\xampp\htdocs\Web Pengabdian\websitedesa\vendor\codeigniter4\framework\system\BaseModel.php(738): CodeIgniter\Model->doInsert()
#6 C:\xampp\htdocs\Web Pengabdian\websitedesa\vendor\codeigniter4\framework\system\Model.php(667): CodeIgniter\BaseModel->insert()
#7 C:\xampp\htdocs\Web Pengabdian\websitedesa\vendor\codeigniter4\framework\system\BaseModel.php(658): CodeIgniter\Model->insert()
#8 C:\xampp\htdocs\Web Pengabdian\websitedesa\app\Models\PostsModel.php(44): CodeIgniter\BaseModel->save()
#9 C:\xampp\htdocs\Web Pengabdian\websitedesa\app\Controllers\Admin\Post.php(113): App\Models\PostsModel->insertPost()
#10 C:\xampp\htdocs\Web Pengabdian\websitedesa\vendor\codeigniter4\framework\system\CodeIgniter.php(907): App\Controllers\Admin\Post->tambahPost()
#11 C:\xampp\htdocs\Web Pengabdian\websitedesa\vendor\codeigniter4\framework\system\CodeIgniter.php(457): CodeIgniter\CodeIgniter->runController()
#12 C:\xampp\htdocs\Web Pengabdian\websitedesa\vendor\codeigniter4\framework\system\CodeIgniter.php(340): CodeIgniter\CodeIgniter->handleRequest()
#13 C:\xampp\htdocs\Web Pengabdian\websitedesa\public\index.php(67): CodeIgniter\CodeIgniter->run()
#14 C:\xampp\htdocs\Web Pengabdian\websitedesa\vendor\codeigniter4\framework\system\Commands\Server\rewrite.php(43): require_once('C:\\xampp\\htdocs...')
#15 {main}
CRITICAL - 2023-07-15 08:13:11 --> MySQL server has gone away
in SYSTEMPATH\Database\MySQLi\Connection.php on line 292.
 1 SYSTEMPATH\Database\MySQLi\Connection.php(292): mysqli->query()
 2 SYSTEMPATH\Database\BaseConnection.php(693): CodeIgniter\Database\MySQLi\Connection->execute()
 3 SYSTEMPATH\Database\BaseConnection.php(620): CodeIgniter\Database\BaseConnection->simpleQuery()
 4 SYSTEMPATH\Database\BaseBuilder.php(1916): CodeIgniter\Database\BaseConnection->query()
 5 SYSTEMPATH\Model.php(279): CodeIgniter\Database\BaseBuilder->insert()
 6 SYSTEMPATH\BaseModel.php(738): CodeIgniter\Model->doInsert()
 7 SYSTEMPATH\Model.php(667): CodeIgniter\BaseModel->insert()
 8 SYSTEMPATH\BaseModel.php(658): CodeIgniter\Model->insert()
 9 APPPATH\Models\PostsModel.php(44): CodeIgniter\BaseModel->save()
10 APPPATH\Controllers\Admin\Post.php(113): App\Models\PostsModel->insertPost()
11 SYSTEMPATH\CodeIgniter.php(907): App\Controllers\Admin\Post->tambahPost()
12 SYSTEMPATH\CodeIgniter.php(457): CodeIgniter\CodeIgniter->runController()
13 SYSTEMPATH\CodeIgniter.php(340): CodeIgniter\CodeIgniter->handleRequest()
14 FCPATH\index.php(67): CodeIgniter\CodeIgniter->run()
15 SYSTEMPATH\Commands\Server\rewrite.php(43): require_once('FCPATH\\index.php')
ERROR - 2023-07-15 08:13:25 --> mysqli_sql_exception: MySQL server has gone away in C:\xampp\htdocs\Web Pengabdian\websitedesa\vendor\codeigniter4\framework\system\Database\MySQLi\Connection.php:292
Stack trace:
#0 C:\xampp\htdocs\Web Pengabdian\websitedesa\vendor\codeigniter4\framework\system\Database\MySQLi\Connection.php(292): mysqli->query()
#1 C:\xampp\htdocs\Web Pengabdian\websitedesa\vendor\codeigniter4\framework\system\Database\BaseConnection.php(693): CodeIgniter\Database\MySQLi\Connection->execute()
#2 C:\xampp\htdocs\Web Pengabdian\websitedesa\vendor\codeigniter4\framework\system\Database\BaseConnection.php(620): CodeIgniter\Database\BaseConnection->simpleQuery()
#3 C:\xampp\htdocs\Web Pengabdian\websitedesa\vendor\codeigniter4\framework\system\Database\BaseBuilder.php(1916): CodeIgniter\Database\BaseConnection->query()
#4 C:\xampp\htdocs\Web Pengabdian\websitedesa\vendor\codeigniter4\framework\system\Model.php(279): CodeIgniter\Database\BaseBuilder->insert()
#5 C:\xampp\htdocs\Web Pengabdian\websitedesa\vendor\codeigniter4\framework\system\BaseModel.php(738): CodeIgniter\Model->doInsert()
#6 C:\xampp\htdocs\Web Pengabdian\websitedesa\vendor\codeigniter4\framework\system\Model.php(667): CodeIgniter\BaseModel->insert()
#7 C:\xampp\htdocs\Web Pengabdian\websitedesa\vendor\codeigniter4\framework\system\BaseModel.php(658): CodeIgniter\Model->insert()
#8 C:\xampp\htdocs\Web Pengabdian\websitedesa\app\Models\PostsModel.php(44): CodeIgniter\BaseModel->save()
#9 C:\xampp\htdocs\Web Pengabdian\websitedesa\app\Controllers\Admin\Post.php(113): App\Models\PostsModel->insertPost()
#10 C:\xampp\htdocs\Web Pengabdian\websitedesa\vendor\codeigniter4\framework\system\CodeIgniter.php(907): App\Controllers\Admin\Post->tambahPost()
#11 C:\xampp\htdocs\Web Pengabdian\websitedesa\vendor\codeigniter4\framework\system\CodeIgniter.php(457): CodeIgniter\CodeIgniter->runController()
#12 C:\xampp\htdocs\Web Pengabdian\websitedesa\vendor\codeigniter4\framework\system\CodeIgniter.php(340): CodeIgniter\CodeIgniter->handleRequest()
#13 C:\xampp\htdocs\Web Pengabdian\websitedesa\public\index.php(67): CodeIgniter\CodeIgniter->run()
#14 C:\xampp\htdocs\Web Pengabdian\websitedesa\vendor\codeigniter4\framework\system\Commands\Server\rewrite.php(43): require_once('C:\\xampp\\htdocs...')
#15 {main}
CRITICAL - 2023-07-15 08:13:25 --> MySQL server has gone away
in SYSTEMPATH\Database\MySQLi\Connection.php on line 292.
 1 SYSTEMPATH\Database\MySQLi\Connection.php(292): mysqli->query()
 2 SYSTEMPATH\Database\BaseConnection.php(693): CodeIgniter\Database\MySQLi\Connection->execute()
 3 SYSTEMPATH\Database\BaseConnection.php(620): CodeIgniter\Database\BaseConnection->simpleQuery()
 4 SYSTEMPATH\Database\BaseBuilder.php(1916): CodeIgniter\Database\BaseConnection->query()
 5 SYSTEMPATH\Model.php(279): CodeIgniter\Database\BaseBuilder->insert()
 6 SYSTEMPATH\BaseModel.php(738): CodeIgniter\Model->doInsert()
 7 SYSTEMPATH\Model.php(667): CodeIgniter\BaseModel->insert()
 8 SYSTEMPATH\BaseModel.php(658): CodeIgniter\Model->insert()
 9 APPPATH\Models\PostsModel.php(44): CodeIgniter\BaseModel->save()
10 APPPATH\Controllers\Admin\Post.php(113): App\Models\PostsModel->insertPost()
11 SYSTEMPATH\CodeIgniter.php(907): App\Controllers\Admin\Post->tambahPost()
12 SYSTEMPATH\CodeIgniter.php(457): CodeIgniter\CodeIgniter->runController()
13 SYSTEMPATH\CodeIgniter.php(340): CodeIgniter\CodeIgniter->handleRequest()
14 FCPATH\index.php(67): CodeIgniter\CodeIgniter->run()
15 SYSTEMPATH\Commands\Server\rewrite.php(43): require_once('FCPATH\\index.php')
ERROR - 2023-07-15 08:14:06 --> mysqli_sql_exception: MySQL server has gone away in C:\xampp\htdocs\Web Pengabdian\websitedesa\vendor\codeigniter4\framework\system\Database\MySQLi\Connection.php:292
Stack trace:
#0 C:\xampp\htdocs\Web Pengabdian\websitedesa\vendor\codeigniter4\framework\system\Database\MySQLi\Connection.php(292): mysqli->query()
#1 C:\xampp\htdocs\Web Pengabdian\websitedesa\vendor\codeigniter4\framework\system\Database\BaseConnection.php(693): CodeIgniter\Database\MySQLi\Connection->execute()
#2 C:\xampp\htdocs\Web Pengabdian\websitedesa\vendor\codeigniter4\framework\system\Database\BaseConnection.php(620): CodeIgniter\Database\BaseConnection->simpleQuery()
#3 C:\xampp\htdocs\Web Pengabdian\websitedesa\vendor\codeigniter4\framework\system\Database\BaseBuilder.php(1916): CodeIgniter\Database\BaseConnection->query()
#4 C:\xampp\htdocs\Web Pengabdian\websitedesa\vendor\codeigniter4\framework\system\Model.php(279): CodeIgniter\Database\BaseBuilder->insert()
#5 C:\xampp\htdocs\Web Pengabdian\websitedesa\vendor\codeigniter4\framework\system\BaseModel.php(738): CodeIgniter\Model->doInsert()
#6 C:\xampp\htdocs\Web Pengabdian\websitedesa\vendor\codeigniter4\framework\system\Model.php(667): CodeIgniter\BaseModel->insert()
#7 C:\xampp\htdocs\Web Pengabdian\websitedesa\vendor\codeigniter4\framework\system\BaseModel.php(658): CodeIgniter\Model->insert()
#8 C:\xampp\htdocs\Web Pengabdian\websitedesa\app\Models\PostsModel.php(44): CodeIgniter\BaseModel->save()
#9 C:\xampp\htdocs\Web Pengabdian\websitedesa\app\Controllers\Admin\Post.php(113): App\Models\PostsModel->insertPost()
#10 C:\xampp\htdocs\Web Pengabdian\websitedesa\vendor\codeigniter4\framework\system\CodeIgniter.php(907): App\Controllers\Admin\Post->tambahPost()
#11 C:\xampp\htdocs\Web Pengabdian\websitedesa\vendor\codeigniter4\framework\system\CodeIgniter.php(457): CodeIgniter\CodeIgniter->runController()
#12 C:\xampp\htdocs\Web Pengabdian\websitedesa\vendor\codeigniter4\framework\system\CodeIgniter.php(340): CodeIgniter\CodeIgniter->handleRequest()
#13 C:\xampp\htdocs\Web Pengabdian\websitedesa\public\index.php(67): CodeIgniter\CodeIgniter->run()
#14 C:\xampp\htdocs\Web Pengabdian\websitedesa\vendor\codeigniter4\framework\system\Commands\Server\rewrite.php(43): require_once('C:\\xampp\\htdocs...')
#15 {main}
CRITICAL - 2023-07-15 08:14:06 --> MySQL server has gone away
in SYSTEMPATH\Database\MySQLi\Connection.php on line 292.
 1 SYSTEMPATH\Database\MySQLi\Connection.php(292): mysqli->query()
 2 SYSTEMPATH\Database\BaseConnection.php(693): CodeIgniter\Database\MySQLi\Connection->execute()
 3 SYSTEMPATH\Database\BaseConnection.php(620): CodeIgniter\Database\BaseConnection->simpleQuery()
 4 SYSTEMPATH\Database\BaseBuilder.php(1916): CodeIgniter\Database\BaseConnection->query()
 5 SYSTEMPATH\Model.php(279): CodeIgniter\Database\BaseBuilder->insert()
 6 SYSTEMPATH\BaseModel.php(738): CodeIgniter\Model->doInsert()
 7 SYSTEMPATH\Model.php(667): CodeIgniter\BaseModel->insert()
 8 SYSTEMPATH\BaseModel.php(658): CodeIgniter\Model->insert()
 9 APPPATH\Models\PostsModel.php(44): CodeIgniter\BaseModel->save()
10 APPPATH\Controllers\Admin\Post.php(113): App\Models\PostsModel->insertPost()
11 SYSTEMPATH\CodeIgniter.php(907): App\Controllers\Admin\Post->tambahPost()
12 SYSTEMPATH\CodeIgniter.php(457): CodeIgniter\CodeIgniter->runController()
13 SYSTEMPATH\CodeIgniter.php(340): CodeIgniter\CodeIgniter->handleRequest()
14 FCPATH\index.php(67): CodeIgniter\CodeIgniter->run()
15 SYSTEMPATH\Commands\Server\rewrite.php(43): require_once('FCPATH\\index.php')
ERROR - 2023-07-15 08:16:44 --> mysqli_sql_exception: MySQL server has gone away in C:\xampp\htdocs\Web Pengabdian\websitedesa\vendor\codeigniter4\framework\system\Database\MySQLi\Connection.php:292
Stack trace:
#0 C:\xampp\htdocs\Web Pengabdian\websitedesa\vendor\codeigniter4\framework\system\Database\MySQLi\Connection.php(292): mysqli->query()
#1 C:\xampp\htdocs\Web Pengabdian\websitedesa\vendor\codeigniter4\framework\system\Database\BaseConnection.php(693): CodeIgniter\Database\MySQLi\Connection->execute()
#2 C:\xampp\htdocs\Web Pengabdian\websitedesa\vendor\codeigniter4\framework\system\Database\BaseConnection.php(620): CodeIgniter\Database\BaseConnection->simpleQuery()
#3 C:\xampp\htdocs\Web Pengabdian\websitedesa\vendor\codeigniter4\framework\system\Database\BaseBuilder.php(1916): CodeIgniter\Database\BaseConnection->query()
#4 C:\xampp\htdocs\Web Pengabdian\websitedesa\vendor\codeigniter4\framework\system\Model.php(279): CodeIgniter\Database\BaseBuilder->insert()
#5 C:\xampp\htdocs\Web Pengabdian\websitedesa\vendor\codeigniter4\framework\system\BaseModel.php(738): CodeIgniter\Model->doInsert()
#6 C:\xampp\htdocs\Web Pengabdian\websitedesa\vendor\codeigniter4\framework\system\Model.php(667): CodeIgniter\BaseModel->insert()
#7 C:\xampp\htdocs\Web Pengabdian\websitedesa\vendor\codeigniter4\framework\system\BaseModel.php(658): CodeIgniter\Model->insert()
#8 C:\xampp\htdocs\Web Pengabdian\websitedesa\app\Models\PostsModel.php(44): CodeIgniter\BaseModel->save()
#9 C:\xampp\htdocs\Web Pengabdian\websitedesa\app\Controllers\Admin\Post.php(113): App\Models\PostsModel->insertPost()
#10 C:\xampp\htdocs\Web Pengabdian\websitedesa\vendor\codeigniter4\framework\system\CodeIgniter.php(907): App\Controllers\Admin\Post->tambahPost()
#11 C:\xampp\htdocs\Web Pengabdian\websitedesa\vendor\codeigniter4\framework\system\CodeIgniter.php(457): CodeIgniter\CodeIgniter->runController()
#12 C:\xampp\htdocs\Web Pengabdian\websitedesa\vendor\codeigniter4\framework\system\CodeIgniter.php(340): CodeIgniter\CodeIgniter->handleRequest()
#13 C:\xampp\htdocs\Web Pengabdian\websitedesa\public\index.php(67): CodeIgniter\CodeIgniter->run()
#14 C:\xampp\htdocs\Web Pengabdian\websitedesa\vendor\codeigniter4\framework\system\Commands\Server\rewrite.php(43): require_once('C:\\xampp\\htdocs...')
#15 {main}
CRITICAL - 2023-07-15 08:16:44 --> MySQL server has gone away
in SYSTEMPATH\Database\MySQLi\Connection.php on line 292.
 1 SYSTEMPATH\Database\MySQLi\Connection.php(292): mysqli->query()
 2 SYSTEMPATH\Database\BaseConnection.php(693): CodeIgniter\Database\MySQLi\Connection->execute()
 3 SYSTEMPATH\Database\BaseConnection.php(620): CodeIgniter\Database\BaseConnection->simpleQuery()
 4 SYSTEMPATH\Database\BaseBuilder.php(1916): CodeIgniter\Database\BaseConnection->query()
 5 SYSTEMPATH\Model.php(279): CodeIgniter\Database\BaseBuilder->insert()
 6 SYSTEMPATH\BaseModel.php(738): CodeIgniter\Model->doInsert()
 7 SYSTEMPATH\Model.php(667): CodeIgniter\BaseModel->insert()
 8 SYSTEMPATH\BaseModel.php(658): CodeIgniter\Model->insert()
 9 APPPATH\Models\PostsModel.php(44): CodeIgniter\BaseModel->save()
10 APPPATH\Controllers\Admin\Post.php(113): App\Models\PostsModel->insertPost()
11 SYSTEMPATH\CodeIgniter.php(907): App\Controllers\Admin\Post->tambahPost()
12 SYSTEMPATH\CodeIgniter.php(457): CodeIgniter\CodeIgniter->runController()
13 SYSTEMPATH\CodeIgniter.php(340): CodeIgniter\CodeIgniter->handleRequest()
14 FCPATH\index.php(67): CodeIgniter\CodeIgniter->run()
15 SYSTEMPATH\Commands\Server\rewrite.php(43): require_once('FCPATH\\index.php')
CRITICAL - 2023-07-15 08:23:19 --> file_get_contents(blob:http://localhost:8080/46b3b10e-c245-4676-a493-de1b6927c9c9): failed to open stream: No such file or directory
in APPPATH\Views\admin\v_dashboard_admin_posts_create.php on line 7.
 1 [internal function]: CodeIgniter\Debug\Exceptions->errorHandler()
 2 APPPATH\Views\admin\v_dashboard_admin_posts_create.php(7): file_get_contents()
 3 [internal function]: CodeIgniter\View\View->{closure}()
 4 APPPATH\Views\admin\v_dashboard_admin_posts_create.php(10): preg_replace_callback()
 5 SYSTEMPATH\View\View.php(213): include('APPPATH\\Views\\admin\\v_dashboard_admin_posts_create.php')
 6 SYSTEMPATH\View\View.php(216): CodeIgniter\View\View->CodeIgniter\View\{closure}()
 7 SYSTEMPATH\Common.php(1142): CodeIgniter\View\View->render()
 8 APPPATH\Controllers\Admin\Post.php(233): view()
 9 SYSTEMPATH\CodeIgniter.php(907): App\Controllers\Admin\Post->editPost()
10 SYSTEMPATH\CodeIgniter.php(457): CodeIgniter\CodeIgniter->runController()
11 SYSTEMPATH\CodeIgniter.php(340): CodeIgniter\CodeIgniter->handleRequest()
12 FCPATH\index.php(67): CodeIgniter\CodeIgniter->run()
13 SYSTEMPATH\Commands\Server\rewrite.php(43): require_once('FCPATH\\index.php')
CRITICAL - 2023-07-15 19:03:22 --> Invalid file: admin/v_dashboard_admin_kategori.php
in SYSTEMPATH\Exceptions\FrameworkException.php on line 33.
 1 SYSTEMPATH\View\View.php(201): CodeIgniter\Exceptions\FrameworkException::forInvalidFile()
 2 SYSTEMPATH\Common.php(1142): CodeIgniter\View\View->render()
 3 APPPATH\Controllers\Admin\Post.php(269): view()
 4 SYSTEMPATH\CodeIgniter.php(907): App\Controllers\Admin\Post->kategoriPost()
 5 SYSTEMPATH\CodeIgniter.php(457): CodeIgniter\CodeIgniter->runController()
 6 SYSTEMPATH\CodeIgniter.php(340): CodeIgniter\CodeIgniter->handleRequest()
 7 FCPATH\index.php(67): CodeIgniter\CodeIgniter->run()
 8 SYSTEMPATH\Commands\Server\rewrite.php(43): require_once('FCPATH\\index.php')
CRITICAL - 2023-07-15 19:23:59 --> syntax error, unexpected ')'
in APPPATH\Views\admin\v_dashboard_admin_kategori.php on line 31.
 1 SYSTEMPATH\View\View.php(216): CodeIgniter\View\View->CodeIgniter\View\{closure}()
 2 SYSTEMPATH\Common.php(1142): CodeIgniter\View\View->render()
 3 APPPATH\Controllers\Admin\Post.php(269): view()
 4 SYSTEMPATH\CodeIgniter.php(907): App\Controllers\Admin\Post->kategoriPost()
 5 SYSTEMPATH\CodeIgniter.php(457): CodeIgniter\CodeIgniter->runController()
 6 SYSTEMPATH\CodeIgniter.php(340): CodeIgniter\CodeIgniter->handleRequest()
 7 FCPATH\index.php(67): CodeIgniter\CodeIgniter->run()
 8 SYSTEMPATH\Commands\Server\rewrite.php(43): require_once('FCPATH\\index.php')
CRITICAL - 2023-07-15 19:24:19 --> syntax error, unexpected ')'
in APPPATH\Views\admin\v_dashboard_admin_kategori.php on line 31.
 1 SYSTEMPATH\View\View.php(216): CodeIgniter\View\View->CodeIgniter\View\{closure}()
 2 SYSTEMPATH\Common.php(1142): CodeIgniter\View\View->render()
 3 APPPATH\Controllers\Admin\Post.php(269): view()
 4 SYSTEMPATH\CodeIgniter.php(907): App\Controllers\Admin\Post->kategoriPost()
 5 SYSTEMPATH\CodeIgniter.php(457): CodeIgniter\CodeIgniter->runController()
 6 SYSTEMPATH\CodeIgniter.php(340): CodeIgniter\CodeIgniter->handleRequest()
 7 FCPATH\index.php(67): CodeIgniter\CodeIgniter->run()
 8 SYSTEMPATH\Commands\Server\rewrite.php(43): require_once('FCPATH\\index.php')
CRITICAL - 2023-07-15 19:37:33 --> syntax error, unexpected ';', expecting ']'
in APPPATH\Controllers\Admin\Post.php on line 276.
 1 SYSTEMPATH\Autoloader\Autoloader.php(259): CodeIgniter\Autoloader\Autoloader->includeFile()
 2 SYSTEMPATH\Autoloader\Autoloader.php(237): CodeIgniter\Autoloader\Autoloader->loadInNamespace()
 3 [internal function]: CodeIgniter\Autoloader\Autoloader->loadClass()
 4 [internal function]: spl_autoload_call()
 5 SYSTEMPATH\CodeIgniter.php(857): class_exists()
 6 SYSTEMPATH\CodeIgniter.php(444): CodeIgniter\CodeIgniter->startController()
 7 SYSTEMPATH\CodeIgniter.php(340): CodeIgniter\CodeIgniter->handleRequest()
 8 FCPATH\index.php(67): CodeIgniter\CodeIgniter->run()
 9 SYSTEMPATH\Commands\Server\rewrite.php(43): require_once('FCPATH\\index.php')
