ERROR - 2023-09-13 08:15:43 --> Error connecting to the database: mysqli_sql_exception: No connection could be made because the target machine actively refused it.
 in C:\xampp\htdocs\Web Pengabdian\websitedesa\vendor\codeigniter4\framework\system\Database\MySQLi\Connection.php:171
Stack trace:
#0 C:\xampp\htdocs\Web Pengabdian\websitedesa\vendor\codeigniter4\framework\system\Database\MySQLi\Connection.php(171): mysqli->real_connect()
#1 C:\xampp\htdocs\Web Pengabdian\websitedesa\vendor\codeigniter4\framework\system\Database\BaseConnection.php(382): CodeIgniter\Database\MySQLi\Connection->connect()
#2 C:\xampp\htdocs\Web Pengabdian\websitedesa\vendor\codeigniter4\framework\system\Database\BaseConnection.php(588): CodeIgniter\Database\BaseConnection->initialize()
#3 C:\xampp\htdocs\Web Pengabdian\websitedesa\vendor\codeigniter4\framework\system\Database\BaseBuilder.php(1585): CodeIgniter\Database\BaseConnection->query()
#4 C:\xampp\htdocs\Web Pengabdian\websitedesa\vendor\codeigniter4\framework\system\Model.php(772): CodeIgniter\Database\BaseBuilder->get()
#5 C:\xampp\htdocs\Web Pengabdian\websitedesa\app\Models\ProfileDesaModel.php(16): CodeIgniter\Model->__call()
#6 C:\xampp\htdocs\Web Pengabdian\websitedesa\app\Controllers\User\ProfileDesa.php(15): App\Models\ProfileDesaModel->getData()
#7 C:\xampp\htdocs\Web Pengabdian\websitedesa\vendor\codeigniter4\framework\system\CodeIgniter.php(907): App\Controllers\User\ProfileDesa->Sejarah()
#8 C:\xampp\htdocs\Web Pengabdian\websitedesa\vendor\codeigniter4\framework\system\CodeIgniter.php(457): CodeIgniter\CodeIgniter->runController()
#9 C:\xampp\htdocs\Web Pengabdian\websitedesa\vendor\codeigniter4\framework\system\CodeIgniter.php(340): CodeIgniter\CodeIgniter->handleRequest()
#10 C:\xampp\htdocs\Web Pengabdian\websitedesa\public\index.php(67): CodeIgniter\CodeIgniter->run()
#11 C:\xampp\htdocs\Web Pengabdian\websitedesa\vendor\codeigniter4\framework\system\Commands\Server\rewrite.php(43): require_once('C:\\xampp\\htdocs...')
#12 {main}

Next CodeIgniter\Database\Exceptions\DatabaseException: No connection could be made because the target machine actively refused it.
 in C:\xampp\htdocs\Web Pengabdian\websitedesa\vendor\codeigniter4\framework\system\Database\MySQLi\Connection.php:215
Stack trace:
#0 C:\xampp\htdocs\Web Pengabdian\websitedesa\vendor\codeigniter4\framework\system\Database\BaseConnection.php(382): CodeIgniter\Database\MySQLi\Connection->connect()
#1 C:\xampp\htdocs\Web Pengabdian\websitedesa\vendor\codeigniter4\framework\system\Database\BaseConnection.php(588): CodeIgniter\Database\BaseConnection->initialize()
#2 C:\xampp\htdocs\Web Pengabdian\websitedesa\vendor\codeigniter4\framework\system\Database\BaseBuilder.php(1585): CodeIgniter\Database\BaseConnection->query()
#3 C:\xampp\htdocs\Web Pengabdian\websitedesa\vendor\codeigniter4\framework\system\Model.php(772): CodeIgniter\Database\BaseBuilder->get()
#4 C:\xampp\htdocs\Web Pengabdian\websitedesa\app\Models\ProfileDesaModel.php(16): CodeIgniter\Model->__call()
#5 C:\xampp\htdocs\Web Pengabdian\websitedesa\app\Controllers\User\ProfileDesa.php(15): App\Models\ProfileDesaModel->getData()
#6 C:\xampp\htdocs\Web Pengabdian\websitedesa\vendor\codeigniter4\framework\system\CodeIgniter.php(907): App\Controllers\User\ProfileDesa->Sejarah()
#7 C:\xampp\htdocs\Web Pengabdian\websitedesa\vendor\codeigniter4\framework\system\CodeIgniter.php(457): CodeIgniter\CodeIgniter->runController()
#8 C:\xampp\htdocs\Web Pengabdian\websitedesa\vendor\codeigniter4\framework\system\CodeIgniter.php(340): CodeIgniter\CodeIgniter->handleRequest()
#9 C:\xampp\htdocs\Web Pengabdian\websitedesa\public\index.php(67): CodeIgniter\CodeIgniter->run()
#10 C:\xampp\htdocs\Web Pengabdian\websitedesa\vendor\codeigniter4\framework\system\Commands\Server\rewrite.php(43): require_once('C:\\xampp\\htdocs...')
#11 {main}
CRITICAL - 2023-09-13 08:15:43 --> Unable to connect to the database.
Main connection [MySQLi]: No connection could be made because the target machine actively refused it.

in SYSTEMPATH\Database\BaseConnection.php on line 418.
 1 SYSTEMPATH\Database\BaseConnection.php(588): CodeIgniter\Database\BaseConnection->initialize()
 2 SYSTEMPATH\Database\BaseBuilder.php(1585): CodeIgniter\Database\BaseConnection->query()
 3 SYSTEMPATH\Model.php(772): CodeIgniter\Database\BaseBuilder->get()
 4 APPPATH\Models\ProfileDesaModel.php(16): CodeIgniter\Model->__call()
 5 APPPATH\Controllers\User\ProfileDesa.php(15): App\Models\ProfileDesaModel->getData()
 6 SYSTEMPATH\CodeIgniter.php(907): App\Controllers\User\ProfileDesa->Sejarah()
 7 SYSTEMPATH\CodeIgniter.php(457): CodeIgniter\CodeIgniter->runController()
 8 SYSTEMPATH\CodeIgniter.php(340): CodeIgniter\CodeIgniter->handleRequest()
 9 FCPATH\index.php(67): CodeIgniter\CodeIgniter->run()
10 SYSTEMPATH\Commands\Server\rewrite.php(43): require_once('FCPATH\\index.php')
ERROR - 2023-09-13 08:15:48 --> Error connecting to the database: mysqli_sql_exception: No connection could be made because the target machine actively refused it.
 in C:\xampp\htdocs\Web Pengabdian\websitedesa\vendor\codeigniter4\framework\system\Database\MySQLi\Connection.php:171
Stack trace:
#0 C:\xampp\htdocs\Web Pengabdian\websitedesa\vendor\codeigniter4\framework\system\Database\MySQLi\Connection.php(171): mysqli->real_connect()
#1 C:\xampp\htdocs\Web Pengabdian\websitedesa\vendor\codeigniter4\framework\system\Database\BaseConnection.php(382): CodeIgniter\Database\MySQLi\Connection->connect()
#2 C:\xampp\htdocs\Web Pengabdian\websitedesa\vendor\codeigniter4\framework\system\Database\BaseConnection.php(588): CodeIgniter\Database\BaseConnection->initialize()
#3 C:\xampp\htdocs\Web Pengabdian\websitedesa\vendor\codeigniter4\framework\system\Database\BaseBuilder.php(1585): CodeIgniter\Database\BaseConnection->query()
#4 C:\xampp\htdocs\Web Pengabdian\websitedesa\vendor\codeigniter4\framework\system\Model.php(772): CodeIgniter\Database\BaseBuilder->get()
#5 C:\xampp\htdocs\Web Pengabdian\websitedesa\app\Models\ProfileDesaModel.php(16): CodeIgniter\Model->__call()
#6 C:\xampp\htdocs\Web Pengabdian\websitedesa\app\Controllers\User\ProfileDesa.php(15): App\Models\ProfileDesaModel->getData()
#7 C:\xampp\htdocs\Web Pengabdian\websitedesa\vendor\codeigniter4\framework\system\CodeIgniter.php(907): App\Controllers\User\ProfileDesa->Sejarah()
#8 C:\xampp\htdocs\Web Pengabdian\websitedesa\vendor\codeigniter4\framework\system\CodeIgniter.php(457): CodeIgniter\CodeIgniter->runController()
#9 C:\xampp\htdocs\Web Pengabdian\websitedesa\vendor\codeigniter4\framework\system\CodeIgniter.php(340): CodeIgniter\CodeIgniter->handleRequest()
#10 C:\xampp\htdocs\Web Pengabdian\websitedesa\public\index.php(67): CodeIgniter\CodeIgniter->run()
#11 C:\xampp\htdocs\Web Pengabdian\websitedesa\vendor\codeigniter4\framework\system\Commands\Server\rewrite.php(43): require_once('C:\\xampp\\htdocs...')
#12 {main}

Next CodeIgniter\Database\Exceptions\DatabaseException: No connection could be made because the target machine actively refused it.
 in C:\xampp\htdocs\Web Pengabdian\websitedesa\vendor\codeigniter4\framework\system\Database\MySQLi\Connection.php:215
Stack trace:
#0 C:\xampp\htdocs\Web Pengabdian\websitedesa\vendor\codeigniter4\framework\system\Database\BaseConnection.php(382): CodeIgniter\Database\MySQLi\Connection->connect()
#1 C:\xampp\htdocs\Web Pengabdian\websitedesa\vendor\codeigniter4\framework\system\Database\BaseConnection.php(588): CodeIgniter\Database\BaseConnection->initialize()
#2 C:\xampp\htdocs\Web Pengabdian\websitedesa\vendor\codeigniter4\framework\system\Database\BaseBuilder.php(1585): CodeIgniter\Database\BaseConnection->query()
#3 C:\xampp\htdocs\Web Pengabdian\websitedesa\vendor\codeigniter4\framework\system\Model.php(772): CodeIgniter\Database\BaseBuilder->get()
#4 C:\xampp\htdocs\Web Pengabdian\websitedesa\app\Models\ProfileDesaModel.php(16): CodeIgniter\Model->__call()
#5 C:\xampp\htdocs\Web Pengabdian\websitedesa\app\Controllers\User\ProfileDesa.php(15): App\Models\ProfileDesaModel->getData()
#6 C:\xampp\htdocs\Web Pengabdian\websitedesa\vendor\codeigniter4\framework\system\CodeIgniter.php(907): App\Controllers\User\ProfileDesa->Sejarah()
#7 C:\xampp\htdocs\Web Pengabdian\websitedesa\vendor\codeigniter4\framework\system\CodeIgniter.php(457): CodeIgniter\CodeIgniter->runController()
#8 C:\xampp\htdocs\Web Pengabdian\websitedesa\vendor\codeigniter4\framework\system\CodeIgniter.php(340): CodeIgniter\CodeIgniter->handleRequest()
#9 C:\xampp\htdocs\Web Pengabdian\websitedesa\public\index.php(67): CodeIgniter\CodeIgniter->run()
#10 C:\xampp\htdocs\Web Pengabdian\websitedesa\vendor\codeigniter4\framework\system\Commands\Server\rewrite.php(43): require_once('C:\\xampp\\htdocs...')
#11 {main}
CRITICAL - 2023-09-13 08:15:48 --> Unable to connect to the database.
Main connection [MySQLi]: No connection could be made because the target machine actively refused it.

in SYSTEMPATH\Database\BaseConnection.php on line 418.
 1 SYSTEMPATH\Database\BaseConnection.php(588): CodeIgniter\Database\BaseConnection->initialize()
 2 SYSTEMPATH\Database\BaseBuilder.php(1585): CodeIgniter\Database\BaseConnection->query()
 3 SYSTEMPATH\Model.php(772): CodeIgniter\Database\BaseBuilder->get()
 4 APPPATH\Models\ProfileDesaModel.php(16): CodeIgniter\Model->__call()
 5 APPPATH\Controllers\User\ProfileDesa.php(15): App\Models\ProfileDesaModel->getData()
 6 SYSTEMPATH\CodeIgniter.php(907): App\Controllers\User\ProfileDesa->Sejarah()
 7 SYSTEMPATH\CodeIgniter.php(457): CodeIgniter\CodeIgniter->runController()
 8 SYSTEMPATH\CodeIgniter.php(340): CodeIgniter\CodeIgniter->handleRequest()
 9 FCPATH\index.php(67): CodeIgniter\CodeIgniter->run()
10 SYSTEMPATH\Commands\Server\rewrite.php(43): require_once('FCPATH\\index.php')
CRITICAL - 2023-09-13 08:30:54 --> Undefined property: App\Controllers\User\Aparatur::$model
in APPPATH\Controllers\User\Aparatur.php on line 16.
 1 APPPATH\Controllers\User\Aparatur.php(16): CodeIgniter\Debug\Exceptions->errorHandler()
 2 SYSTEMPATH\CodeIgniter.php(907): App\Controllers\User\Aparatur->index()
 3 SYSTEMPATH\CodeIgniter.php(457): CodeIgniter\CodeIgniter->runController()
 4 SYSTEMPATH\CodeIgniter.php(340): CodeIgniter\CodeIgniter->handleRequest()
 5 FCPATH\index.php(67): CodeIgniter\CodeIgniter->run()
 6 SYSTEMPATH\Commands\Server\rewrite.php(43): require_once('FCPATH\\index.php')
CRITICAL - 2023-09-13 08:46:29 --> Undefined property: App\Controllers\User\Aparatur::$model
in APPPATH\Controllers\User\Aparatur.php on line 16.
 1 APPPATH\Controllers\User\Aparatur.php(16): CodeIgniter\Debug\Exceptions->errorHandler()
 2 SYSTEMPATH\CodeIgniter.php(907): App\Controllers\User\Aparatur->index()
 3 SYSTEMPATH\CodeIgniter.php(457): CodeIgniter\CodeIgniter->runController()
 4 SYSTEMPATH\CodeIgniter.php(340): CodeIgniter\CodeIgniter->handleRequest()
 5 FCPATH\index.php(67): CodeIgniter\CodeIgniter->run()
 6 SYSTEMPATH\Commands\Server\rewrite.php(43): require_once('FCPATH\\index.php')
CRITICAL - 2023-09-13 09:08:15 --> Illegal string offset 'judul_pengaduan'
in APPPATH\Views\user\v_user_pengaduan.php on line 89.
 1 APPPATH\Views\user\v_user_pengaduan.php(89): CodeIgniter\Debug\Exceptions->errorHandler()
 2 SYSTEMPATH\View\View.php(213): include('APPPATH\\Views\\user\\v_user_pengaduan.php')
 3 SYSTEMPATH\View\View.php(216): CodeIgniter\View\View->CodeIgniter\View\{closure}()
 4 SYSTEMPATH\Common.php(1142): CodeIgniter\View\View->render()
 5 APPPATH\Controllers\User\Pengaduan.php(22): view()
 6 SYSTEMPATH\CodeIgniter.php(907): App\Controllers\User\Pengaduan->index()
 7 SYSTEMPATH\CodeIgniter.php(457): CodeIgniter\CodeIgniter->runController()
 8 SYSTEMPATH\CodeIgniter.php(340): CodeIgniter\CodeIgniter->handleRequest()
 9 FCPATH\index.php(67): CodeIgniter\CodeIgniter->run()
10 SYSTEMPATH\Commands\Server\rewrite.php(43): require_once('FCPATH\\index.php')
CRITICAL - 2023-09-13 09:30:16 --> Use of undefined constant isi_pengaduan - assumed 'isi_pengaduan' (this will throw an Error in a future version of PHP)
in APPPATH\Views\user\v_user_pengaduan.php on line 91.
 1 APPPATH\Views\user\v_user_pengaduan.php(91): CodeIgniter\Debug\Exceptions->errorHandler()
 2 SYSTEMPATH\View\View.php(213): include('APPPATH\\Views\\user\\v_user_pengaduan.php')
 3 SYSTEMPATH\View\View.php(216): CodeIgniter\View\View->CodeIgniter\View\{closure}()
 4 SYSTEMPATH\Common.php(1142): CodeIgniter\View\View->render()
 5 APPPATH\Controllers\User\Pengaduan.php(22): view()
 6 SYSTEMPATH\CodeIgniter.php(907): App\Controllers\User\Pengaduan->index()
 7 SYSTEMPATH\CodeIgniter.php(457): CodeIgniter\CodeIgniter->runController()
 8 SYSTEMPATH\CodeIgniter.php(340): CodeIgniter\CodeIgniter->handleRequest()
 9 FCPATH\index.php(67): CodeIgniter\CodeIgniter->run()
10 SYSTEMPATH\Commands\Server\rewrite.php(43): require_once('FCPATH\\index.php')
CRITICAL - 2023-09-13 09:56:11 --> Undefined index: isi_pengaudan
in APPPATH\Views\user\v_user_pengaduan.php on line 133.
 1 APPPATH\Views\user\v_user_pengaduan.php(133): CodeIgniter\Debug\Exceptions->errorHandler()
 2 SYSTEMPATH\View\View.php(213): include('APPPATH\\Views\\user\\v_user_pengaduan.php')
 3 SYSTEMPATH\View\View.php(216): CodeIgniter\View\View->CodeIgniter\View\{closure}()
 4 SYSTEMPATH\Common.php(1142): CodeIgniter\View\View->render()
 5 APPPATH\Controllers\User\Pengaduan.php(22): view()
 6 SYSTEMPATH\CodeIgniter.php(907): App\Controllers\User\Pengaduan->index()
 7 SYSTEMPATH\CodeIgniter.php(457): CodeIgniter\CodeIgniter->runController()
 8 SYSTEMPATH\CodeIgniter.php(340): CodeIgniter\CodeIgniter->handleRequest()
 9 FCPATH\index.php(67): CodeIgniter\CodeIgniter->run()
10 SYSTEMPATH\Commands\Server\rewrite.php(43): require_once('FCPATH\\index.php')
CRITICAL - 2023-09-13 10:02:51 --> Undefined variable: p
in APPPATH\Views\user\v_user_pengaduan.php on line 38.
 1 APPPATH\Views\user\v_user_pengaduan.php(38): CodeIgniter\Debug\Exceptions->errorHandler()
 2 SYSTEMPATH\View\View.php(213): include('APPPATH\\Views\\user\\v_user_pengaduan.php')
 3 SYSTEMPATH\View\View.php(216): CodeIgniter\View\View->CodeIgniter\View\{closure}()
 4 SYSTEMPATH\Common.php(1142): CodeIgniter\View\View->render()
 5 APPPATH\Controllers\User\Pengaduan.php(22): view()
 6 SYSTEMPATH\CodeIgniter.php(907): App\Controllers\User\Pengaduan->index()
 7 SYSTEMPATH\CodeIgniter.php(457): CodeIgniter\CodeIgniter->runController()
 8 SYSTEMPATH\CodeIgniter.php(340): CodeIgniter\CodeIgniter->handleRequest()
 9 FCPATH\index.php(67): CodeIgniter\CodeIgniter->run()
10 SYSTEMPATH\Commands\Server\rewrite.php(43): require_once('FCPATH\\index.php')
