CRITICAL - 2023-07-10 07:27:09 --> Undefined variable: data
in APPPATH\Views\admin\v_dashboard_admin.php on line 14.
 1 APPPATH\Views\admin\v_dashboard_admin.php(14): CodeIgniter\Debug\Exceptions->errorHandler()
 2 SYSTEMPATH\View\View.php(213): include('APPPATH\\Views\\admin\\v_dashboard_admin.php')
 3 SYSTEMPATH\View\View.php(216): CodeIgniter\View\View->CodeIgniter\View\{closure}()
 4 SYSTEMPATH\Common.php(1142): CodeIgniter\View\View->render()
 5 APPPATH\Controllers\Admin\Dashboard.php(11): view()
 6 SYSTEMPATH\CodeIgniter.php(907): App\Controllers\Admin\Dashboard->index()
 7 SYSTEMPATH\CodeIgniter.php(457): CodeIgniter\CodeIgniter->runController()
 8 SYSTEMPATH\CodeIgniter.php(340): CodeIgniter\CodeIgniter->handleRequest()
 9 FCPATH\index.php(67): CodeIgniter\CodeIgniter->run()
10 SYSTEMPATH\Commands\Server\rewrite.php(43): require_once('FCPATH\\index.php')
CRITICAL - 2023-07-10 07:35:30 --> CodeIgniter\View\View::main(): Failed opening required 'v_dashboard_template_header' (include_path='.;C:\php\pear')
in APPPATH\Views\admin\v_dashboard_admin.php on line 2.
 1 [internal function]: CodeIgniter\Debug\Exceptions->shutdownHandler()
CRITICAL - 2023-07-10 07:36:15 --> CodeIgniter\View\View::main(): Failed opening required 'http://localhost:8080/index.php/v_dashboard_template_header' (include_path='.;C:\php\pear')
in APPPATH\Views\admin\v_dashboard_admin.php on line 2.
 1 [internal function]: CodeIgniter\Debug\Exceptions->shutdownHandler()
CRITICAL - 2023-07-10 07:38:29 --> include(v_dashboard_template_header): failed to open stream: No such file or directory
in APPPATH\Views\admin\v_dashboard_admin.php on line 2.
 1 APPPATH\Views\admin\v_dashboard_admin.php(2): CodeIgniter\Debug\Exceptions->errorHandler()
 2 APPPATH\Views\admin\v_dashboard_admin.php(2): include()
 3 SYSTEMPATH\View\View.php(213): include('APPPATH\\Views\\admin\\v_dashboard_admin.php')
 4 SYSTEMPATH\View\View.php(216): CodeIgniter\View\View->CodeIgniter\View\{closure}()
 5 SYSTEMPATH\Common.php(1142): CodeIgniter\View\View->render()
 6 APPPATH\Controllers\Admin\Dashboard.php(12): view()
 7 SYSTEMPATH\CodeIgniter.php(907): App\Controllers\Admin\Dashboard->index()
 8 SYSTEMPATH\CodeIgniter.php(457): CodeIgniter\CodeIgniter->runController()
 9 SYSTEMPATH\CodeIgniter.php(340): CodeIgniter\CodeIgniter->handleRequest()
10 FCPATH\index.php(67): CodeIgniter\CodeIgniter->run()
11 SYSTEMPATH\Commands\Server\rewrite.php(43): require_once('FCPATH\\index.php')
CRITICAL - 2023-07-10 08:20:03 --> Class 'App\Filters\NoAuthFilter' not found
in SYSTEMPATH\Filters\Filters.php on line 166.
 1 SYSTEMPATH\CodeIgniter.php(431): CodeIgniter\Filters\Filters->run()
 2 SYSTEMPATH\CodeIgniter.php(340): CodeIgniter\CodeIgniter->handleRequest()
 3 FCPATH\index.php(67): CodeIgniter\CodeIgniter->run()
 4 SYSTEMPATH\Commands\Server\rewrite.php(43): require_once('FCPATH\\index.php')
CRITICAL - 2023-07-10 08:20:04 --> Class 'App\Filters\NoAuthFilter' not found
in SYSTEMPATH\Filters\Filters.php on line 166.
 1 SYSTEMPATH\CodeIgniter.php(431): CodeIgniter\Filters\Filters->run()
 2 SYSTEMPATH\CodeIgniter.php(340): CodeIgniter\CodeIgniter->handleRequest()
 3 FCPATH\index.php(67): CodeIgniter\CodeIgniter->run()
 4 SYSTEMPATH\Commands\Server\rewrite.php(43): require_once('FCPATH\\index.php')
CRITICAL - 2023-07-10 08:23:21 --> Undefined variable: session
in APPPATH\Views\admin\v_dashboard_admin.php on line 250.
 1 APPPATH\Views\admin\v_dashboard_admin.php(250): CodeIgniter\Debug\Exceptions->errorHandler()
 2 SYSTEMPATH\View\View.php(213): include('APPPATH\\Views\\admin\\v_dashboard_admin.php')
 3 SYSTEMPATH\View\View.php(216): CodeIgniter\View\View->CodeIgniter\View\{closure}()
 4 SYSTEMPATH\Common.php(1142): CodeIgniter\View\View->render()
 5 APPPATH\Controllers\Admin\Dashboard.php(12): view()
 6 SYSTEMPATH\CodeIgniter.php(907): App\Controllers\Admin\Dashboard->index()
 7 SYSTEMPATH\CodeIgniter.php(457): CodeIgniter\CodeIgniter->runController()
 8 SYSTEMPATH\CodeIgniter.php(340): CodeIgniter\CodeIgniter->handleRequest()
 9 FCPATH\index.php(67): CodeIgniter\CodeIgniter->run()
10 SYSTEMPATH\Commands\Server\rewrite.php(43): require_once('FCPATH\\index.php')
CRITICAL - 2023-07-10 08:58:52 --> Undefined variable: data
in APPPATH\Views\admin\v_dashboard_admin.php on line 91.
 1 APPPATH\Views\admin\v_dashboard_admin.php(91): CodeIgniter\Debug\Exceptions->errorHandler()
 2 SYSTEMPATH\View\View.php(213): include('APPPATH\\Views\\admin\\v_dashboard_admin.php')
 3 SYSTEMPATH\View\View.php(216): CodeIgniter\View\View->CodeIgniter\View\{closure}()
 4 SYSTEMPATH\Common.php(1142): CodeIgniter\View\View->render()
 5 APPPATH\Controllers\Admin\Dashboard.php(14): view()
 6 SYSTEMPATH\CodeIgniter.php(907): App\Controllers\Admin\Dashboard->index()
 7 SYSTEMPATH\CodeIgniter.php(457): CodeIgniter\CodeIgniter->runController()
 8 SYSTEMPATH\CodeIgniter.php(340): CodeIgniter\CodeIgniter->handleRequest()
 9 FCPATH\index.php(67): CodeIgniter\CodeIgniter->run()
10 SYSTEMPATH\Commands\Server\rewrite.php(43): require_once('FCPATH\\index.php')
CRITICAL - 2023-07-10 08:59:22 --> Undefined variable: data
in APPPATH\Views\admin\v_dashboard_admin.php on line 5.
 1 APPPATH\Views\admin\v_dashboard_admin.php(5): CodeIgniter\Debug\Exceptions->errorHandler()
 2 SYSTEMPATH\View\View.php(213): include('APPPATH\\Views\\admin\\v_dashboard_admin.php')
 3 SYSTEMPATH\View\View.php(216): CodeIgniter\View\View->CodeIgniter\View\{closure}()
 4 SYSTEMPATH\Common.php(1142): CodeIgniter\View\View->render()
 5 APPPATH\Controllers\Admin\Dashboard.php(14): view()
 6 SYSTEMPATH\CodeIgniter.php(907): App\Controllers\Admin\Dashboard->index()
 7 SYSTEMPATH\CodeIgniter.php(457): CodeIgniter\CodeIgniter->runController()
 8 SYSTEMPATH\CodeIgniter.php(340): CodeIgniter\CodeIgniter->handleRequest()
 9 FCPATH\index.php(67): CodeIgniter\CodeIgniter->run()
10 SYSTEMPATH\Commands\Server\rewrite.php(43): require_once('FCPATH\\index.php')
CRITICAL - 2023-07-10 10:21:25 --> syntax error, unexpected ')', expecting ';' or ','
in APPPATH\Views\admin\v_dashboard_admin_visi_misi.php on line 13.
 1 SYSTEMPATH\View\View.php(216): CodeIgniter\View\View->CodeIgniter\View\{closure}()
 2 SYSTEMPATH\Common.php(1142): CodeIgniter\View\View->render()
 3 APPPATH\Controllers\Admin\Dashboard.php(20): view()
 4 SYSTEMPATH\CodeIgniter.php(907): App\Controllers\Admin\Dashboard->CRUD_visi_misi()
 5 SYSTEMPATH\CodeIgniter.php(457): CodeIgniter\CodeIgniter->runController()
 6 SYSTEMPATH\CodeIgniter.php(340): CodeIgniter\CodeIgniter->handleRequest()
 7 FCPATH\index.php(67): CodeIgniter\CodeIgniter->run()
 8 SYSTEMPATH\Commands\Server\rewrite.php(43): require_once('FCPATH\\index.php')
CRITICAL - 2023-07-10 11:34:04 --> Undefined variable: judul
in APPPATH\Views\admin\template\v_dashboard_template_header.php on line 9.
 1 APPPATH\Views\admin\template\v_dashboard_template_header.php(9): CodeIgniter\Debug\Exceptions->errorHandler()
 2 APPPATH\Views\admin\v_dashboard_admin_visi_misi.php(3): include('APPPATH\\Views\\admin\\template\\v_dashboard_template_header.php')
 3 SYSTEMPATH\View\View.php(213): include('APPPATH\\Views\\admin\\v_dashboard_admin_visi_misi.php')
 4 SYSTEMPATH\View\View.php(216): CodeIgniter\View\View->CodeIgniter\View\{closure}()
 5 SYSTEMPATH\Common.php(1142): CodeIgniter\View\View->render()
 6 APPPATH\Controllers\Admin\Dashboard.php(23): view()
 7 SYSTEMPATH\CodeIgniter.php(907): App\Controllers\Admin\Dashboard->CRUD_visi_misi()
 8 SYSTEMPATH\CodeIgniter.php(457): CodeIgniter\CodeIgniter->runController()
 9 SYSTEMPATH\CodeIgniter.php(340): CodeIgniter\CodeIgniter->handleRequest()
10 FCPATH\index.php(67): CodeIgniter\CodeIgniter->run()
11 SYSTEMPATH\Commands\Server\rewrite.php(43): require_once('FCPATH\\index.php')
CRITICAL - 2023-07-10 11:54:09 --> include(flash_warning.php): failed to open stream: No such file or directory
in APPPATH\Views\admin\v_dashboard_admin_visi_misi.php on line 23.
 1 APPPATH\Views\admin\v_dashboard_admin_visi_misi.php(23): CodeIgniter\Debug\Exceptions->errorHandler()
 2 APPPATH\Views\admin\v_dashboard_admin_visi_misi.php(23): include()
 3 SYSTEMPATH\View\View.php(213): include('APPPATH\\Views\\admin\\v_dashboard_admin_visi_misi.php')
 4 SYSTEMPATH\View\View.php(216): CodeIgniter\View\View->CodeIgniter\View\{closure}()
 5 SYSTEMPATH\Common.php(1142): CodeIgniter\View\View->render()
 6 APPPATH\Controllers\Admin\Dashboard.php(50): view()
 7 SYSTEMPATH\CodeIgniter.php(907): App\Controllers\Admin\Dashboard->CRUD_visi_misi()
 8 SYSTEMPATH\CodeIgniter.php(457): CodeIgniter\CodeIgniter->runController()
 9 SYSTEMPATH\CodeIgniter.php(340): CodeIgniter\CodeIgniter->handleRequest()
10 FCPATH\index.php(67): CodeIgniter\CodeIgniter->run()
11 SYSTEMPATH\Commands\Server\rewrite.php(43): require_once('FCPATH\\index.php')
CRITICAL - 2023-07-10 12:11:51 --> Undefined variable: judul
in APPPATH\Views\admin\template\v_dashboard_template_header.php on line 9.
 1 APPPATH\Views\admin\template\v_dashboard_template_header.php(9): CodeIgniter\Debug\Exceptions->errorHandler()
 2 APPPATH\Views\admin\v_dashboard_admin_visi_misi.php(3): include('APPPATH\\Views\\admin\\template\\v_dashboard_template_header.php')
 3 SYSTEMPATH\View\View.php(213): include('APPPATH\\Views\\admin\\v_dashboard_admin_visi_misi.php')
 4 SYSTEMPATH\View\View.php(216): CodeIgniter\View\View->CodeIgniter\View\{closure}()
 5 SYSTEMPATH\Common.php(1142): CodeIgniter\View\View->render()
 6 APPPATH\Controllers\Admin\ProfileDesa.php(53): view()
 7 SYSTEMPATH\CodeIgniter.php(907): App\Controllers\Admin\ProfileDesa->CRUD_visi_misi()
 8 SYSTEMPATH\CodeIgniter.php(457): CodeIgniter\CodeIgniter->runController()
 9 SYSTEMPATH\CodeIgniter.php(340): CodeIgniter\CodeIgniter->handleRequest()
10 FCPATH\index.php(67): CodeIgniter\CodeIgniter->run()
11 SYSTEMPATH\Commands\Server\rewrite.php(43): require_once('FCPATH\\index.php')
CRITICAL - 2023-07-10 12:13:22 --> Undefined variable: judul
in APPPATH\Views\admin\template\v_dashboard_template_header.php on line 9.
 1 APPPATH\Views\admin\template\v_dashboard_template_header.php(9): CodeIgniter\Debug\Exceptions->errorHandler()
 2 APPPATH\Views\admin\v_dashboard_admin_visi_misi.php(3): include('APPPATH\\Views\\admin\\template\\v_dashboard_template_header.php')
 3 SYSTEMPATH\View\View.php(213): include('APPPATH\\Views\\admin\\v_dashboard_admin_visi_misi.php')
 4 SYSTEMPATH\View\View.php(216): CodeIgniter\View\View->CodeIgniter\View\{closure}()
 5 SYSTEMPATH\Common.php(1142): CodeIgniter\View\View->render()
 6 APPPATH\Controllers\Admin\ProfileDesa.php(51): view()
 7 SYSTEMPATH\CodeIgniter.php(907): App\Controllers\Admin\ProfileDesa->CRUD_visi_misi()
 8 SYSTEMPATH\CodeIgniter.php(457): CodeIgniter\CodeIgniter->runController()
 9 SYSTEMPATH\CodeIgniter.php(340): CodeIgniter\CodeIgniter->handleRequest()
10 FCPATH\index.php(67): CodeIgniter\CodeIgniter->run()
11 SYSTEMPATH\Commands\Server\rewrite.php(43): require_once('FCPATH\\index.php')
CRITICAL - 2023-07-10 12:27:04 --> Undefined index: judul
in APPPATH\Controllers\Admin\ProfileDesa.php on line 58.
 1 APPPATH\Controllers\Admin\ProfileDesa.php(58): CodeIgniter\Debug\Exceptions->errorHandler()
 2 SYSTEMPATH\CodeIgniter.php(907): App\Controllers\Admin\ProfileDesa->CRUD_visi_misi()
 3 SYSTEMPATH\CodeIgniter.php(457): CodeIgniter\CodeIgniter->runController()
 4 SYSTEMPATH\CodeIgniter.php(340): CodeIgniter\CodeIgniter->handleRequest()
 5 FCPATH\index.php(67): CodeIgniter\CodeIgniter->run()
 6 SYSTEMPATH\Commands\Server\rewrite.php(43): require_once('FCPATH\\index.php')
CRITICAL - 2023-07-10 12:31:29 --> There is no data to update.
in SYSTEMPATH\BaseModel.php on line 1577.
 1 SYSTEMPATH\BaseModel.php(1577): CodeIgniter\Database\Exceptions\DataException::forEmptyDataset()
 2 SYSTEMPATH\BaseModel.php(832): CodeIgniter\BaseModel->transformDataToArray()
 3 SYSTEMPATH\Model.php(693): CodeIgniter\BaseModel->update()
 4 APPPATH\Models\ProfileDesaModel.php(24): CodeIgniter\Model->update()
 5 APPPATH\Controllers\Admin\ProfileDesa.php(46): App\Models\ProfileDesaModel->updateData()
 6 SYSTEMPATH\CodeIgniter.php(907): App\Controllers\Admin\ProfileDesa->CRUD_visi_misi()
 7 SYSTEMPATH\CodeIgniter.php(457): CodeIgniter\CodeIgniter->runController()
 8 SYSTEMPATH\CodeIgniter.php(340): CodeIgniter\CodeIgniter->handleRequest()
 9 FCPATH\index.php(67): CodeIgniter\CodeIgniter->run()
10 SYSTEMPATH\Commands\Server\rewrite.php(43): require_once('FCPATH\\index.php')
CRITICAL - 2023-07-10 12:32:02 --> There is no data to update.
in SYSTEMPATH\BaseModel.php on line 1577.
 1 SYSTEMPATH\BaseModel.php(1577): CodeIgniter\Database\Exceptions\DataException::forEmptyDataset()
 2 SYSTEMPATH\BaseModel.php(832): CodeIgniter\BaseModel->transformDataToArray()
 3 SYSTEMPATH\Model.php(693): CodeIgniter\BaseModel->update()
 4 APPPATH\Models\ProfileDesaModel.php(24): CodeIgniter\Model->update()
 5 APPPATH\Controllers\Admin\ProfileDesa.php(46): App\Models\ProfileDesaModel->updateData()
 6 SYSTEMPATH\CodeIgniter.php(907): App\Controllers\Admin\ProfileDesa->CRUD_visi_misi()
 7 SYSTEMPATH\CodeIgniter.php(457): CodeIgniter\CodeIgniter->runController()
 8 SYSTEMPATH\CodeIgniter.php(340): CodeIgniter\CodeIgniter->handleRequest()
 9 FCPATH\index.php(67): CodeIgniter\CodeIgniter->run()
10 SYSTEMPATH\Commands\Server\rewrite.php(43): require_once('FCPATH\\index.php')
CRITICAL - 2023-07-10 12:32:05 --> Undefined variable: dataToUpdate
in APPPATH\Controllers\Admin\ProfileDesa.php on line 54.
 1 APPPATH\Controllers\Admin\ProfileDesa.php(54): CodeIgniter\Debug\Exceptions->errorHandler()
 2 SYSTEMPATH\CodeIgniter.php(907): App\Controllers\Admin\ProfileDesa->CRUD_visi_misi()
 3 SYSTEMPATH\CodeIgniter.php(457): CodeIgniter\CodeIgniter->runController()
 4 SYSTEMPATH\CodeIgniter.php(340): CodeIgniter\CodeIgniter->handleRequest()
 5 FCPATH\index.php(67): CodeIgniter\CodeIgniter->run()
 6 SYSTEMPATH\Commands\Server\rewrite.php(43): require_once('FCPATH\\index.php')
CRITICAL - 2023-07-10 12:32:08 --> Undefined variable: dataToUpdate
in APPPATH\Controllers\Admin\ProfileDesa.php on line 54.
 1 APPPATH\Controllers\Admin\ProfileDesa.php(54): CodeIgniter\Debug\Exceptions->errorHandler()
 2 SYSTEMPATH\CodeIgniter.php(907): App\Controllers\Admin\ProfileDesa->CRUD_visi_misi()
 3 SYSTEMPATH\CodeIgniter.php(457): CodeIgniter\CodeIgniter->runController()
 4 SYSTEMPATH\CodeIgniter.php(340): CodeIgniter\CodeIgniter->handleRequest()
 5 FCPATH\index.php(67): CodeIgniter\CodeIgniter->run()
 6 SYSTEMPATH\Commands\Server\rewrite.php(43): require_once('FCPATH\\index.php')
CRITICAL - 2023-07-10 12:34:19 --> There is no data to update.
in SYSTEMPATH\BaseModel.php on line 1577.
 1 SYSTEMPATH\BaseModel.php(1577): CodeIgniter\Database\Exceptions\DataException::forEmptyDataset()
 2 SYSTEMPATH\BaseModel.php(832): CodeIgniter\BaseModel->transformDataToArray()
 3 SYSTEMPATH\Model.php(693): CodeIgniter\BaseModel->update()
 4 APPPATH\Models\ProfileDesaModel.php(24): CodeIgniter\Model->update()
 5 APPPATH\Controllers\Admin\ProfileDesa.php(46): App\Models\ProfileDesaModel->updateData()
 6 SYSTEMPATH\CodeIgniter.php(907): App\Controllers\Admin\ProfileDesa->CRUD_visi_misi()
 7 SYSTEMPATH\CodeIgniter.php(457): CodeIgniter\CodeIgniter->runController()
 8 SYSTEMPATH\CodeIgniter.php(340): CodeIgniter\CodeIgniter->handleRequest()
 9 FCPATH\index.php(67): CodeIgniter\CodeIgniter->run()
10 SYSTEMPATH\Commands\Server\rewrite.php(43): require_once('FCPATH\\index.php')
CRITICAL - 2023-07-10 12:36:20 --> There is no data to update.
in SYSTEMPATH\BaseModel.php on line 1577.
 1 SYSTEMPATH\BaseModel.php(1577): CodeIgniter\Database\Exceptions\DataException::forEmptyDataset()
 2 SYSTEMPATH\BaseModel.php(832): CodeIgniter\BaseModel->transformDataToArray()
 3 SYSTEMPATH\Model.php(693): CodeIgniter\BaseModel->update()
 4 APPPATH\Models\ProfileDesaModel.php(24): CodeIgniter\Model->update()
 5 APPPATH\Controllers\Admin\ProfileDesa.php(46): App\Models\ProfileDesaModel->updateData()
 6 SYSTEMPATH\CodeIgniter.php(907): App\Controllers\Admin\ProfileDesa->CRUD_visi_misi()
 7 SYSTEMPATH\CodeIgniter.php(457): CodeIgniter\CodeIgniter->runController()
 8 SYSTEMPATH\CodeIgniter.php(340): CodeIgniter\CodeIgniter->handleRequest()
 9 FCPATH\index.php(67): CodeIgniter\CodeIgniter->run()
10 SYSTEMPATH\Commands\Server\rewrite.php(43): require_once('FCPATH\\index.php')
CRITICAL - 2023-07-10 12:37:37 --> There is no data to update.
in SYSTEMPATH\BaseModel.php on line 1577.
 1 SYSTEMPATH\BaseModel.php(1577): CodeIgniter\Database\Exceptions\DataException::forEmptyDataset()
 2 SYSTEMPATH\BaseModel.php(832): CodeIgniter\BaseModel->transformDataToArray()
 3 SYSTEMPATH\Model.php(693): CodeIgniter\BaseModel->update()
 4 APPPATH\Models\ProfileDesaModel.php(24): CodeIgniter\Model->update()
 5 APPPATH\Controllers\Admin\ProfileDesa.php(48): App\Models\ProfileDesaModel->updateData()
 6 SYSTEMPATH\CodeIgniter.php(907): App\Controllers\Admin\ProfileDesa->CRUD_visi_misi()
 7 SYSTEMPATH\CodeIgniter.php(457): CodeIgniter\CodeIgniter->runController()
 8 SYSTEMPATH\CodeIgniter.php(340): CodeIgniter\CodeIgniter->handleRequest()
 9 FCPATH\index.php(67): CodeIgniter\CodeIgniter->run()
10 SYSTEMPATH\Commands\Server\rewrite.php(43): require_once('FCPATH\\index.php')
CRITICAL - 2023-07-10 12:42:29 --> Allowed fields must be specified for model: App\Models\ProfileDesaModel
in SYSTEMPATH\BaseModel.php on line 1139.
 1 SYSTEMPATH\BaseModel.php(1139): CodeIgniter\Database\Exceptions\DataException::forInvalidAllowedFields()
 2 SYSTEMPATH\BaseModel.php(713): CodeIgniter\BaseModel->doProtectFields()
 3 SYSTEMPATH\Model.php(667): CodeIgniter\BaseModel->insert()
 4 SYSTEMPATH\BaseModel.php(658): CodeIgniter\Model->insert()
 5 APPPATH\Models\ProfileDesaModel.php(24): CodeIgniter\BaseModel->save()
 6 APPPATH\Controllers\Admin\ProfileDesa.php(48): App\Models\ProfileDesaModel->updateData()
 7 SYSTEMPATH\CodeIgniter.php(907): App\Controllers\Admin\ProfileDesa->CRUD_visi_misi()
 8 SYSTEMPATH\CodeIgniter.php(457): CodeIgniter\CodeIgniter->runController()
 9 SYSTEMPATH\CodeIgniter.php(340): CodeIgniter\CodeIgniter->handleRequest()
10 FCPATH\index.php(67): CodeIgniter\CodeIgniter->run()
11 SYSTEMPATH\Commands\Server\rewrite.php(43): require_once('FCPATH\\index.php')
CRITICAL - 2023-07-10 12:47:11 --> There is no data to update.
in SYSTEMPATH\BaseModel.php on line 1577.
 1 SYSTEMPATH\BaseModel.php(1577): CodeIgniter\Database\Exceptions\DataException::forEmptyDataset()
 2 SYSTEMPATH\BaseModel.php(832): CodeIgniter\BaseModel->transformDataToArray()
 3 SYSTEMPATH\Model.php(693): CodeIgniter\BaseModel->update()
 4 APPPATH\Models\ProfileDesaModel.php(24): CodeIgniter\Model->update()
 5 APPPATH\Controllers\Admin\ProfileDesa.php(48): App\Models\ProfileDesaModel->updateData()
 6 SYSTEMPATH\CodeIgniter.php(907): App\Controllers\Admin\ProfileDesa->CRUD_visi_misi()
 7 SYSTEMPATH\CodeIgniter.php(457): CodeIgniter\CodeIgniter->runController()
 8 SYSTEMPATH\CodeIgniter.php(340): CodeIgniter\CodeIgniter->handleRequest()
 9 FCPATH\index.php(67): CodeIgniter\CodeIgniter->run()
10 SYSTEMPATH\Commands\Server\rewrite.php(43): require_once('FCPATH\\index.php')
CRITICAL - 2023-07-10 12:48:20 --> There is no data to update.
in SYSTEMPATH\BaseModel.php on line 1577.
 1 SYSTEMPATH\BaseModel.php(1577): CodeIgniter\Database\Exceptions\DataException::forEmptyDataset()
 2 SYSTEMPATH\BaseModel.php(832): CodeIgniter\BaseModel->transformDataToArray()
 3 SYSTEMPATH\Model.php(693): CodeIgniter\BaseModel->update()
 4 APPPATH\Models\ProfileDesaModel.php(24): CodeIgniter\Model->update()
 5 APPPATH\Controllers\Admin\ProfileDesa.php(48): App\Models\ProfileDesaModel->updateData()
 6 SYSTEMPATH\CodeIgniter.php(907): App\Controllers\Admin\ProfileDesa->CRUD_visi_misi()
 7 SYSTEMPATH\CodeIgniter.php(457): CodeIgniter\CodeIgniter->runController()
 8 SYSTEMPATH\CodeIgniter.php(340): CodeIgniter\CodeIgniter->handleRequest()
 9 FCPATH\index.php(67): CodeIgniter\CodeIgniter->run()
10 SYSTEMPATH\Commands\Server\rewrite.php(43): require_once('FCPATH\\index.php')
CRITICAL - 2023-07-10 12:59:46 --> Allowed fields must be specified for model: App\Models\ProfileDesaModel
in SYSTEMPATH\BaseModel.php on line 1139.
 1 SYSTEMPATH\BaseModel.php(1139): CodeIgniter\Database\Exceptions\DataException::forInvalidAllowedFields()
 2 SYSTEMPATH\BaseModel.php(713): CodeIgniter\BaseModel->doProtectFields()
 3 SYSTEMPATH\Model.php(667): CodeIgniter\BaseModel->insert()
 4 SYSTEMPATH\BaseModel.php(658): CodeIgniter\Model->insert()
 5 APPPATH\Controllers\Admin\ProfileDesa.php(43): CodeIgniter\BaseModel->save()
 6 SYSTEMPATH\CodeIgniter.php(907): App\Controllers\Admin\ProfileDesa->CRUD_visi_misi()
 7 SYSTEMPATH\CodeIgniter.php(457): CodeIgniter\CodeIgniter->runController()
 8 SYSTEMPATH\CodeIgniter.php(340): CodeIgniter\CodeIgniter->handleRequest()
 9 FCPATH\index.php(67): CodeIgniter\CodeIgniter->run()
10 SYSTEMPATH\Commands\Server\rewrite.php(43): require_once('FCPATH\\index.php')
CRITICAL - 2023-07-10 13:00:20 --> Allowed fields must be specified for model: App\Models\ProfileDesaModel
in SYSTEMPATH\BaseModel.php on line 1139.
 1 SYSTEMPATH\BaseModel.php(1139): CodeIgniter\Database\Exceptions\DataException::forInvalidAllowedFields()
 2 SYSTEMPATH\BaseModel.php(713): CodeIgniter\BaseModel->doProtectFields()
 3 SYSTEMPATH\Model.php(667): CodeIgniter\BaseModel->insert()
 4 SYSTEMPATH\BaseModel.php(658): CodeIgniter\Model->insert()
 5 APPPATH\Controllers\Admin\ProfileDesa.php(43): CodeIgniter\BaseModel->save()
 6 SYSTEMPATH\CodeIgniter.php(907): App\Controllers\Admin\ProfileDesa->CRUD_visi_misi()
 7 SYSTEMPATH\CodeIgniter.php(457): CodeIgniter\CodeIgniter->runController()
 8 SYSTEMPATH\CodeIgniter.php(340): CodeIgniter\CodeIgniter->handleRequest()
 9 FCPATH\index.php(67): CodeIgniter\CodeIgniter->run()
10 SYSTEMPATH\Commands\Server\rewrite.php(43): require_once('FCPATH\\index.php')
CRITICAL - 2023-07-10 13:02:21 --> There is no data to update.
in SYSTEMPATH\BaseModel.php on line 1577.
 1 SYSTEMPATH\BaseModel.php(1577): CodeIgniter\Database\Exceptions\DataException::forEmptyDataset()
 2 SYSTEMPATH\BaseModel.php(832): CodeIgniter\BaseModel->transformDataToArray()
 3 SYSTEMPATH\Model.php(693): CodeIgniter\BaseModel->update()
 4 APPPATH\Models\ProfileDesaModel.php(24): CodeIgniter\Model->update()
 5 APPPATH\Controllers\Admin\ProfileDesa.php(48): App\Models\ProfileDesaModel->updateData()
 6 SYSTEMPATH\CodeIgniter.php(907): App\Controllers\Admin\ProfileDesa->CRUD_visi_misi()
 7 SYSTEMPATH\CodeIgniter.php(457): CodeIgniter\CodeIgniter->runController()
 8 SYSTEMPATH\CodeIgniter.php(340): CodeIgniter\CodeIgniter->handleRequest()
 9 FCPATH\index.php(67): CodeIgniter\CodeIgniter->run()
10 SYSTEMPATH\Commands\Server\rewrite.php(43): require_once('FCPATH\\index.php')
CRITICAL - 2023-07-10 13:10:19 --> Invalid argument supplied for foreach()
in APPPATH\Views\admin\v_dashboard_admin_visi_misi.php on line 52.
 1 APPPATH\Views\admin\v_dashboard_admin_visi_misi.php(52): CodeIgniter\Debug\Exceptions->errorHandler()
 2 SYSTEMPATH\View\View.php(213): include('APPPATH\\Views\\admin\\v_dashboard_admin_visi_misi.php')
 3 SYSTEMPATH\View\View.php(216): CodeIgniter\View\View->CodeIgniter\View\{closure}()
 4 SYSTEMPATH\Common.php(1142): CodeIgniter\View\View->render()
 5 APPPATH\Controllers\Admin\ProfileDesa.php(57): view()
 6 SYSTEMPATH\CodeIgniter.php(907): App\Controllers\Admin\ProfileDesa->CRUD_visi_misi()
 7 SYSTEMPATH\CodeIgniter.php(457): CodeIgniter\CodeIgniter->runController()
 8 SYSTEMPATH\CodeIgniter.php(340): CodeIgniter\CodeIgniter->handleRequest()
 9 FCPATH\index.php(67): CodeIgniter\CodeIgniter->run()
10 SYSTEMPATH\Commands\Server\rewrite.php(43): require_once('FCPATH\\index.php')
