CRITICAL - 2023-09-15 04:49:42 --> syntax error, unexpected '}'
in APPPATH\Controllers\User\Aparatur.php on line 18.
 1 SYSTEMPATH\Autoloader\Autoloader.php(259): CodeIgniter\Autoloader\Autoloader->includeFile()
 2 SYSTEMPATH\Autoloader\Autoloader.php(237): CodeIgniter\Autoloader\Autoloader->loadInNamespace()
 3 [internal function]: CodeIgniter\Autoloader\Autoloader->loadClass()
 4 [internal function]: spl_autoload_call()
 5 SYSTEMPATH\CodeIgniter.php(857): class_exists()
 6 SYSTEMPATH\CodeIgniter.php(444): CodeIgniter\CodeIgniter->startController()
 7 SYSTEMPATH\CodeIgniter.php(340): CodeIgniter\CodeIgniter->handleRequest()
 8 FCPATH\index.php(67): CodeIgniter\CodeIgniter->run()
 9 SYSTEMPATH\Commands\Server\rewrite.php(43): require_once('FCPATH\\index.php')
CRITICAL - 2023-09-15 04:49:52 --> Too few arguments to function App\Models\GaleriModel::getThreeGaleri(), 0 passed in C:\xampp\htdocs\Web Pengabdian\websitedesa\app\Controllers\User\Aparatur.php on line 32 and exactly 1 expected
in APPPATH\Models\GaleriModel.php on line 58.
 1 APPPATH\Controllers\User\Aparatur.php(32): App\Models\GaleriModel->getThreeGaleri()
 2 SYSTEMPATH\CodeIgniter.php(907): App\Controllers\User\Aparatur->index()
 3 SYSTEMPATH\CodeIgniter.php(457): CodeIgniter\CodeIgniter->runController()
 4 SYSTEMPATH\CodeIgniter.php(340): CodeIgniter\CodeIgniter->handleRequest()
 5 FCPATH\index.php(67): CodeIgniter\CodeIgniter->run()
 6 SYSTEMPATH\Commands\Server\rewrite.php(43): require_once('FCPATH\\index.php')
CRITICAL - 2023-09-15 04:50:07 --> Call to undefined method App\Models\GaleriModel::orderbyRandom
in SYSTEMPATH\Model.php on line 774.
 1 APPPATH\Models\GaleriModel.php(61): CodeIgniter\Model->__call()
 2 APPPATH\Controllers\User\Aparatur.php(32): App\Models\GaleriModel->getThreeGaleri()
 3 SYSTEMPATH\CodeIgniter.php(907): App\Controllers\User\Aparatur->index()
 4 SYSTEMPATH\CodeIgniter.php(457): CodeIgniter\CodeIgniter->runController()
 5 SYSTEMPATH\CodeIgniter.php(340): CodeIgniter\CodeIgniter->handleRequest()
 6 FCPATH\index.php(67): CodeIgniter\CodeIgniter->run()
 7 SYSTEMPATH\Commands\Server\rewrite.php(43): require_once('FCPATH\\index.php')
CRITICAL - 2023-09-15 04:50:18 --> Call to undefined method App\Models\GaleriModel::orderByRandom
in SYSTEMPATH\Model.php on line 774.
 1 APPPATH\Models\GaleriModel.php(61): CodeIgniter\Model->__call()
 2 APPPATH\Controllers\User\Aparatur.php(32): App\Models\GaleriModel->getThreeGaleri()
 3 SYSTEMPATH\CodeIgniter.php(907): App\Controllers\User\Aparatur->index()
 4 SYSTEMPATH\CodeIgniter.php(457): CodeIgniter\CodeIgniter->runController()
 5 SYSTEMPATH\CodeIgniter.php(340): CodeIgniter\CodeIgniter->handleRequest()
 6 FCPATH\index.php(67): CodeIgniter\CodeIgniter->run()
 7 SYSTEMPATH\Commands\Server\rewrite.php(43): require_once('FCPATH\\index.php')
CRITICAL - 2023-09-15 05:06:38 --> Undefined variable: galeri
in APPPATH\Views\user\template\v_user_template_footer.php on line 155.
 1 APPPATH\Views\user\template\v_user_template_footer.php(155): CodeIgniter\Debug\Exceptions->errorHandler()
 2 APPPATH\Views\user\v_user_pengaduan.php(148): include('APPPATH\\Views\\user\\template\\v_user_template_footer.php')
 3 SYSTEMPATH\View\View.php(213): include('APPPATH\\Views\\user\\v_user_pengaduan.php')
 4 SYSTEMPATH\View\View.php(216): CodeIgniter\View\View->CodeIgniter\View\{closure}()
 5 SYSTEMPATH\Common.php(1142): CodeIgniter\View\View->render()
 6 APPPATH\Controllers\User\Pengaduan.php(100): view()
 7 SYSTEMPATH\CodeIgniter.php(907): App\Controllers\User\Pengaduan->index()
 8 SYSTEMPATH\CodeIgniter.php(457): CodeIgniter\CodeIgniter->runController()
 9 SYSTEMPATH\CodeIgniter.php(340): CodeIgniter\CodeIgniter->handleRequest()
10 FCPATH\index.php(67): CodeIgniter\CodeIgniter->run()
11 SYSTEMPATH\Commands\Server\rewrite.php(43): require_once('FCPATH\\index.php')
CRITICAL - 2023-09-15 05:25:15 --> Illegal string offset 'file_galeri'
in APPPATH\Views\user\template\v_user_template_footer.php on line 158.
 1 APPPATH\Views\user\template\v_user_template_footer.php(158): CodeIgniter\Debug\Exceptions->errorHandler()
 2 APPPATH\Views\user\v_user_galeri.php(30): include('APPPATH\\Views\\user\\template\\v_user_template_footer.php')
 3 SYSTEMPATH\View\View.php(213): include('APPPATH\\Views\\user\\v_user_galeri.php')
 4 SYSTEMPATH\View\View.php(216): CodeIgniter\View\View->CodeIgniter\View\{closure}()
 5 SYSTEMPATH\Common.php(1142): CodeIgniter\View\View->render()
 6 APPPATH\Controllers\User\Galeri.php(35): view()
 7 SYSTEMPATH\CodeIgniter.php(907): App\Controllers\User\Galeri->index()
 8 SYSTEMPATH\CodeIgniter.php(457): CodeIgniter\CodeIgniter->runController()
 9 SYSTEMPATH\CodeIgniter.php(340): CodeIgniter\CodeIgniter->handleRequest()
10 FCPATH\index.php(67): CodeIgniter\CodeIgniter->run()
11 SYSTEMPATH\Commands\Server\rewrite.php(43): require_once('FCPATH\\index.php')
CRITICAL - 2023-09-15 05:25:48 --> Illegal string offset 'file_galeri'
in APPPATH\Views\user\template\v_user_template_footer.php on line 158.
 1 APPPATH\Views\user\template\v_user_template_footer.php(158): CodeIgniter\Debug\Exceptions->errorHandler()
 2 APPPATH\Views\user\v_user_galeri.php(30): include('APPPATH\\Views\\user\\template\\v_user_template_footer.php')
 3 SYSTEMPATH\View\View.php(213): include('APPPATH\\Views\\user\\v_user_galeri.php')
 4 SYSTEMPATH\View\View.php(216): CodeIgniter\View\View->CodeIgniter\View\{closure}()
 5 SYSTEMPATH\Common.php(1142): CodeIgniter\View\View->render()
 6 APPPATH\Controllers\User\Galeri.php(35): view()
 7 SYSTEMPATH\CodeIgniter.php(907): App\Controllers\User\Galeri->index()
 8 SYSTEMPATH\CodeIgniter.php(457): CodeIgniter\CodeIgniter->runController()
 9 SYSTEMPATH\CodeIgniter.php(340): CodeIgniter\CodeIgniter->handleRequest()
10 FCPATH\index.php(67): CodeIgniter\CodeIgniter->run()
11 SYSTEMPATH\Commands\Server\rewrite.php(43): require_once('FCPATH\\index.php')
CRITICAL - 2023-09-15 05:25:50 --> Illegal string offset 'file_galeri'
in APPPATH\Views\user\template\v_user_template_footer.php on line 158.
 1 APPPATH\Views\user\template\v_user_template_footer.php(158): CodeIgniter\Debug\Exceptions->errorHandler()
 2 APPPATH\Views\user\v_user_galeri.php(30): include('APPPATH\\Views\\user\\template\\v_user_template_footer.php')
 3 SYSTEMPATH\View\View.php(213): include('APPPATH\\Views\\user\\v_user_galeri.php')
 4 SYSTEMPATH\View\View.php(216): CodeIgniter\View\View->CodeIgniter\View\{closure}()
 5 SYSTEMPATH\Common.php(1142): CodeIgniter\View\View->render()
 6 APPPATH\Controllers\User\Galeri.php(35): view()
 7 SYSTEMPATH\CodeIgniter.php(907): App\Controllers\User\Galeri->index()
 8 SYSTEMPATH\CodeIgniter.php(457): CodeIgniter\CodeIgniter->runController()
 9 SYSTEMPATH\CodeIgniter.php(340): CodeIgniter\CodeIgniter->handleRequest()
10 FCPATH\index.php(67): CodeIgniter\CodeIgniter->run()
11 SYSTEMPATH\Commands\Server\rewrite.php(43): require_once('FCPATH\\index.php')
CRITICAL - 2023-09-15 05:27:27 --> Illegal string offset 'file_galeri'
in APPPATH\Views\user\template\v_user_template_footer.php on line 158.
 1 APPPATH\Views\user\template\v_user_template_footer.php(158): CodeIgniter\Debug\Exceptions->errorHandler()
 2 APPPATH\Views\user\v_user_galeri.php(30): include('APPPATH\\Views\\user\\template\\v_user_template_footer.php')
 3 SYSTEMPATH\View\View.php(213): include('APPPATH\\Views\\user\\v_user_galeri.php')
 4 SYSTEMPATH\View\View.php(216): CodeIgniter\View\View->CodeIgniter\View\{closure}()
 5 SYSTEMPATH\Common.php(1142): CodeIgniter\View\View->render()
 6 APPPATH\Controllers\User\Galeri.php(36): view()
 7 SYSTEMPATH\CodeIgniter.php(907): App\Controllers\User\Galeri->index()
 8 SYSTEMPATH\CodeIgniter.php(457): CodeIgniter\CodeIgniter->runController()
 9 SYSTEMPATH\CodeIgniter.php(340): CodeIgniter\CodeIgniter->handleRequest()
10 FCPATH\index.php(67): CodeIgniter\CodeIgniter->run()
11 SYSTEMPATH\Commands\Server\rewrite.php(43): require_once('FCPATH\\index.php')
CRITICAL - 2023-09-15 05:28:32 --> Illegal string offset 'file_galeri'
in APPPATH\Views\user\template\v_user_template_footer.php on line 158.
 1 APPPATH\Views\user\template\v_user_template_footer.php(158): CodeIgniter\Debug\Exceptions->errorHandler()
 2 APPPATH\Views\user\v_user_galeri.php(30): include('APPPATH\\Views\\user\\template\\v_user_template_footer.php')
 3 SYSTEMPATH\View\View.php(213): include('APPPATH\\Views\\user\\v_user_galeri.php')
 4 SYSTEMPATH\View\View.php(216): CodeIgniter\View\View->CodeIgniter\View\{closure}()
 5 SYSTEMPATH\Common.php(1142): CodeIgniter\View\View->render()
 6 APPPATH\Controllers\User\Galeri.php(36): view()
 7 SYSTEMPATH\CodeIgniter.php(907): App\Controllers\User\Galeri->index()
 8 SYSTEMPATH\CodeIgniter.php(457): CodeIgniter\CodeIgniter->runController()
 9 SYSTEMPATH\CodeIgniter.php(340): CodeIgniter\CodeIgniter->handleRequest()
10 FCPATH\index.php(67): CodeIgniter\CodeIgniter->run()
11 SYSTEMPATH\Commands\Server\rewrite.php(43): require_once('FCPATH\\index.php')
CRITICAL - 2023-09-15 05:29:02 --> Illegal string offset 'file_galeri'
in APPPATH\Views\user\template\v_user_template_footer.php on line 158.
 1 APPPATH\Views\user\template\v_user_template_footer.php(158): CodeIgniter\Debug\Exceptions->errorHandler()
 2 APPPATH\Views\user\v_user_galeri.php(30): include('APPPATH\\Views\\user\\template\\v_user_template_footer.php')
 3 SYSTEMPATH\View\View.php(213): include('APPPATH\\Views\\user\\v_user_galeri.php')
 4 SYSTEMPATH\View\View.php(216): CodeIgniter\View\View->CodeIgniter\View\{closure}()
 5 SYSTEMPATH\Common.php(1142): CodeIgniter\View\View->render()
 6 APPPATH\Controllers\User\Galeri.php(36): view()
 7 SYSTEMPATH\CodeIgniter.php(907): App\Controllers\User\Galeri->index()
 8 SYSTEMPATH\CodeIgniter.php(457): CodeIgniter\CodeIgniter->runController()
 9 SYSTEMPATH\CodeIgniter.php(340): CodeIgniter\CodeIgniter->handleRequest()
10 FCPATH\index.php(67): CodeIgniter\CodeIgniter->run()
11 SYSTEMPATH\Commands\Server\rewrite.php(43): require_once('FCPATH\\index.php')
CRITICAL - 2023-09-15 05:30:38 --> Illegal string offset 'file_galeri'
in APPPATH\Views\user\template\v_user_template_footer.php on line 158.
 1 APPPATH\Views\user\template\v_user_template_footer.php(158): CodeIgniter\Debug\Exceptions->errorHandler()
 2 APPPATH\Views\user\v_user_galeri.php(42): include('APPPATH\\Views\\user\\template\\v_user_template_footer.php')
 3 SYSTEMPATH\View\View.php(213): include('APPPATH\\Views\\user\\v_user_galeri.php')
 4 SYSTEMPATH\View\View.php(216): CodeIgniter\View\View->CodeIgniter\View\{closure}()
 5 SYSTEMPATH\Common.php(1142): CodeIgniter\View\View->render()
 6 APPPATH\Controllers\User\Galeri.php(36): view()
 7 SYSTEMPATH\CodeIgniter.php(907): App\Controllers\User\Galeri->index()
 8 SYSTEMPATH\CodeIgniter.php(457): CodeIgniter\CodeIgniter->runController()
 9 SYSTEMPATH\CodeIgniter.php(340): CodeIgniter\CodeIgniter->handleRequest()
10 FCPATH\index.php(67): CodeIgniter\CodeIgniter->run()
11 SYSTEMPATH\Commands\Server\rewrite.php(43): require_once('FCPATH\\index.php')
CRITICAL - 2023-09-15 05:31:03 --> Illegal string offset 'file_galeri'
in APPPATH\Views\user\template\v_user_template_footer.php on line 158.
 1 APPPATH\Views\user\template\v_user_template_footer.php(158): CodeIgniter\Debug\Exceptions->errorHandler()
 2 APPPATH\Views\user\v_user_galeri.php(42): include('APPPATH\\Views\\user\\template\\v_user_template_footer.php')
 3 SYSTEMPATH\View\View.php(213): include('APPPATH\\Views\\user\\v_user_galeri.php')
 4 SYSTEMPATH\View\View.php(216): CodeIgniter\View\View->CodeIgniter\View\{closure}()
 5 SYSTEMPATH\Common.php(1142): CodeIgniter\View\View->render()
 6 APPPATH\Controllers\User\Galeri.php(36): view()
 7 SYSTEMPATH\CodeIgniter.php(907): App\Controllers\User\Galeri->index()
 8 SYSTEMPATH\CodeIgniter.php(457): CodeIgniter\CodeIgniter->runController()
 9 SYSTEMPATH\CodeIgniter.php(340): CodeIgniter\CodeIgniter->handleRequest()
10 FCPATH\index.php(67): CodeIgniter\CodeIgniter->run()
11 SYSTEMPATH\Commands\Server\rewrite.php(43): require_once('FCPATH\\index.php')
CRITICAL - 2023-09-15 05:31:24 --> Illegal string offset 'file_galeri'
in APPPATH\Views\user\template\v_user_template_footer.php on line 158.
 1 APPPATH\Views\user\template\v_user_template_footer.php(158): CodeIgniter\Debug\Exceptions->errorHandler()
 2 APPPATH\Views\user\v_user_galeri.php(42): include('APPPATH\\Views\\user\\template\\v_user_template_footer.php')
 3 SYSTEMPATH\View\View.php(213): include('APPPATH\\Views\\user\\v_user_galeri.php')
 4 SYSTEMPATH\View\View.php(216): CodeIgniter\View\View->CodeIgniter\View\{closure}()
 5 SYSTEMPATH\Common.php(1142): CodeIgniter\View\View->render()
 6 APPPATH\Controllers\User\Galeri.php(37): view()
 7 SYSTEMPATH\CodeIgniter.php(907): App\Controllers\User\Galeri->index()
 8 SYSTEMPATH\CodeIgniter.php(457): CodeIgniter\CodeIgniter->runController()
 9 SYSTEMPATH\CodeIgniter.php(340): CodeIgniter\CodeIgniter->handleRequest()
10 FCPATH\index.php(67): CodeIgniter\CodeIgniter->run()
11 SYSTEMPATH\Commands\Server\rewrite.php(43): require_once('FCPATH\\index.php')
CRITICAL - 2023-09-15 05:45:02 --> Undefined index: file_gambar
in APPPATH\Views\user\v_user_galeri.php on line 24.
 1 APPPATH\Views\user\v_user_galeri.php(24): CodeIgniter\Debug\Exceptions->errorHandler()
 2 SYSTEMPATH\View\View.php(213): include('APPPATH\\Views\\user\\v_user_galeri.php')
 3 SYSTEMPATH\View\View.php(216): CodeIgniter\View\View->CodeIgniter\View\{closure}()
 4 SYSTEMPATH\Common.php(1142): CodeIgniter\View\View->render()
 5 APPPATH\Controllers\User\Galeri.php(37): view()
 6 SYSTEMPATH\CodeIgniter.php(907): App\Controllers\User\Galeri->index()
 7 SYSTEMPATH\CodeIgniter.php(457): CodeIgniter\CodeIgniter->runController()
 8 SYSTEMPATH\CodeIgniter.php(340): CodeIgniter\CodeIgniter->handleRequest()
 9 FCPATH\index.php(67): CodeIgniter\CodeIgniter->run()
10 SYSTEMPATH\Commands\Server\rewrite.php(43): require_once('FCPATH\\index.php')
CRITICAL - 2023-09-15 06:05:58 --> Undefined index: post_kategori
in APPPATH\Views\user\v_user_berita.php on line 24.
 1 APPPATH\Views\user\v_user_berita.php(24): CodeIgniter\Debug\Exceptions->errorHandler()
 2 SYSTEMPATH\View\View.php(213): include('APPPATH\\Views\\user\\v_user_berita.php')
 3 SYSTEMPATH\View\View.php(216): CodeIgniter\View\View->CodeIgniter\View\{closure}()
 4 SYSTEMPATH\Common.php(1142): CodeIgniter\View\View->render()
 5 APPPATH\Controllers\User\Berita.php(36): view()
 6 SYSTEMPATH\CodeIgniter.php(907): App\Controllers\User\Berita->index()
 7 SYSTEMPATH\CodeIgniter.php(457): CodeIgniter\CodeIgniter->runController()
 8 SYSTEMPATH\CodeIgniter.php(340): CodeIgniter\CodeIgniter->handleRequest()
 9 FCPATH\index.php(67): CodeIgniter\CodeIgniter->run()
10 SYSTEMPATH\Commands\Server\rewrite.php(43): require_once('FCPATH\\index.php')
CRITICAL - 2023-09-15 06:06:41 --> Undefined index: kategori
in APPPATH\Views\user\v_user_berita.php on line 24.
 1 APPPATH\Views\user\v_user_berita.php(24): CodeIgniter\Debug\Exceptions->errorHandler()
 2 SYSTEMPATH\View\View.php(213): include('APPPATH\\Views\\user\\v_user_berita.php')
 3 SYSTEMPATH\View\View.php(216): CodeIgniter\View\View->CodeIgniter\View\{closure}()
 4 SYSTEMPATH\Common.php(1142): CodeIgniter\View\View->render()
 5 APPPATH\Controllers\User\Berita.php(36): view()
 6 SYSTEMPATH\CodeIgniter.php(907): App\Controllers\User\Berita->index()
 7 SYSTEMPATH\CodeIgniter.php(457): CodeIgniter\CodeIgniter->runController()
 8 SYSTEMPATH\CodeIgniter.php(340): CodeIgniter\CodeIgniter->handleRequest()
 9 FCPATH\index.php(67): CodeIgniter\CodeIgniter->run()
10 SYSTEMPATH\Commands\Server\rewrite.php(43): require_once('FCPATH\\index.php')
CRITICAL - 2023-09-15 06:16:30 --> Undefined index: kategori
in APPPATH\Views\user\v_user_berita.php on line 40.
 1 APPPATH\Views\user\v_user_berita.php(40): CodeIgniter\Debug\Exceptions->errorHandler()
 2 SYSTEMPATH\View\View.php(213): include('APPPATH\\Views\\user\\v_user_berita.php')
 3 SYSTEMPATH\View\View.php(216): CodeIgniter\View\View->CodeIgniter\View\{closure}()
 4 SYSTEMPATH\Common.php(1142): CodeIgniter\View\View->render()
 5 APPPATH\Controllers\User\Berita.php(39): view()
 6 SYSTEMPATH\CodeIgniter.php(907): App\Controllers\User\Berita->index()
 7 SYSTEMPATH\CodeIgniter.php(457): CodeIgniter\CodeIgniter->runController()
 8 SYSTEMPATH\CodeIgniter.php(340): CodeIgniter\CodeIgniter->handleRequest()
 9 FCPATH\index.php(67): CodeIgniter\CodeIgniter->run()
10 SYSTEMPATH\Commands\Server\rewrite.php(43): require_once('FCPATH\\index.php')
CRITICAL - 2023-09-15 06:31:34 --> Undefined variable: jumlah_baris
in APPPATH\Controllers\User\Berita.php on line 26.
 1 APPPATH\Controllers\User\Berita.php(26): CodeIgniter\Debug\Exceptions->errorHandler()
 2 SYSTEMPATH\CodeIgniter.php(907): App\Controllers\User\Berita->index()
 3 SYSTEMPATH\CodeIgniter.php(457): CodeIgniter\CodeIgniter->runController()
 4 SYSTEMPATH\CodeIgniter.php(340): CodeIgniter\CodeIgniter->handleRequest()
 5 FCPATH\index.php(67): CodeIgniter\CodeIgniter->run()
 6 SYSTEMPATH\Commands\Server\rewrite.php(43): require_once('FCPATH\\index.php')
ERROR - 2023-09-15 07:09:22 --> mysqli_sql_exception: Unknown column 'post_titl' in 'where clause' in C:\xampp\htdocs\Web Pengabdian\websitedesa\vendor\codeigniter4\framework\system\Database\MySQLi\Connection.php:292
Stack trace:
#0 C:\xampp\htdocs\Web Pengabdian\websitedesa\vendor\codeigniter4\framework\system\Database\MySQLi\Connection.php(292): mysqli->query()
#1 C:\xampp\htdocs\Web Pengabdian\websitedesa\vendor\codeigniter4\framework\system\Database\BaseConnection.php(693): CodeIgniter\Database\MySQLi\Connection->execute()
#2 C:\xampp\htdocs\Web Pengabdian\websitedesa\vendor\codeigniter4\framework\system\Database\BaseConnection.php(620): CodeIgniter\Database\BaseConnection->simpleQuery()
#3 C:\xampp\htdocs\Web Pengabdian\websitedesa\vendor\codeigniter4\framework\system\Database\BaseBuilder.php(1669): CodeIgniter\Database\BaseConnection->query()
#4 C:\xampp\htdocs\Web Pengabdian\websitedesa\vendor\codeigniter4\framework\system\Model.php(551): CodeIgniter\Database\BaseBuilder->countAllResults()
#5 C:\xampp\htdocs\Web Pengabdian\websitedesa\vendor\codeigniter4\framework\system\BaseModel.php(1085): CodeIgniter\Model->countAllResults()
#6 C:\xampp\htdocs\Web Pengabdian\websitedesa\app\Models\PostsModel.php(127): CodeIgniter\BaseModel->paginate()
#7 C:\xampp\htdocs\Web Pengabdian\websitedesa\app\Controllers\User\Berita.php(36): App\Models\PostsModel->beritaBuatUser()
#8 C:\xampp\htdocs\Web Pengabdian\websitedesa\vendor\codeigniter4\framework\system\CodeIgniter.php(907): App\Controllers\User\Berita->index()
#9 C:\xampp\htdocs\Web Pengabdian\websitedesa\vendor\codeigniter4\framework\system\CodeIgniter.php(457): CodeIgniter\CodeIgniter->runController()
#10 C:\xampp\htdocs\Web Pengabdian\websitedesa\vendor\codeigniter4\framework\system\CodeIgniter.php(340): CodeIgniter\CodeIgniter->handleRequest()
#11 C:\xampp\htdocs\Web Pengabdian\websitedesa\public\index.php(67): CodeIgniter\CodeIgniter->run()
#12 C:\xampp\htdocs\Web Pengabdian\websitedesa\vendor\codeigniter4\framework\system\Commands\Server\rewrite.php(43): require_once('C:\\xampp\\htdocs...')
#13 {main}
CRITICAL - 2023-09-15 07:09:22 --> Unknown column 'post_titl' in 'where clause'
in SYSTEMPATH\Database\MySQLi\Connection.php on line 292.
 1 SYSTEMPATH\Database\MySQLi\Connection.php(292): mysqli->query()
 2 SYSTEMPATH\Database\BaseConnection.php(693): CodeIgniter\Database\MySQLi\Connection->execute()
 3 SYSTEMPATH\Database\BaseConnection.php(620): CodeIgniter\Database\BaseConnection->simpleQuery()
 4 SYSTEMPATH\Database\BaseBuilder.php(1669): CodeIgniter\Database\BaseConnection->query()
 5 SYSTEMPATH\Model.php(551): CodeIgniter\Database\BaseBuilder->countAllResults()
 6 SYSTEMPATH\BaseModel.php(1085): CodeIgniter\Model->countAllResults()
 7 APPPATH\Models\PostsModel.php(127): CodeIgniter\BaseModel->paginate()
 8 APPPATH\Controllers\User\Berita.php(36): App\Models\PostsModel->beritaBuatUser()
 9 SYSTEMPATH\CodeIgniter.php(907): App\Controllers\User\Berita->index()
10 SYSTEMPATH\CodeIgniter.php(457): CodeIgniter\CodeIgniter->runController()
11 SYSTEMPATH\CodeIgniter.php(340): CodeIgniter\CodeIgniter->handleRequest()
12 FCPATH\index.php(67): CodeIgniter\CodeIgniter->run()
13 SYSTEMPATH\Commands\Server\rewrite.php(43): require_once('FCPATH\\index.php')
CRITICAL - 2023-09-15 07:14:17 --> Array to string conversion
in APPPATH\Views\user\template\v_user_template_head.php on line 7.
 1 APPPATH\Views\user\template\v_user_template_head.php(7): CodeIgniter\Debug\Exceptions->errorHandler()
 2 APPPATH\Views\user\v_user_berita.php(3): include('APPPATH\\Views\\user\\template\\v_user_template_head.php')
 3 SYSTEMPATH\View\View.php(213): include('APPPATH\\Views\\user\\v_user_berita.php')
 4 SYSTEMPATH\View\View.php(216): CodeIgniter\View\View->CodeIgniter\View\{closure}()
 5 SYSTEMPATH\Common.php(1142): CodeIgniter\View\View->render()
 6 APPPATH\Controllers\User\Berita.php(48): view()
 7 SYSTEMPATH\CodeIgniter.php(907): App\Controllers\User\Berita->index()
 8 SYSTEMPATH\CodeIgniter.php(457): CodeIgniter\CodeIgniter->runController()
 9 SYSTEMPATH\CodeIgniter.php(340): CodeIgniter\CodeIgniter->handleRequest()
10 FCPATH\index.php(67): CodeIgniter\CodeIgniter->run()
11 SYSTEMPATH\Commands\Server\rewrite.php(43): require_once('FCPATH\\index.php')
CRITICAL - 2023-09-15 07:14:48 --> Undefined offset: 1
in APPPATH\Models\PostsModel.php on line 129.
 1 APPPATH\Models\PostsModel.php(129): CodeIgniter\Debug\Exceptions->errorHandler()
 2 APPPATH\Controllers\User\Berita.php(29): App\Models\PostsModel->beritaBuatUser()
 3 SYSTEMPATH\CodeIgniter.php(907): App\Controllers\User\Berita->index()
 4 SYSTEMPATH\CodeIgniter.php(457): CodeIgniter\CodeIgniter->runController()
 5 SYSTEMPATH\CodeIgniter.php(340): CodeIgniter\CodeIgniter->handleRequest()
 6 FCPATH\index.php(67): CodeIgniter\CodeIgniter->run()
 7 SYSTEMPATH\Commands\Server\rewrite.php(43): require_once('FCPATH\\index.php')
CRITICAL - 2023-09-15 07:14:52 --> Undefined offset: 1
in APPPATH\Models\PostsModel.php on line 129.
 1 APPPATH\Models\PostsModel.php(129): CodeIgniter\Debug\Exceptions->errorHandler()
 2 APPPATH\Controllers\User\Berita.php(29): App\Models\PostsModel->beritaBuatUser()
 3 SYSTEMPATH\CodeIgniter.php(907): App\Controllers\User\Berita->index()
 4 SYSTEMPATH\CodeIgniter.php(457): CodeIgniter\CodeIgniter->runController()
 5 SYSTEMPATH\CodeIgniter.php(340): CodeIgniter\CodeIgniter->handleRequest()
 6 FCPATH\index.php(67): CodeIgniter\CodeIgniter->run()
 7 SYSTEMPATH\Commands\Server\rewrite.php(43): require_once('FCPATH\\index.php')
ERROR - 2023-09-15 07:21:39 --> mysqli_sql_exception: You have an error in your SQL syntax; check the manual that corresponds to your MariaDB server version for the right syntax to use near ':0: ESCAPE '!'
AND  1 LIKE :1: ESCAPE '!'
AND  2 LIKE :2: ESCAPE '!'
 )
AND k...' at line 5 in C:\xampp\htdocs\Web Pengabdian\websitedesa\vendor\codeigniter4\framework\system\Database\MySQLi\Connection.php:292
Stack trace:
#0 C:\xampp\htdocs\Web Pengabdian\websitedesa\vendor\codeigniter4\framework\system\Database\MySQLi\Connection.php(292): mysqli->query()
#1 C:\xampp\htdocs\Web Pengabdian\websitedesa\vendor\codeigniter4\framework\system\Database\BaseConnection.php(693): CodeIgniter\Database\MySQLi\Connection->execute()
#2 C:\xampp\htdocs\Web Pengabdian\websitedesa\vendor\codeigniter4\framework\system\Database\BaseConnection.php(620): CodeIgniter\Database\BaseConnection->simpleQuery()
#3 C:\xampp\htdocs\Web Pengabdian\websitedesa\vendor\codeigniter4\framework\system\Database\BaseBuilder.php(1669): CodeIgniter\Database\BaseConnection->query()
#4 C:\xampp\htdocs\Web Pengabdian\websitedesa\vendor\codeigniter4\framework\system\Model.php(551): CodeIgniter\Database\BaseBuilder->countAllResults()
#5 C:\xampp\htdocs\Web Pengabdian\websitedesa\vendor\codeigniter4\framework\system\BaseModel.php(1085): CodeIgniter\Model->countAllResults()
#6 C:\xampp\htdocs\Web Pengabdian\websitedesa\app\Models\PostsModel.php(125): CodeIgniter\BaseModel->paginate()
#7 C:\xampp\htdocs\Web Pengabdian\websitedesa\app\Controllers\User\Berita.php(36): App\Models\PostsModel->beritaBuatUser()
#8 C:\xampp\htdocs\Web Pengabdian\websitedesa\vendor\codeigniter4\framework\system\CodeIgniter.php(907): App\Controllers\User\Berita->index()
#9 C:\xampp\htdocs\Web Pengabdian\websitedesa\vendor\codeigniter4\framework\system\CodeIgniter.php(457): CodeIgniter\CodeIgniter->runController()
#10 C:\xampp\htdocs\Web Pengabdian\websitedesa\vendor\codeigniter4\framework\system\CodeIgniter.php(340): CodeIgniter\CodeIgniter->handleRequest()
#11 C:\xampp\htdocs\Web Pengabdian\websitedesa\public\index.php(67): CodeIgniter\CodeIgniter->run()
#12 C:\xampp\htdocs\Web Pengabdian\websitedesa\vendor\codeigniter4\framework\system\Commands\Server\rewrite.php(43): require_once('C:\\xampp\\htdocs...')
#13 {main}
CRITICAL - 2023-09-15 07:21:39 --> You have an error in your SQL syntax; check the manual that corresponds to your MariaDB server version for the right syntax to use near ':0: ESCAPE '!'
AND  1 LIKE :1: ESCAPE '!'
AND  2 LIKE :2: ESCAPE '!'
 )
AND k...' at line 5
in SYSTEMPATH\Database\MySQLi\Connection.php on line 292.
 1 SYSTEMPATH\Database\MySQLi\Connection.php(292): mysqli->query()
 2 SYSTEMPATH\Database\BaseConnection.php(693): CodeIgniter\Database\MySQLi\Connection->execute()
 3 SYSTEMPATH\Database\BaseConnection.php(620): CodeIgniter\Database\BaseConnection->simpleQuery()
 4 SYSTEMPATH\Database\BaseBuilder.php(1669): CodeIgniter\Database\BaseConnection->query()
 5 SYSTEMPATH\Model.php(551): CodeIgniter\Database\BaseBuilder->countAllResults()
 6 SYSTEMPATH\BaseModel.php(1085): CodeIgniter\Model->countAllResults()
 7 APPPATH\Models\PostsModel.php(125): CodeIgniter\BaseModel->paginate()
 8 APPPATH\Controllers\User\Berita.php(36): App\Models\PostsModel->beritaBuatUser()
 9 SYSTEMPATH\CodeIgniter.php(907): App\Controllers\User\Berita->index()
10 SYSTEMPATH\CodeIgniter.php(457): CodeIgniter\CodeIgniter->runController()
11 SYSTEMPATH\CodeIgniter.php(340): CodeIgniter\CodeIgniter->handleRequest()
12 FCPATH\index.php(67): CodeIgniter\CodeIgniter->run()
13 SYSTEMPATH\Commands\Server\rewrite.php(43): require_once('FCPATH\\index.php')
ERROR - 2023-09-15 10:00:14 --> Error connecting to the database: mysqli_sql_exception: No connection could be made because the target machine actively refused it.
 in C:\xampp\htdocs\Web Pengabdian\websitedesa\vendor\codeigniter4\framework\system\Database\MySQLi\Connection.php:171
Stack trace:
#0 C:\xampp\htdocs\Web Pengabdian\websitedesa\vendor\codeigniter4\framework\system\Database\MySQLi\Connection.php(171): mysqli->real_connect()
#1 C:\xampp\htdocs\Web Pengabdian\websitedesa\vendor\codeigniter4\framework\system\Database\BaseConnection.php(382): CodeIgniter\Database\MySQLi\Connection->connect()
#2 C:\xampp\htdocs\Web Pengabdian\websitedesa\vendor\codeigniter4\framework\system\Database\BaseConnection.php(588): CodeIgniter\Database\BaseConnection->initialize()
#3 C:\xampp\htdocs\Web Pengabdian\websitedesa\vendor\codeigniter4\framework\system\Database\BaseBuilder.php(1585): CodeIgniter\Database\BaseConnection->query()
#4 C:\xampp\htdocs\Web Pengabdian\websitedesa\vendor\codeigniter4\framework\system\Model.php(772): CodeIgniter\Database\BaseBuilder->get()
#5 C:\xampp\htdocs\Web Pengabdian\websitedesa\app\Models\ProfileDesaModel.php(16): CodeIgniter\Model->__call()
#6 C:\xampp\htdocs\Web Pengabdian\websitedesa\app\Controllers\User\ProfileDesa.php(23): App\Models\ProfileDesaModel->getData()
#7 C:\xampp\htdocs\Web Pengabdian\websitedesa\vendor\codeigniter4\framework\system\CodeIgniter.php(907): App\Controllers\User\ProfileDesa->Sejarah()
#8 C:\xampp\htdocs\Web Pengabdian\websitedesa\vendor\codeigniter4\framework\system\CodeIgniter.php(457): CodeIgniter\CodeIgniter->runController()
#9 C:\xampp\htdocs\Web Pengabdian\websitedesa\vendor\codeigniter4\framework\system\CodeIgniter.php(340): CodeIgniter\CodeIgniter->handleRequest()
#10 C:\xampp\htdocs\Web Pengabdian\websitedesa\public\index.php(67): CodeIgniter\CodeIgniter->run()
#11 C:\xampp\htdocs\Web Pengabdian\websitedesa\vendor\codeigniter4\framework\system\Commands\Server\rewrite.php(43): require_once('C:\\xampp\\htdocs...')
#12 {main}

Next CodeIgniter\Database\Exceptions\DatabaseException: No connection could be made because the target machine actively refused it.
 in C:\xampp\htdocs\Web Pengabdian\websitedesa\vendor\codeigniter4\framework\system\Database\MySQLi\Connection.php:215
Stack trace:
#0 C:\xampp\htdocs\Web Pengabdian\websitedesa\vendor\codeigniter4\framework\system\Database\BaseConnection.php(382): CodeIgniter\Database\MySQLi\Connection->connect()
#1 C:\xampp\htdocs\Web Pengabdian\websitedesa\vendor\codeigniter4\framework\system\Database\BaseConnection.php(588): CodeIgniter\Database\BaseConnection->initialize()
#2 C:\xampp\htdocs\Web Pengabdian\websitedesa\vendor\codeigniter4\framework\system\Database\BaseBuilder.php(1585): CodeIgniter\Database\BaseConnection->query()
#3 C:\xampp\htdocs\Web Pengabdian\websitedesa\vendor\codeigniter4\framework\system\Model.php(772): CodeIgniter\Database\BaseBuilder->get()
#4 C:\xampp\htdocs\Web Pengabdian\websitedesa\app\Models\ProfileDesaModel.php(16): CodeIgniter\Model->__call()
#5 C:\xampp\htdocs\Web Pengabdian\websitedesa\app\Controllers\User\ProfileDesa.php(23): App\Models\ProfileDesaModel->getData()
#6 C:\xampp\htdocs\Web Pengabdian\websitedesa\vendor\codeigniter4\framework\system\CodeIgniter.php(907): App\Controllers\User\ProfileDesa->Sejarah()
#7 C:\xampp\htdocs\Web Pengabdian\websitedesa\vendor\codeigniter4\framework\system\CodeIgniter.php(457): CodeIgniter\CodeIgniter->runController()
#8 C:\xampp\htdocs\Web Pengabdian\websitedesa\vendor\codeigniter4\framework\system\CodeIgniter.php(340): CodeIgniter\CodeIgniter->handleRequest()
#9 C:\xampp\htdocs\Web Pengabdian\websitedesa\public\index.php(67): CodeIgniter\CodeIgniter->run()
#10 C:\xampp\htdocs\Web Pengabdian\websitedesa\vendor\codeigniter4\framework\system\Commands\Server\rewrite.php(43): require_once('C:\\xampp\\htdocs...')
#11 {main}
CRITICAL - 2023-09-15 10:00:14 --> Unable to connect to the database.
Main connection [MySQLi]: No connection could be made because the target machine actively refused it.

in SYSTEMPATH\Database\BaseConnection.php on line 418.
 1 SYSTEMPATH\Database\BaseConnection.php(588): CodeIgniter\Database\BaseConnection->initialize()
 2 SYSTEMPATH\Database\BaseBuilder.php(1585): CodeIgniter\Database\BaseConnection->query()
 3 SYSTEMPATH\Model.php(772): CodeIgniter\Database\BaseBuilder->get()
 4 APPPATH\Models\ProfileDesaModel.php(16): CodeIgniter\Model->__call()
 5 APPPATH\Controllers\User\ProfileDesa.php(23): App\Models\ProfileDesaModel->getData()
 6 SYSTEMPATH\CodeIgniter.php(907): App\Controllers\User\ProfileDesa->Sejarah()
 7 SYSTEMPATH\CodeIgniter.php(457): CodeIgniter\CodeIgniter->runController()
 8 SYSTEMPATH\CodeIgniter.php(340): CodeIgniter\CodeIgniter->handleRequest()
 9 FCPATH\index.php(67): CodeIgniter\CodeIgniter->run()
10 SYSTEMPATH\Commands\Server\rewrite.php(43): require_once('FCPATH\\index.php')
CRITICAL - 2023-09-15 10:04:07 --> syntax error, unexpected '<'
in APPPATH\Views\user\template\v_user_template_navbar.php on line 76.
 1 SYSTEMPATH\View\View.php(213): include()
 2 SYSTEMPATH\View\View.php(216): CodeIgniter\View\View->CodeIgniter\View\{closure}()
 3 SYSTEMPATH\Common.php(1142): CodeIgniter\View\View->render()
 4 APPPATH\Controllers\User\Galeri.php(37): view()
 5 SYSTEMPATH\CodeIgniter.php(907): App\Controllers\User\Galeri->index()
 6 SYSTEMPATH\CodeIgniter.php(457): CodeIgniter\CodeIgniter->runController()
 7 SYSTEMPATH\CodeIgniter.php(340): CodeIgniter\CodeIgniter->handleRequest()
 8 FCPATH\index.php(67): CodeIgniter\CodeIgniter->run()
 9 SYSTEMPATH\Commands\Server\rewrite.php(43): require_once('FCPATH\\index.php')
CRITICAL - 2023-09-15 10:37:08 --> Undefined index: gambar_aparatur
in APPPATH\Views\admin\v_dashboard_admin_statistik.php on line 43.
 1 APPPATH\Views\admin\v_dashboard_admin_statistik.php(43): CodeIgniter\Debug\Exceptions->errorHandler()
 2 SYSTEMPATH\View\View.php(213): include('APPPATH\\Views\\admin\\v_dashboard_admin_statistik.php')
 3 SYSTEMPATH\View\View.php(216): CodeIgniter\View\View->CodeIgniter\View\{closure}()
 4 SYSTEMPATH\Common.php(1142): CodeIgniter\View\View->render()
 5 APPPATH\Controllers\Admin\Statistik.php(22): view()
 6 SYSTEMPATH\CodeIgniter.php(907): App\Controllers\Admin\Statistik->index()
 7 SYSTEMPATH\CodeIgniter.php(457): CodeIgniter\CodeIgniter->runController()
 8 SYSTEMPATH\CodeIgniter.php(340): CodeIgniter\CodeIgniter->handleRequest()
 9 FCPATH\index.php(67): CodeIgniter\CodeIgniter->run()
10 SYSTEMPATH\Commands\Server\rewrite.php(43): require_once('FCPATH\\index.php')
CRITICAL - 2023-09-15 10:39:11 --> Call to undefined method App\Models\StatistikModel::getSingleStatistik
in SYSTEMPATH\Model.php on line 774.
 1 APPPATH\Controllers\Admin\Statistik.php(20): CodeIgniter\Model->__call()
 2 SYSTEMPATH\CodeIgniter.php(907): App\Controllers\Admin\Statistik->index()
 3 SYSTEMPATH\CodeIgniter.php(457): CodeIgniter\CodeIgniter->runController()
 4 SYSTEMPATH\CodeIgniter.php(340): CodeIgniter\CodeIgniter->handleRequest()
 5 FCPATH\index.php(67): CodeIgniter\CodeIgniter->run()
 6 SYSTEMPATH\Commands\Server\rewrite.php(43): require_once('FCPATH\\index.php')
CRITICAL - 2023-09-15 10:39:35 --> Call to undefined method App\Models\StatistikModel::deleteData
in SYSTEMPATH\Model.php on line 774.
 1 APPPATH\Controllers\Admin\Statistik.php(24): CodeIgniter\Model->__call()
 2 SYSTEMPATH\CodeIgniter.php(907): App\Controllers\Admin\Statistik->index()
 3 SYSTEMPATH\CodeIgniter.php(457): CodeIgniter\CodeIgniter->runController()
 4 SYSTEMPATH\CodeIgniter.php(340): CodeIgniter\CodeIgniter->handleRequest()
 5 FCPATH\index.php(67): CodeIgniter\CodeIgniter->run()
 6 SYSTEMPATH\Commands\Server\rewrite.php(43): require_once('FCPATH\\index.php')
CRITICAL - 2023-09-15 10:45:04 --> Undefined variable: statistik
in APPPATH\Views\user\template\v_user_template_side_bar.php on line 136.
 1 APPPATH\Views\user\template\v_user_template_side_bar.php(136): CodeIgniter\Debug\Exceptions->errorHandler()
 2 APPPATH\Views\user\v_user_galeri.php(40): include('APPPATH\\Views\\user\\template\\v_user_template_side_bar.php')
 3 SYSTEMPATH\View\View.php(213): include('APPPATH\\Views\\user\\v_user_galeri.php')
 4 SYSTEMPATH\View\View.php(216): CodeIgniter\View\View->CodeIgniter\View\{closure}()
 5 SYSTEMPATH\Common.php(1142): CodeIgniter\View\View->render()
 6 APPPATH\Controllers\User\Galeri.php(37): view()
 7 SYSTEMPATH\CodeIgniter.php(907): App\Controllers\User\Galeri->index()
 8 SYSTEMPATH\CodeIgniter.php(457): CodeIgniter\CodeIgniter->runController()
 9 SYSTEMPATH\CodeIgniter.php(340): CodeIgniter\CodeIgniter->handleRequest()
10 FCPATH\index.php(67): CodeIgniter\CodeIgniter->run()
11 SYSTEMPATH\Commands\Server\rewrite.php(43): require_once('FCPATH\\index.php')
CRITICAL - 2023-09-15 10:52:44 --> Too few arguments to function App\Models\PostsModel::getMorePostCategories(), 0 passed in C:\xampp\htdocs\Web Pengabdian\websitedesa\app\Controllers\User\Berita.php on line 68 and exactly 1 expected
in APPPATH\Models\PostsModel.php on line 146.
 1 APPPATH\Controllers\User\Berita.php(68): App\Models\PostsModel->getMorePostCategories()
 2 SYSTEMPATH\CodeIgniter.php(907): App\Controllers\User\Berita->detailBerita()
 3 SYSTEMPATH\CodeIgniter.php(457): CodeIgniter\CodeIgniter->runController()
 4 SYSTEMPATH\CodeIgniter.php(340): CodeIgniter\CodeIgniter->handleRequest()
 5 FCPATH\index.php(67): CodeIgniter\CodeIgniter->run()
 6 SYSTEMPATH\Commands\Server\rewrite.php(43): require_once('FCPATH\\index.php')
CRITICAL - 2023-09-15 10:55:59 --> syntax error, unexpected 'endforeach' (T_ENDFOREACH), expecting end of file
in APPPATH\Views\user\template\v_user_template_side_bar_berita.php on line 51.
 1 SYSTEMPATH\View\View.php(213): include()
 2 SYSTEMPATH\View\View.php(216): CodeIgniter\View\View->CodeIgniter\View\{closure}()
 3 SYSTEMPATH\Common.php(1142): CodeIgniter\View\View->render()
 4 APPPATH\Controllers\User\Berita.php(70): view()
 5 SYSTEMPATH\CodeIgniter.php(907): App\Controllers\User\Berita->detailBerita()
 6 SYSTEMPATH\CodeIgniter.php(457): CodeIgniter\CodeIgniter->runController()
 7 SYSTEMPATH\CodeIgniter.php(340): CodeIgniter\CodeIgniter->handleRequest()
 8 FCPATH\index.php(67): CodeIgniter\CodeIgniter->run()
 9 SYSTEMPATH\Commands\Server\rewrite.php(43): require_once('FCPATH\\index.php')
CRITICAL - 2023-09-15 12:14:12 --> Invalid argument supplied for foreach()
in APPPATH\Views\user\v_user_galeri.php on line 21.
 1 APPPATH\Views\user\v_user_galeri.php(21): CodeIgniter\Debug\Exceptions->errorHandler()
 2 SYSTEMPATH\View\View.php(213): include('APPPATH\\Views\\user\\v_user_galeri.php')
 3 SYSTEMPATH\View\View.php(216): CodeIgniter\View\View->CodeIgniter\View\{closure}()
 4 SYSTEMPATH\Common.php(1142): CodeIgniter\View\View->render()
 5 APPPATH\Controllers\User\Galeri.php(41): view()
 6 SYSTEMPATH\CodeIgniter.php(907): App\Controllers\User\Galeri->index()
 7 SYSTEMPATH\CodeIgniter.php(457): CodeIgniter\CodeIgniter->runController()
 8 SYSTEMPATH\CodeIgniter.php(340): CodeIgniter\CodeIgniter->handleRequest()
 9 FCPATH\index.php(67): CodeIgniter\CodeIgniter->run()
10 SYSTEMPATH\Commands\Server\rewrite.php(43): require_once('FCPATH\\index.php')
