ERROR - 2023-07-12 10:28:02 --> Error connecting to the database: mysqli_sql_exception: No connection could be made because the target machine actively refused it.
 in C:\xampp\htdocs\Web Pengabdian\websitedesa\vendor\codeigniter4\framework\system\Database\MySQLi\Connection.php:171
Stack trace:
#0 C:\xampp\htdocs\Web Pengabdian\websitedesa\vendor\codeigniter4\framework\system\Database\MySQLi\Connection.php(171): mysqli->real_connect()
#1 C:\xampp\htdocs\Web Pengabdian\websitedesa\vendor\codeigniter4\framework\system\Database\BaseConnection.php(382): CodeIgniter\Database\MySQLi\Connection->connect()
#2 C:\xampp\htdocs\Web Pengabdian\websitedesa\vendor\codeigniter4\framework\system\Database\BaseConnection.php(588): CodeIgniter\Database\BaseConnection->initialize()
#3 C:\xampp\htdocs\Web Pengabdian\websitedesa\vendor\codeigniter4\framework\system\Database\BaseConnection.php(1385): CodeIgniter\Database\BaseConnection->query()
#4 C:\xampp\htdocs\Web Pengabdian\websitedesa\vendor\codeigniter4\framework\system\Database\BaseConnection.php(1419): CodeIgniter\Database\BaseConnection->listTables()
#5 C:\xampp\htdocs\Web Pengabdian\websitedesa\vendor\codeigniter4\framework\system\Database\MigrationRunner.php(759): CodeIgniter\Database\BaseConnection->tableExists()
#6 C:\xampp\htdocs\Web Pengabdian\websitedesa\vendor\codeigniter4\framework\system\Database\MigrationRunner.php(167): CodeIgniter\Database\MigrationRunner->ensureTable()
#7 C:\xampp\htdocs\Web Pengabdian\websitedesa\vendor\codeigniter4\framework\system\Commands\Database\Migrate.php(84): CodeIgniter\Database\MigrationRunner->latest()
#8 C:\xampp\htdocs\Web Pengabdian\websitedesa\vendor\codeigniter4\framework\system\CLI\Commands.php(63): CodeIgniter\Commands\Database\Migrate->run()
#9 C:\xampp\htdocs\Web Pengabdian\websitedesa\vendor\codeigniter4\framework\system\CLI\CommandRunner.php(65): CodeIgniter\CLI\Commands->run()
#10 C:\xampp\htdocs\Web Pengabdian\websitedesa\vendor\codeigniter4\framework\system\CLI\CommandRunner.php(51): CodeIgniter\CLI\CommandRunner->index()
#11 C:\xampp\htdocs\Web Pengabdian\websitedesa\vendor\codeigniter4\framework\system\CodeIgniter.php(900): CodeIgniter\CLI\CommandRunner->_remap()
#12 C:\xampp\htdocs\Web Pengabdian\websitedesa\vendor\codeigniter4\framework\system\CodeIgniter.php(457): CodeIgniter\CodeIgniter->runController()
#13 C:\xampp\htdocs\Web Pengabdian\websitedesa\vendor\codeigniter4\framework\system\CodeIgniter.php(336): CodeIgniter\CodeIgniter->handleRequest()
#14 C:\xampp\htdocs\Web Pengabdian\websitedesa\vendor\codeigniter4\framework\system\CLI\Console.php(48): CodeIgniter\CodeIgniter->run()
#15 C:\xampp\htdocs\Web Pengabdian\websitedesa\spark(98): CodeIgniter\CLI\Console->run()
#16 {main}

Next CodeIgniter\Database\Exceptions\DatabaseException: No connection could be made because the target machine actively refused it.
 in C:\xampp\htdocs\Web Pengabdian\websitedesa\vendor\codeigniter4\framework\system\Database\MySQLi\Connection.php:215
Stack trace:
#0 C:\xampp\htdocs\Web Pengabdian\websitedesa\vendor\codeigniter4\framework\system\Database\BaseConnection.php(382): CodeIgniter\Database\MySQLi\Connection->connect()
#1 C:\xampp\htdocs\Web Pengabdian\websitedesa\vendor\codeigniter4\framework\system\Database\BaseConnection.php(588): CodeIgniter\Database\BaseConnection->initialize()
#2 C:\xampp\htdocs\Web Pengabdian\websitedesa\vendor\codeigniter4\framework\system\Database\BaseConnection.php(1385): CodeIgniter\Database\BaseConnection->query()
#3 C:\xampp\htdocs\Web Pengabdian\websitedesa\vendor\codeigniter4\framework\system\Database\BaseConnection.php(1419): CodeIgniter\Database\BaseConnection->listTables()
#4 C:\xampp\htdocs\Web Pengabdian\websitedesa\vendor\codeigniter4\framework\system\Database\MigrationRunner.php(759): CodeIgniter\Database\BaseConnection->tableExists()
#5 C:\xampp\htdocs\Web Pengabdian\websitedesa\vendor\codeigniter4\framework\system\Database\MigrationRunner.php(167): CodeIgniter\Database\MigrationRunner->ensureTable()
#6 C:\xampp\htdocs\Web Pengabdian\websitedesa\vendor\codeigniter4\framework\system\Commands\Database\Migrate.php(84): CodeIgniter\Database\MigrationRunner->latest()
#7 C:\xampp\htdocs\Web Pengabdian\websitedesa\vendor\codeigniter4\framework\system\CLI\Commands.php(63): CodeIgniter\Commands\Database\Migrate->run()
#8 C:\xampp\htdocs\Web Pengabdian\websitedesa\vendor\codeigniter4\framework\system\CLI\CommandRunner.php(65): CodeIgniter\CLI\Commands->run()
#9 C:\xampp\htdocs\Web Pengabdian\websitedesa\vendor\codeigniter4\framework\system\CLI\CommandRunner.php(51): CodeIgniter\CLI\CommandRunner->index()
#10 C:\xampp\htdocs\Web Pengabdian\websitedesa\vendor\codeigniter4\framework\system\CodeIgniter.php(900): CodeIgniter\CLI\CommandRunner->_remap()
#11 C:\xampp\htdocs\Web Pengabdian\websitedesa\vendor\codeigniter4\framework\system\CodeIgniter.php(457): CodeIgniter\CodeIgniter->runController()
#12 C:\xampp\htdocs\Web Pengabdian\websitedesa\vendor\codeigniter4\framework\system\CodeIgniter.php(336): CodeIgniter\CodeIgniter->handleRequest()
#13 C:\xampp\htdocs\Web Pengabdian\websitedesa\vendor\codeigniter4\framework\system\CLI\Console.php(48): CodeIgniter\CodeIgniter->run()
#14 C:\xampp\htdocs\Web Pengabdian\websitedesa\spark(98): CodeIgniter\CLI\Console->run()
#15 {main}
CRITICAL - 2023-07-12 10:43:43 --> Undefined variable: judul
in APPPATH\Views\admin\template\v_dashboard_template_header.php on line 9.
 1 APPPATH\Views\admin\template\v_dashboard_template_header.php(9): CodeIgniter\Debug\Exceptions->errorHandler()
 2 APPPATH\Views\admin\v_dashboard_admin_posts.php(3): include('APPPATH\\Views\\admin\\template\\v_dashboard_template_header.php')
 3 SYSTEMPATH\View\View.php(213): include('APPPATH\\Views\\admin\\v_dashboard_admin_posts.php')
 4 SYSTEMPATH\View\View.php(216): CodeIgniter\View\View->CodeIgniter\View\{closure}()
 5 SYSTEMPATH\Common.php(1142): CodeIgniter\View\View->render()
 6 APPPATH\Controllers\Admin\Post.php(10): view()
 7 SYSTEMPATH\CodeIgniter.php(907): App\Controllers\Admin\Post->index()
 8 SYSTEMPATH\CodeIgniter.php(457): CodeIgniter\CodeIgniter->runController()
 9 SYSTEMPATH\CodeIgniter.php(340): CodeIgniter\CodeIgniter->handleRequest()
10 FCPATH\index.php(67): CodeIgniter\CodeIgniter->run()
11 SYSTEMPATH\Commands\Server\rewrite.php(43): require_once('FCPATH\\index.php')
CRITICAL - 2023-07-12 10:44:13 --> Undefined variable: dataDesa
in APPPATH\Views\admin\v_dashboard_admin_posts.php on line 15.
 1 APPPATH\Views\admin\v_dashboard_admin_posts.php(15): CodeIgniter\Debug\Exceptions->errorHandler()
 2 SYSTEMPATH\View\View.php(213): include('APPPATH\\Views\\admin\\v_dashboard_admin_posts.php')
 3 SYSTEMPATH\View\View.php(216): CodeIgniter\View\View->CodeIgniter\View\{closure}()
 4 SYSTEMPATH\Common.php(1142): CodeIgniter\View\View->render()
 5 APPPATH\Controllers\Admin\Post.php(13): view()
 6 SYSTEMPATH\CodeIgniter.php(907): App\Controllers\Admin\Post->index()
 7 SYSTEMPATH\CodeIgniter.php(457): CodeIgniter\CodeIgniter->runController()
 8 SYSTEMPATH\CodeIgniter.php(340): CodeIgniter\CodeIgniter->handleRequest()
 9 FCPATH\index.php(67): CodeIgniter\CodeIgniter->run()
10 SYSTEMPATH\Commands\Server\rewrite.php(43): require_once('FCPATH\\index.php')
ERROR - 2023-07-12 12:07:56 --> mysqli_sql_exception: Duplicate entry '0' for key 'PRIMARY' in C:\xampp\htdocs\Web Pengabdian\websitedesa\vendor\codeigniter4\framework\system\Database\MySQLi\Connection.php:292
Stack trace:
#0 C:\xampp\htdocs\Web Pengabdian\websitedesa\vendor\codeigniter4\framework\system\Database\MySQLi\Connection.php(292): mysqli->query()
#1 C:\xampp\htdocs\Web Pengabdian\websitedesa\vendor\codeigniter4\framework\system\Database\BaseConnection.php(693): CodeIgniter\Database\MySQLi\Connection->execute()
#2 C:\xampp\htdocs\Web Pengabdian\websitedesa\vendor\codeigniter4\framework\system\Database\BaseConnection.php(620): CodeIgniter\Database\BaseConnection->simpleQuery()
#3 C:\xampp\htdocs\Web Pengabdian\websitedesa\vendor\codeigniter4\framework\system\Database\BaseBuilder.php(1916): CodeIgniter\Database\BaseConnection->query()
#4 C:\xampp\htdocs\Web Pengabdian\websitedesa\vendor\codeigniter4\framework\system\Model.php(279): CodeIgniter\Database\BaseBuilder->insert()
#5 C:\xampp\htdocs\Web Pengabdian\websitedesa\vendor\codeigniter4\framework\system\BaseModel.php(738): CodeIgniter\Model->doInsert()
#6 C:\xampp\htdocs\Web Pengabdian\websitedesa\vendor\codeigniter4\framework\system\Model.php(667): CodeIgniter\BaseModel->insert()
#7 C:\xampp\htdocs\Web Pengabdian\websitedesa\vendor\codeigniter4\framework\system\BaseModel.php(658): CodeIgniter\Model->insert()
#8 C:\xampp\htdocs\Web Pengabdian\websitedesa\app\Models\PostsModel.php(39): CodeIgniter\BaseModel->save()
#9 C:\xampp\htdocs\Web Pengabdian\websitedesa\app\Controllers\Admin\Post.php(77): App\Models\PostsModel->insertPost()
#10 C:\xampp\htdocs\Web Pengabdian\websitedesa\vendor\codeigniter4\framework\system\CodeIgniter.php(907): App\Controllers\Admin\Post->tambahPost()
#11 C:\xampp\htdocs\Web Pengabdian\websitedesa\vendor\codeigniter4\framework\system\CodeIgniter.php(457): CodeIgniter\CodeIgniter->runController()
#12 C:\xampp\htdocs\Web Pengabdian\websitedesa\vendor\codeigniter4\framework\system\CodeIgniter.php(340): CodeIgniter\CodeIgniter->handleRequest()
#13 C:\xampp\htdocs\Web Pengabdian\websitedesa\public\index.php(67): CodeIgniter\CodeIgniter->run()
#14 C:\xampp\htdocs\Web Pengabdian\websitedesa\vendor\codeigniter4\framework\system\Commands\Server\rewrite.php(43): require_once('C:\\xampp\\htdocs...')
#15 {main}
CRITICAL - 2023-07-12 12:07:56 --> Duplicate entry '0' for key 'PRIMARY'
in SYSTEMPATH\Database\MySQLi\Connection.php on line 292.
 1 SYSTEMPATH\Database\MySQLi\Connection.php(292): mysqli->query()
 2 SYSTEMPATH\Database\BaseConnection.php(693): CodeIgniter\Database\MySQLi\Connection->execute()
 3 SYSTEMPATH\Database\BaseConnection.php(620): CodeIgniter\Database\BaseConnection->simpleQuery()
 4 SYSTEMPATH\Database\BaseBuilder.php(1916): CodeIgniter\Database\BaseConnection->query()
 5 SYSTEMPATH\Model.php(279): CodeIgniter\Database\BaseBuilder->insert()
 6 SYSTEMPATH\BaseModel.php(738): CodeIgniter\Model->doInsert()
 7 SYSTEMPATH\Model.php(667): CodeIgniter\BaseModel->insert()
 8 SYSTEMPATH\BaseModel.php(658): CodeIgniter\Model->insert()
 9 APPPATH\Models\PostsModel.php(39): CodeIgniter\BaseModel->save()
10 APPPATH\Controllers\Admin\Post.php(77): App\Models\PostsModel->insertPost()
11 SYSTEMPATH\CodeIgniter.php(907): App\Controllers\Admin\Post->tambahPost()
12 SYSTEMPATH\CodeIgniter.php(457): CodeIgniter\CodeIgniter->runController()
13 SYSTEMPATH\CodeIgniter.php(340): CodeIgniter\CodeIgniter->handleRequest()
14 FCPATH\index.php(67): CodeIgniter\CodeIgniter->run()
15 SYSTEMPATH\Commands\Server\rewrite.php(43): require_once('FCPATH\\index.php')
ERROR - 2023-07-12 12:08:15 --> mysqli_sql_exception: Duplicate entry '0' for key 'PRIMARY' in C:\xampp\htdocs\Web Pengabdian\websitedesa\vendor\codeigniter4\framework\system\Database\MySQLi\Connection.php:292
Stack trace:
#0 C:\xampp\htdocs\Web Pengabdian\websitedesa\vendor\codeigniter4\framework\system\Database\MySQLi\Connection.php(292): mysqli->query()
#1 C:\xampp\htdocs\Web Pengabdian\websitedesa\vendor\codeigniter4\framework\system\Database\BaseConnection.php(693): CodeIgniter\Database\MySQLi\Connection->execute()
#2 C:\xampp\htdocs\Web Pengabdian\websitedesa\vendor\codeigniter4\framework\system\Database\BaseConnection.php(620): CodeIgniter\Database\BaseConnection->simpleQuery()
#3 C:\xampp\htdocs\Web Pengabdian\websitedesa\vendor\codeigniter4\framework\system\Database\BaseBuilder.php(1916): CodeIgniter\Database\BaseConnection->query()
#4 C:\xampp\htdocs\Web Pengabdian\websitedesa\vendor\codeigniter4\framework\system\Model.php(279): CodeIgniter\Database\BaseBuilder->insert()
#5 C:\xampp\htdocs\Web Pengabdian\websitedesa\vendor\codeigniter4\framework\system\BaseModel.php(738): CodeIgniter\Model->doInsert()
#6 C:\xampp\htdocs\Web Pengabdian\websitedesa\vendor\codeigniter4\framework\system\Model.php(667): CodeIgniter\BaseModel->insert()
#7 C:\xampp\htdocs\Web Pengabdian\websitedesa\vendor\codeigniter4\framework\system\BaseModel.php(658): CodeIgniter\Model->insert()
#8 C:\xampp\htdocs\Web Pengabdian\websitedesa\app\Models\PostsModel.php(39): CodeIgniter\BaseModel->save()
#9 C:\xampp\htdocs\Web Pengabdian\websitedesa\app\Controllers\Admin\Post.php(77): App\Models\PostsModel->insertPost()
#10 C:\xampp\htdocs\Web Pengabdian\websitedesa\vendor\codeigniter4\framework\system\CodeIgniter.php(907): App\Controllers\Admin\Post->tambahPost()
#11 C:\xampp\htdocs\Web Pengabdian\websitedesa\vendor\codeigniter4\framework\system\CodeIgniter.php(457): CodeIgniter\CodeIgniter->runController()
#12 C:\xampp\htdocs\Web Pengabdian\websitedesa\vendor\codeigniter4\framework\system\CodeIgniter.php(340): CodeIgniter\CodeIgniter->handleRequest()
#13 C:\xampp\htdocs\Web Pengabdian\websitedesa\public\index.php(67): CodeIgniter\CodeIgniter->run()
#14 C:\xampp\htdocs\Web Pengabdian\websitedesa\vendor\codeigniter4\framework\system\Commands\Server\rewrite.php(43): require_once('C:\\xampp\\htdocs...')
#15 {main}
CRITICAL - 2023-07-12 12:08:15 --> Duplicate entry '0' for key 'PRIMARY'
in SYSTEMPATH\Database\MySQLi\Connection.php on line 292.
 1 SYSTEMPATH\Database\MySQLi\Connection.php(292): mysqli->query()
 2 SYSTEMPATH\Database\BaseConnection.php(693): CodeIgniter\Database\MySQLi\Connection->execute()
 3 SYSTEMPATH\Database\BaseConnection.php(620): CodeIgniter\Database\BaseConnection->simpleQuery()
 4 SYSTEMPATH\Database\BaseBuilder.php(1916): CodeIgniter\Database\BaseConnection->query()
 5 SYSTEMPATH\Model.php(279): CodeIgniter\Database\BaseBuilder->insert()
 6 SYSTEMPATH\BaseModel.php(738): CodeIgniter\Model->doInsert()
 7 SYSTEMPATH\Model.php(667): CodeIgniter\BaseModel->insert()
 8 SYSTEMPATH\BaseModel.php(658): CodeIgniter\Model->insert()
 9 APPPATH\Models\PostsModel.php(39): CodeIgniter\BaseModel->save()
10 APPPATH\Controllers\Admin\Post.php(77): App\Models\PostsModel->insertPost()
11 SYSTEMPATH\CodeIgniter.php(907): App\Controllers\Admin\Post->tambahPost()
12 SYSTEMPATH\CodeIgniter.php(457): CodeIgniter\CodeIgniter->runController()
13 SYSTEMPATH\CodeIgniter.php(340): CodeIgniter\CodeIgniter->handleRequest()
14 FCPATH\index.php(67): CodeIgniter\CodeIgniter->run()
15 SYSTEMPATH\Commands\Server\rewrite.php(43): require_once('FCPATH\\index.php')
ERROR - 2023-07-12 12:08:36 --> mysqli_sql_exception: Duplicate entry '0' for key 'PRIMARY' in C:\xampp\htdocs\Web Pengabdian\websitedesa\vendor\codeigniter4\framework\system\Database\MySQLi\Connection.php:292
Stack trace:
#0 C:\xampp\htdocs\Web Pengabdian\websitedesa\vendor\codeigniter4\framework\system\Database\MySQLi\Connection.php(292): mysqli->query()
#1 C:\xampp\htdocs\Web Pengabdian\websitedesa\vendor\codeigniter4\framework\system\Database\BaseConnection.php(693): CodeIgniter\Database\MySQLi\Connection->execute()
#2 C:\xampp\htdocs\Web Pengabdian\websitedesa\vendor\codeigniter4\framework\system\Database\BaseConnection.php(620): CodeIgniter\Database\BaseConnection->simpleQuery()
#3 C:\xampp\htdocs\Web Pengabdian\websitedesa\vendor\codeigniter4\framework\system\Database\BaseBuilder.php(1916): CodeIgniter\Database\BaseConnection->query()
#4 C:\xampp\htdocs\Web Pengabdian\websitedesa\vendor\codeigniter4\framework\system\Model.php(279): CodeIgniter\Database\BaseBuilder->insert()
#5 C:\xampp\htdocs\Web Pengabdian\websitedesa\vendor\codeigniter4\framework\system\BaseModel.php(738): CodeIgniter\Model->doInsert()
#6 C:\xampp\htdocs\Web Pengabdian\websitedesa\vendor\codeigniter4\framework\system\Model.php(667): CodeIgniter\BaseModel->insert()
#7 C:\xampp\htdocs\Web Pengabdian\websitedesa\vendor\codeigniter4\framework\system\BaseModel.php(658): CodeIgniter\Model->insert()
#8 C:\xampp\htdocs\Web Pengabdian\websitedesa\app\Models\PostsModel.php(39): CodeIgniter\BaseModel->save()
#9 C:\xampp\htdocs\Web Pengabdian\websitedesa\app\Controllers\Admin\Post.php(77): App\Models\PostsModel->insertPost()
#10 C:\xampp\htdocs\Web Pengabdian\websitedesa\vendor\codeigniter4\framework\system\CodeIgniter.php(907): App\Controllers\Admin\Post->tambahPost()
#11 C:\xampp\htdocs\Web Pengabdian\websitedesa\vendor\codeigniter4\framework\system\CodeIgniter.php(457): CodeIgniter\CodeIgniter->runController()
#12 C:\xampp\htdocs\Web Pengabdian\websitedesa\vendor\codeigniter4\framework\system\CodeIgniter.php(340): CodeIgniter\CodeIgniter->handleRequest()
#13 C:\xampp\htdocs\Web Pengabdian\websitedesa\public\index.php(67): CodeIgniter\CodeIgniter->run()
#14 C:\xampp\htdocs\Web Pengabdian\websitedesa\vendor\codeigniter4\framework\system\Commands\Server\rewrite.php(43): require_once('C:\\xampp\\htdocs...')
#15 {main}
CRITICAL - 2023-07-12 12:08:36 --> Duplicate entry '0' for key 'PRIMARY'
in SYSTEMPATH\Database\MySQLi\Connection.php on line 292.
 1 SYSTEMPATH\Database\MySQLi\Connection.php(292): mysqli->query()
 2 SYSTEMPATH\Database\BaseConnection.php(693): CodeIgniter\Database\MySQLi\Connection->execute()
 3 SYSTEMPATH\Database\BaseConnection.php(620): CodeIgniter\Database\BaseConnection->simpleQuery()
 4 SYSTEMPATH\Database\BaseBuilder.php(1916): CodeIgniter\Database\BaseConnection->query()
 5 SYSTEMPATH\Model.php(279): CodeIgniter\Database\BaseBuilder->insert()
 6 SYSTEMPATH\BaseModel.php(738): CodeIgniter\Model->doInsert()
 7 SYSTEMPATH\Model.php(667): CodeIgniter\BaseModel->insert()
 8 SYSTEMPATH\BaseModel.php(658): CodeIgniter\Model->insert()
 9 APPPATH\Models\PostsModel.php(39): CodeIgniter\BaseModel->save()
10 APPPATH\Controllers\Admin\Post.php(77): App\Models\PostsModel->insertPost()
11 SYSTEMPATH\CodeIgniter.php(907): App\Controllers\Admin\Post->tambahPost()
12 SYSTEMPATH\CodeIgniter.php(457): CodeIgniter\CodeIgniter->runController()
13 SYSTEMPATH\CodeIgniter.php(340): CodeIgniter\CodeIgniter->handleRequest()
14 FCPATH\index.php(67): CodeIgniter\CodeIgniter->run()
15 SYSTEMPATH\Commands\Server\rewrite.php(43): require_once('FCPATH\\index.php')
ERROR - 2023-07-12 12:43:08 --> mysqli_sql_exception: Duplicate entry 'kami-dari-gugus-2-sik-2' for key 'slug' in C:\xampp\htdocs\Web Pengabdian\websitedesa\vendor\codeigniter4\framework\system\Database\MySQLi\Connection.php:292
Stack trace:
#0 C:\xampp\htdocs\Web Pengabdian\websitedesa\vendor\codeigniter4\framework\system\Database\MySQLi\Connection.php(292): mysqli->query()
#1 C:\xampp\htdocs\Web Pengabdian\websitedesa\vendor\codeigniter4\framework\system\Database\BaseConnection.php(693): CodeIgniter\Database\MySQLi\Connection->execute()
#2 C:\xampp\htdocs\Web Pengabdian\websitedesa\vendor\codeigniter4\framework\system\Database\BaseConnection.php(620): CodeIgniter\Database\BaseConnection->simpleQuery()
#3 C:\xampp\htdocs\Web Pengabdian\websitedesa\vendor\codeigniter4\framework\system\Database\BaseBuilder.php(1916): CodeIgniter\Database\BaseConnection->query()
#4 C:\xampp\htdocs\Web Pengabdian\websitedesa\vendor\codeigniter4\framework\system\Model.php(279): CodeIgniter\Database\BaseBuilder->insert()
#5 C:\xampp\htdocs\Web Pengabdian\websitedesa\vendor\codeigniter4\framework\system\BaseModel.php(738): CodeIgniter\Model->doInsert()
#6 C:\xampp\htdocs\Web Pengabdian\websitedesa\vendor\codeigniter4\framework\system\Model.php(667): CodeIgniter\BaseModel->insert()
#7 C:\xampp\htdocs\Web Pengabdian\websitedesa\vendor\codeigniter4\framework\system\BaseModel.php(658): CodeIgniter\Model->insert()
#8 C:\xampp\htdocs\Web Pengabdian\websitedesa\app\Models\PostsModel.php(39): CodeIgniter\BaseModel->save()
#9 C:\xampp\htdocs\Web Pengabdian\websitedesa\app\Controllers\Admin\Post.php(77): App\Models\PostsModel->insertPost()
#10 C:\xampp\htdocs\Web Pengabdian\websitedesa\vendor\codeigniter4\framework\system\CodeIgniter.php(907): App\Controllers\Admin\Post->tambahPost()
#11 C:\xampp\htdocs\Web Pengabdian\websitedesa\vendor\codeigniter4\framework\system\CodeIgniter.php(457): CodeIgniter\CodeIgniter->runController()
#12 C:\xampp\htdocs\Web Pengabdian\websitedesa\vendor\codeigniter4\framework\system\CodeIgniter.php(340): CodeIgniter\CodeIgniter->handleRequest()
#13 C:\xampp\htdocs\Web Pengabdian\websitedesa\public\index.php(67): CodeIgniter\CodeIgniter->run()
#14 C:\xampp\htdocs\Web Pengabdian\websitedesa\vendor\codeigniter4\framework\system\Commands\Server\rewrite.php(43): require_once('C:\\xampp\\htdocs...')
#15 {main}
CRITICAL - 2023-07-12 12:43:08 --> Duplicate entry 'kami-dari-gugus-2-sik-2' for key 'slug'
in SYSTEMPATH\Database\MySQLi\Connection.php on line 292.
 1 SYSTEMPATH\Database\MySQLi\Connection.php(292): mysqli->query()
 2 SYSTEMPATH\Database\BaseConnection.php(693): CodeIgniter\Database\MySQLi\Connection->execute()
 3 SYSTEMPATH\Database\BaseConnection.php(620): CodeIgniter\Database\BaseConnection->simpleQuery()
 4 SYSTEMPATH\Database\BaseBuilder.php(1916): CodeIgniter\Database\BaseConnection->query()
 5 SYSTEMPATH\Model.php(279): CodeIgniter\Database\BaseBuilder->insert()
 6 SYSTEMPATH\BaseModel.php(738): CodeIgniter\Model->doInsert()
 7 SYSTEMPATH\Model.php(667): CodeIgniter\BaseModel->insert()
 8 SYSTEMPATH\BaseModel.php(658): CodeIgniter\Model->insert()
 9 APPPATH\Models\PostsModel.php(39): CodeIgniter\BaseModel->save()
10 APPPATH\Controllers\Admin\Post.php(77): App\Models\PostsModel->insertPost()
11 SYSTEMPATH\CodeIgniter.php(907): App\Controllers\Admin\Post->tambahPost()
12 SYSTEMPATH\CodeIgniter.php(457): CodeIgniter\CodeIgniter->runController()
13 SYSTEMPATH\CodeIgniter.php(340): CodeIgniter\CodeIgniter->handleRequest()
14 FCPATH\index.php(67): CodeIgniter\CodeIgniter->run()
15 SYSTEMPATH\Commands\Server\rewrite.php(43): require_once('FCPATH\\index.php')
CRITICAL - 2023-07-12 13:12:01 --> explode(): Empty delimiter
in APPPATH\Models\PostsModel.php on line 54.
 1 [internal function]: CodeIgniter\Debug\Exceptions->errorHandler()
 2 APPPATH\Models\PostsModel.php(54): explode()
 3 APPPATH\Controllers\Admin\Post.php(24): App\Models\PostsModel->ListPosts()
 4 SYSTEMPATH\CodeIgniter.php(907): App\Controllers\Admin\Post->index()
 5 SYSTEMPATH\CodeIgniter.php(457): CodeIgniter\CodeIgniter->runController()
 6 SYSTEMPATH\CodeIgniter.php(340): CodeIgniter\CodeIgniter->handleRequest()
 7 FCPATH\index.php(67): CodeIgniter\CodeIgniter->run()
 8 SYSTEMPATH\Commands\Server\rewrite.php(43): require_once('FCPATH\\index.php')
CRITICAL - 2023-07-12 13:12:03 --> explode(): Empty delimiter
in APPPATH\Models\PostsModel.php on line 54.
 1 [internal function]: CodeIgniter\Debug\Exceptions->errorHandler()
 2 APPPATH\Models\PostsModel.php(54): explode()
 3 APPPATH\Controllers\Admin\Post.php(24): App\Models\PostsModel->ListPosts()
 4 SYSTEMPATH\CodeIgniter.php(907): App\Controllers\Admin\Post->index()
 5 SYSTEMPATH\CodeIgniter.php(457): CodeIgniter\CodeIgniter->runController()
 6 SYSTEMPATH\CodeIgniter.php(340): CodeIgniter\CodeIgniter->handleRequest()
 7 FCPATH\index.php(67): CodeIgniter\CodeIgniter->run()
 8 SYSTEMPATH\Commands\Server\rewrite.php(43): require_once('FCPATH\\index.php')
CRITICAL - 2023-07-12 13:12:14 --> Argument 2 passed to CodeIgniter\Database\BaseBuilder::orLike() must be of the type string, array given, called in C:\xampp\htdocs\Web Pengabdian\websitedesa\vendor\codeigniter4\framework\system\Model.php on line 772
in SYSTEMPATH\Database\BaseBuilder.php on line 980.
 1 SYSTEMPATH\Model.php(772): CodeIgniter\Database\BaseBuilder->orLike()
 2 APPPATH\Models\PostsModel.php(59): CodeIgniter\Model->__call()
 3 APPPATH\Controllers\Admin\Post.php(24): App\Models\PostsModel->ListPosts()
 4 SYSTEMPATH\CodeIgniter.php(907): App\Controllers\Admin\Post->index()
 5 SYSTEMPATH\CodeIgniter.php(457): CodeIgniter\CodeIgniter->runController()
 6 SYSTEMPATH\CodeIgniter.php(340): CodeIgniter\CodeIgniter->handleRequest()
 7 FCPATH\index.php(67): CodeIgniter\CodeIgniter->run()
 8 SYSTEMPATH\Commands\Server\rewrite.php(43): require_once('FCPATH\\index.php')
CRITICAL - 2023-07-12 13:12:51 --> Argument 2 passed to CodeIgniter\Database\BaseBuilder::orLike() must be of the type string, array given, called in C:\xampp\htdocs\Web Pengabdian\websitedesa\vendor\codeigniter4\framework\system\Model.php on line 772
in SYSTEMPATH\Database\BaseBuilder.php on line 980.
 1 SYSTEMPATH\Model.php(772): CodeIgniter\Database\BaseBuilder->orLike()
 2 APPPATH\Models\PostsModel.php(59): CodeIgniter\Model->__call()
 3 APPPATH\Controllers\Admin\Post.php(24): App\Models\PostsModel->ListPosts()
 4 SYSTEMPATH\CodeIgniter.php(907): App\Controllers\Admin\Post->index()
 5 SYSTEMPATH\CodeIgniter.php(457): CodeIgniter\CodeIgniter->runController()
 6 SYSTEMPATH\CodeIgniter.php(340): CodeIgniter\CodeIgniter->handleRequest()
 7 FCPATH\index.php(67): CodeIgniter\CodeIgniter->run()
 8 SYSTEMPATH\Commands\Server\rewrite.php(43): require_once('FCPATH\\index.php')
CRITICAL - 2023-07-12 13:13:15 --> Argument 2 passed to CodeIgniter\Database\BaseBuilder::orLike() must be of the type string, array given, called in C:\xampp\htdocs\Web Pengabdian\websitedesa\vendor\codeigniter4\framework\system\Model.php on line 772
in SYSTEMPATH\Database\BaseBuilder.php on line 980.
 1 SYSTEMPATH\Model.php(772): CodeIgniter\Database\BaseBuilder->orLike()
 2 APPPATH\Models\PostsModel.php(59): CodeIgniter\Model->__call()
 3 APPPATH\Controllers\Admin\Post.php(24): App\Models\PostsModel->ListPosts()
 4 SYSTEMPATH\CodeIgniter.php(907): App\Controllers\Admin\Post->index()
 5 SYSTEMPATH\CodeIgniter.php(457): CodeIgniter\CodeIgniter->runController()
 6 SYSTEMPATH\CodeIgniter.php(340): CodeIgniter\CodeIgniter->handleRequest()
 7 FCPATH\index.php(67): CodeIgniter\CodeIgniter->run()
 8 SYSTEMPATH\Commands\Server\rewrite.php(43): require_once('FCPATH\\index.php')
CRITICAL - 2023-07-12 16:53:24 --> Undefined variable: data
in APPPATH\Views\admin\v_dashboard_admin_posts.php on line 32.
 1 APPPATH\Views\admin\v_dashboard_admin_posts.php(32): CodeIgniter\Debug\Exceptions->errorHandler()
 2 SYSTEMPATH\View\View.php(213): include('APPPATH\\Views\\admin\\v_dashboard_admin_posts.php')
 3 SYSTEMPATH\View\View.php(216): CodeIgniter\View\View->CodeIgniter\View\{closure}()
 4 SYSTEMPATH\Common.php(1142): CodeIgniter\View\View->render()
 5 APPPATH\Controllers\Admin\Post.php(29): view()
 6 SYSTEMPATH\CodeIgniter.php(907): App\Controllers\Admin\Post->index()
 7 SYSTEMPATH\CodeIgniter.php(457): CodeIgniter\CodeIgniter->runController()
 8 SYSTEMPATH\CodeIgniter.php(340): CodeIgniter\CodeIgniter->handleRequest()
 9 FCPATH\index.php(67): CodeIgniter\CodeIgniter->run()
10 SYSTEMPATH\Commands\Server\rewrite.php(43): require_once('FCPATH\\index.php')
CRITICAL - 2023-07-12 16:53:43 --> Array to string conversion
in APPPATH\Views\admin\v_dashboard_admin_posts.php on line 35.
 1 APPPATH\Views\admin\v_dashboard_admin_posts.php(35): CodeIgniter\Debug\Exceptions->errorHandler()
 2 SYSTEMPATH\View\View.php(213): include('APPPATH\\Views\\admin\\v_dashboard_admin_posts.php')
 3 SYSTEMPATH\View\View.php(216): CodeIgniter\View\View->CodeIgniter\View\{closure}()
 4 SYSTEMPATH\Common.php(1142): CodeIgniter\View\View->render()
 5 APPPATH\Controllers\Admin\Post.php(29): view()
 6 SYSTEMPATH\CodeIgniter.php(907): App\Controllers\Admin\Post->index()
 7 SYSTEMPATH\CodeIgniter.php(457): CodeIgniter\CodeIgniter->runController()
 8 SYSTEMPATH\CodeIgniter.php(340): CodeIgniter\CodeIgniter->handleRequest()
 9 FCPATH\index.php(67): CodeIgniter\CodeIgniter->run()
10 SYSTEMPATH\Commands\Server\rewrite.php(43): require_once('FCPATH\\index.php')
CRITICAL - 2023-07-12 16:54:03 --> Undefined index: title_post
in APPPATH\Views\admin\v_dashboard_admin_posts.php on line 35.
 1 APPPATH\Views\admin\v_dashboard_admin_posts.php(35): CodeIgniter\Debug\Exceptions->errorHandler()
 2 SYSTEMPATH\View\View.php(213): include('APPPATH\\Views\\admin\\v_dashboard_admin_posts.php')
 3 SYSTEMPATH\View\View.php(216): CodeIgniter\View\View->CodeIgniter\View\{closure}()
 4 SYSTEMPATH\Common.php(1142): CodeIgniter\View\View->render()
 5 APPPATH\Controllers\Admin\Post.php(29): view()
 6 SYSTEMPATH\CodeIgniter.php(907): App\Controllers\Admin\Post->index()
 7 SYSTEMPATH\CodeIgniter.php(457): CodeIgniter\CodeIgniter->runController()
 8 SYSTEMPATH\CodeIgniter.php(340): CodeIgniter\CodeIgniter->handleRequest()
 9 FCPATH\index.php(67): CodeIgniter\CodeIgniter->run()
10 SYSTEMPATH\Commands\Server\rewrite.php(43): require_once('FCPATH\\index.php')
CRITICAL - 2023-07-12 16:57:31 --> Undefined index: pager
in APPPATH\Controllers\Admin\Post.php on line 25.
 1 APPPATH\Controllers\Admin\Post.php(25): CodeIgniter\Debug\Exceptions->errorHandler()
 2 SYSTEMPATH\CodeIgniter.php(907): App\Controllers\Admin\Post->index()
 3 SYSTEMPATH\CodeIgniter.php(457): CodeIgniter\CodeIgniter->runController()
 4 SYSTEMPATH\CodeIgniter.php(340): CodeIgniter\CodeIgniter->handleRequest()
 5 FCPATH\index.php(67): CodeIgniter\CodeIgniter->run()
 6 SYSTEMPATH\Commands\Server\rewrite.php(43): require_once('FCPATH\\index.php')
CRITICAL - 2023-07-12 16:57:38 --> Cannot use object of type mysqli as array
in APPPATH\Views\admin\v_dashboard_admin_posts.php on line 35.
 1 SYSTEMPATH\View\View.php(213): include()
 2 SYSTEMPATH\View\View.php(216): CodeIgniter\View\View->CodeIgniter\View\{closure}()
 3 SYSTEMPATH\Common.php(1142): CodeIgniter\View\View->render()
 4 APPPATH\Controllers\Admin\Post.php(26): view()
 5 SYSTEMPATH\CodeIgniter.php(907): App\Controllers\Admin\Post->index()
 6 SYSTEMPATH\CodeIgniter.php(457): CodeIgniter\CodeIgniter->runController()
 7 SYSTEMPATH\CodeIgniter.php(340): CodeIgniter\CodeIgniter->handleRequest()
 8 FCPATH\index.php(67): CodeIgniter\CodeIgniter->run()
 9 SYSTEMPATH\Commands\Server\rewrite.php(43): require_once('FCPATH\\index.php')
CRITICAL - 2023-07-12 16:59:25 --> Illegal string offset 'post_title'
in APPPATH\Views\admin\v_dashboard_admin_posts.php on line 35.
 1 APPPATH\Views\admin\v_dashboard_admin_posts.php(35): CodeIgniter\Debug\Exceptions->errorHandler()
 2 SYSTEMPATH\View\View.php(213): include('APPPATH\\Views\\admin\\v_dashboard_admin_posts.php')
 3 SYSTEMPATH\View\View.php(216): CodeIgniter\View\View->CodeIgniter\View\{closure}()
 4 SYSTEMPATH\Common.php(1142): CodeIgniter\View\View->render()
 5 APPPATH\Controllers\Admin\Post.php(26): view()
 6 SYSTEMPATH\CodeIgniter.php(907): App\Controllers\Admin\Post->index()
 7 SYSTEMPATH\CodeIgniter.php(457): CodeIgniter\CodeIgniter->runController()
 8 SYSTEMPATH\CodeIgniter.php(340): CodeIgniter\CodeIgniter->handleRequest()
 9 FCPATH\index.php(67): CodeIgniter\CodeIgniter->run()
10 SYSTEMPATH\Commands\Server\rewrite.php(43): require_once('FCPATH\\index.php')
CRITICAL - 2023-07-12 17:00:47 --> Illegal string offset 'post_title'
in APPPATH\Views\admin\v_dashboard_admin_posts.php on line 35.
 1 APPPATH\Views\admin\v_dashboard_admin_posts.php(35): CodeIgniter\Debug\Exceptions->errorHandler()
 2 SYSTEMPATH\View\View.php(213): include('APPPATH\\Views\\admin\\v_dashboard_admin_posts.php')
 3 SYSTEMPATH\View\View.php(216): CodeIgniter\View\View->CodeIgniter\View\{closure}()
 4 SYSTEMPATH\Common.php(1142): CodeIgniter\View\View->render()
 5 APPPATH\Controllers\Admin\Post.php(26): view()
 6 SYSTEMPATH\CodeIgniter.php(907): App\Controllers\Admin\Post->index()
 7 SYSTEMPATH\CodeIgniter.php(457): CodeIgniter\CodeIgniter->runController()
 8 SYSTEMPATH\CodeIgniter.php(340): CodeIgniter\CodeIgniter->handleRequest()
 9 FCPATH\index.php(67): CodeIgniter\CodeIgniter->run()
10 SYSTEMPATH\Commands\Server\rewrite.php(43): require_once('FCPATH\\index.php')
CRITICAL - 2023-07-12 17:04:26 --> Cannot use object of type stdClass as array
in APPPATH\Views\admin\v_dashboard_admin_posts.php on line 35.
 1 SYSTEMPATH\View\View.php(213): include()
 2 SYSTEMPATH\View\View.php(216): CodeIgniter\View\View->CodeIgniter\View\{closure}()
 3 SYSTEMPATH\Common.php(1142): CodeIgniter\View\View->render()
 4 APPPATH\Controllers\Admin\Post.php(26): view()
 5 SYSTEMPATH\CodeIgniter.php(907): App\Controllers\Admin\Post->index()
 6 SYSTEMPATH\CodeIgniter.php(457): CodeIgniter\CodeIgniter->runController()
 7 SYSTEMPATH\CodeIgniter.php(340): CodeIgniter\CodeIgniter->handleRequest()
 8 FCPATH\index.php(67): CodeIgniter\CodeIgniter->run()
 9 SYSTEMPATH\Commands\Server\rewrite.php(43): require_once('FCPATH\\index.php')
CRITICAL - 2023-07-12 17:38:30 --> Call to undefined method CodeIgniter\Database\MySQLi\Result::get()
in APPPATH\Models\PostsModel.php on line 71.
 1 APPPATH\Controllers\Admin\Post.php(22): App\Models\PostsModel->ListPosts()
 2 SYSTEMPATH\CodeIgniter.php(907): App\Controllers\Admin\Post->index()
 3 SYSTEMPATH\CodeIgniter.php(457): CodeIgniter\CodeIgniter->runController()
 4 SYSTEMPATH\CodeIgniter.php(340): CodeIgniter\CodeIgniter->handleRequest()
 5 FCPATH\index.php(67): CodeIgniter\CodeIgniter->run()
 6 SYSTEMPATH\Commands\Server\rewrite.php(43): require_once('FCPATH\\index.php')
